#  step      rmse_val    rmse_trn    rmse_e_val  rmse_e_trn    rmse_f_val  rmse_f_trn         lr
      0      4.43e+01    3.46e+01      4.25e-01    4.10e-01      1.40e+00    1.09e+00    1.0e-03
    100      2.51e+01    2.21e+01      2.64e-02    1.10e-01      7.95e-01    6.97e-01    1.0e-03
    200      1.73e+01    1.68e+01      9.06e-02    1.06e-01      5.48e-01    5.31e-01    1.0e-03
    300      1.67e+01    1.57e+01      1.38e-01    8.72e-02      5.29e-01    4.97e-01    1.0e-03
    400      1.64e+01    1.47e+01      2.20e-01    1.48e-01      5.17e-01    4.63e-01    1.0e-03
    500      1.49e+01    1.43e+01      1.21e-01    1.20e-01      4.70e-01    4.51e-01    1.0e-03
    600      1.52e+01    1.45e+01      9.33e-02    9.28e-04      4.82e-01    4.58e-01    1.0e-03
    700      1.69e+01    1.29e+01      3.14e-02    3.70e-02      5.34e-01    4.09e-01    1.0e-03
    800      1.28e+01    1.32e+01      2.05e-02    2.00e-02      4.05e-01    4.18e-01    1.0e-03
    900      1.35e+01    1.36e+01      3.28e-02    2.95e-02      4.28e-01    4.31e-01    1.0e-03
   1000      1.44e+01    1.28e+01      1.07e-01    6.82e-02      4.55e-01    4.03e-01    1.0e-03
   1100      1.35e+01    1.12e+01      5.71e-03    4.64e-02      4.27e-01    3.55e-01    1.0e-03
   1200      1.15e+01    1.25e+01      1.98e-02    1.32e-02      3.63e-01    3.95e-01    1.0e-03
   1300      1.14e+01    1.24e+01      5.40e-03    4.44e-03      3.60e-01    3.93e-01    1.0e-03
   1400      1.21e+01    1.22e+01      2.58e-02    3.26e-02      3.83e-01    3.85e-01    1.0e-03
   1500      1.21e+01    1.11e+01      1.72e-03    8.77e-03      3.81e-01    3.52e-01    1.0e-03
   1600      1.09e+01    1.07e+01      5.90e-02    5.75e-02      3.46e-01    3.37e-01    1.0e-03
   1700      1.16e+01    1.18e+01      1.73e-02    2.06e-02      3.65e-01    3.75e-01    1.0e-03
   1800      1.17e+01    1.10e+01      1.68e-02    1.71e-02      3.70e-01    3.48e-01    1.0e-03
   1900      1.26e+01    1.20e+01      1.07e-01    6.03e-02      4.00e-01    3.78e-01    1.0e-03
   2000      1.27e+01    1.20e+01      1.30e-01    1.09e-01      4.00e-01    3.80e-01    1.0e-03
   2100      1.09e+01    1.03e+01      1.40e-02    1.64e-02      3.46e-01    3.27e-01    1.0e-03
   2200      1.05e+01    1.02e+01      3.87e-02    4.18e-02      3.32e-01    3.23e-01    1.0e-03
   2300      1.12e+01    1.15e+01      4.62e-02    3.17e-02      3.54e-01    3.65e-01    1.0e-03
   2400      1.15e+01    1.03e+01      1.45e-02    4.09e-02      3.63e-01    3.25e-01    1.0e-03
   2500      1.17e+01    1.15e+01      8.94e-02    9.50e-02      3.68e-01    3.62e-01    1.0e-03
   2600      1.16e+01    9.91e+00      3.20e-02    2.64e-03      3.68e-01    3.14e-01    1.0e-03
   2700      1.20e+01    1.11e+01      7.49e-02    6.63e-02      3.81e-01    3.52e-01    1.0e-03
   2800      1.08e+01    1.14e+01      3.63e-02    5.26e-02      3.40e-01    3.60e-01    1.0e-03
   2900      1.03e+01    1.10e+01      3.80e-02    4.33e-02      3.26e-01    3.46e-01    1.0e-03
   3000      1.19e+01    1.02e+01      3.90e-03    3.23e-02      3.77e-01    3.23e-01    1.0e-03
   3100      1.11e+01    1.09e+01      3.23e-02    3.74e-02      3.51e-01    3.44e-01    1.0e-03
   3200      1.03e+01    1.02e+01      4.52e-03    2.61e-03      3.25e-01    3.23e-01    1.0e-03
   3300      1.18e+01    1.02e+01      1.01e-01    9.80e-02      3.72e-01    3.24e-01    1.0e-03
   3400      1.02e+01    9.83e+00      3.27e-03    1.54e-03      3.23e-01    3.11e-01    1.0e-03
   3500      1.03e+01    1.10e+01      6.49e-03    1.62e-02      3.26e-01    3.49e-01    1.0e-03
   3600      1.07e+01    1.09e+01      5.00e-02    4.82e-02      3.38e-01    3.45e-01    1.0e-03
   3700      1.12e+01    1.09e+01      4.61e-02    4.35e-02      3.53e-01    3.46e-01    1.0e-03
   3800      1.01e+01    1.10e+01      4.91e-02    3.95e-02      3.19e-01    3.48e-01    1.0e-03
   3900      1.02e+01    1.08e+01      1.00e-02    9.85e-03      3.22e-01    3.41e-01    1.0e-03
   4000      1.01e+01    9.90e+00      2.00e-02    1.86e-02      3.19e-01    3.13e-01    1.0e-03
   4100      9.96e+00    9.75e+00      3.94e-03    2.60e-03      3.15e-01    3.08e-01    1.0e-03
   4200      1.06e+01    9.66e+00      2.68e-03    7.29e-03      3.36e-01    3.05e-01    1.0e-03
   4300      1.05e+01    1.11e+01      5.55e-02    5.45e-02      3.33e-01    3.52e-01    1.0e-03
   4400      1.07e+01    1.09e+01      2.52e-03    4.10e-03      3.40e-01    3.46e-01    1.0e-03
   4500      1.06e+01    1.07e+01      3.11e-02    3.47e-02      3.36e-01    3.40e-01    1.0e-03
   4600      1.07e+01    9.73e+00      4.33e-03    1.73e-02      3.39e-01    3.08e-01    1.0e-03
   4700      9.89e+00    1.07e+01      3.64e-02    1.66e-02      3.13e-01    3.38e-01    1.0e-03
   4800      9.93e+00    1.07e+01      2.97e-03    1.67e-02      3.14e-01    3.38e-01    1.0e-03
   4900      9.96e+00    1.07e+01      3.00e-02    3.72e-02      3.15e-01    3.38e-01    1.0e-03
   5000      7.70e+00    8.18e+00      3.75e-02    3.27e-02      3.13e-01    3.33e-01    6.0e-04
   5100      8.90e+00    7.28e+00      9.37e-05    2.42e-02      3.64e-01    2.97e-01    6.0e-04
   5200      7.49e+00    8.09e+00      8.23e-03    1.61e-02      3.06e-01    3.30e-01    6.0e-04
   5300      8.68e+00    7.15e+00      4.84e-03    2.00e-02      3.55e-01    2.91e-01    6.0e-04
   5400      8.25e+00    8.27e+00      3.72e-02    3.46e-02      3.36e-01    3.37e-01    6.0e-04
   5500      7.49e+00    7.87e+00      1.07e-02    1.92e-03      3.06e-01    3.22e-01    6.0e-04
   5600      7.97e+00    8.17e+00      9.91e-04    1.96e-03      3.26e-01    3.34e-01    6.0e-04
   5700      8.36e+00    7.55e+00      4.99e-02    3.07e-02      3.39e-01    3.08e-01    6.0e-04
   5800      8.23e+00    7.12e+00      1.33e-02    1.28e-02      3.36e-01    2.91e-01    6.0e-04
   5900      8.15e+00    7.17e+00      2.31e-02    3.55e-02      3.32e-01    2.91e-01    6.0e-04
   6000      7.84e+00    7.48e+00      1.00e-01    1.02e-01      3.09e-01    2.94e-01    6.0e-04
   6100      7.53e+00    8.29e+00      3.60e-03    1.33e-02      3.08e-01    3.38e-01    6.0e-04
   6200      8.27e+00    7.14e+00      3.57e-03    1.80e-02      3.38e-01    2.91e-01    6.0e-04
   6300      7.57e+00    7.46e+00      2.32e-02    2.41e-02      3.09e-01    3.04e-01    6.0e-04
   6400      8.20e+00    8.13e+00      4.75e-02    4.29e-02      3.33e-01    3.30e-01    6.0e-04
   6500      7.57e+00    8.30e+00      5.65e-02    4.83e-02      3.06e-01    3.37e-01    6.0e-04
   6600      8.01e+00    7.52e+00      3.48e-02    3.32e-02      3.26e-01    3.06e-01    6.0e-04
   6700      8.28e+00    8.16e+00      1.53e-02    1.42e-02      3.38e-01    3.33e-01    6.0e-04
   6800      7.36e+00    7.25e+00      2.26e-02    2.49e-02      3.00e-01    2.96e-01    6.0e-04
   6900      7.58e+00    8.22e+00      6.83e-03    5.19e-03      3.10e-01    3.36e-01    6.0e-04
   7000      7.52e+00    7.40e+00      1.69e-02    1.47e-02      3.07e-01    3.02e-01    6.0e-04
   7100      7.46e+00    7.54e+00      1.25e-04    2.53e-04      3.05e-01    3.08e-01    6.0e-04
   7200      7.53e+00    8.20e+00      1.65e-03    5.07e-03      3.08e-01    3.35e-01    6.0e-04
   7300      8.21e+00    7.80e+00      3.85e-02    4.50e-02      3.34e-01    3.16e-01    6.0e-04
   7400      8.27e+00    8.15e+00      2.13e-02    6.60e-03      3.37e-01    3.33e-01    6.0e-04
   7500      8.07e+00    7.18e+00      5.32e-02    3.67e-02      3.27e-01    2.92e-01    6.0e-04
   7600      7.94e+00    8.00e+00      2.22e-02    2.45e-02      3.24e-01    3.26e-01    6.0e-04
   7700      7.63e+00    8.13e+00      1.27e-02    1.37e-02      3.12e-01    3.32e-01    6.0e-04
   7800      7.69e+00    8.05e+00      4.18e-02    1.80e-02      3.12e-01    3.29e-01    6.0e-04
   7900      7.48e+00    8.19e+00      3.43e-02    3.09e-02      3.04e-01    3.34e-01    6.0e-04
   8000      7.72e+00    7.66e+00      3.45e-02    8.42e-03      3.14e-01    3.13e-01    6.0e-04
   8100      7.55e+00    7.27e+00      1.25e-02    1.16e-02      3.08e-01    2.97e-01    6.0e-04
   8200      7.45e+00    7.02e+00      3.53e-02    3.73e-02      3.03e-01    2.85e-01    6.0e-04
   8300      8.59e+00    7.10e+00      1.52e-02    1.14e-02      3.50e-01    2.90e-01    6.0e-04
   8400      7.61e+00    7.67e+00      2.14e-02    3.20e-02      3.10e-01    3.12e-01    6.0e-04
   8500      7.27e+00    7.10e+00      1.70e-03    3.05e-03      2.97e-01    2.90e-01    6.0e-04
   8600      8.10e+00    8.12e+00      5.54e-02    4.85e-02      3.28e-01    3.29e-01    6.0e-04
   8700      7.73e+00    8.36e+00      7.20e-02    6.20e-02      3.10e-01    3.38e-01    6.0e-04
   8800      7.69e+00    7.89e+00      1.18e-03    1.13e-03      3.14e-01    3.22e-01    6.0e-04
   8900      7.33e+00    7.21e+00      2.15e-03    1.11e-02      2.99e-01    2.94e-01    6.0e-04
   9000      8.99e+00    7.64e+00      9.69e-02    5.14e-02      3.58e-01    3.09e-01    6.0e-04
   9100      7.50e+00    7.92e+00      1.06e-02    1.62e-02      3.06e-01    3.23e-01    6.0e-04
   9200      7.32e+00    8.05e+00      8.57e-03    8.49e-03      2.99e-01    3.29e-01    6.0e-04
   9300      7.39e+00    7.63e+00      4.94e-04    1.74e-02      3.02e-01    3.11e-01    6.0e-04
   9400      7.93e+00    8.21e+00      8.49e-03    1.17e-02      3.24e-01    3.35e-01    6.0e-04
   9500      7.50e+00    7.93e+00      2.37e-02    2.61e-02      3.06e-01    3.23e-01    6.0e-04
   9600      7.92e+00    7.85e+00      1.06e-02    1.03e-02      3.23e-01    3.21e-01    6.0e-04
   9700      8.50e+00    8.06e+00      2.04e-02    4.06e-03      3.47e-01    3.29e-01    6.0e-04
   9800      8.17e+00    7.27e+00      5.80e-02    2.85e-02      3.31e-01    2.96e-01    6.0e-04
   9900      7.61e+00    8.17e+00      8.45e-02    7.88e-02      3.03e-01    3.28e-01    6.0e-04
  10000      5.68e+00    5.40e+00      5.01e-03    2.51e-03      3.00e-01    2.85e-01    3.6e-04
  10100      5.81e+00    6.20e+00      1.64e-02    1.17e-02      3.06e-01    3.27e-01    3.6e-04
  10200      6.65e+00    5.54e+00      2.72e-02    2.12e-03      3.49e-01    2.92e-01    3.6e-04
  10300      6.69e+00    6.10e+00      2.21e-02    2.41e-03      3.52e-01    3.22e-01    3.6e-04
  10400      5.64e+00    5.96e+00      5.79e-03    8.58e-03      2.98e-01    3.14e-01    3.6e-04
  10500      5.77e+00    5.53e+00      6.00e-03    4.20e-03      3.04e-01    2.92e-01    3.6e-04
  10600      6.14e+00    5.46e+00      6.08e-03    2.39e-03      3.24e-01    2.88e-01    3.6e-04
  10700      6.33e+00    6.26e+00      3.51e-02    3.32e-02      3.31e-01    3.28e-01    3.6e-04
  10800      6.05e+00    5.72e+00      1.95e-02    2.87e-02      3.18e-01    3.00e-01    3.6e-04
  10900      6.59e+00    6.15e+00      2.01e-02    3.59e-04      3.46e-01    3.25e-01    3.6e-04
  11000      6.51e+00    6.18e+00      2.07e-02    1.05e-02      3.43e-01    3.26e-01    3.6e-04
  11100      5.67e+00    6.19e+00      1.78e-02    8.12e-03      2.98e-01    3.26e-01    3.6e-04
  11200      6.37e+00    6.38e+00      1.96e-02    4.16e-02      3.35e-01    3.32e-01    3.6e-04
  11300      5.95e+00    6.17e+00      1.87e-02    1.66e-02      3.13e-01    3.25e-01    3.6e-04
  11400      6.08e+00    5.47e+00      1.19e-02    7.57e-03      3.20e-01    2.89e-01    3.6e-04
  11500      6.19e+00    5.99e+00      8.74e-04    3.69e-03      3.26e-01    3.16e-01    3.6e-04
  11600      6.08e+00    6.13e+00      2.27e-03    1.19e-03      3.21e-01    3.23e-01    3.6e-04
  11700      6.01e+00    6.34e+00      2.00e-02    2.16e-02      3.16e-01    3.34e-01    3.6e-04
  11800      6.09e+00    5.36e+00      1.16e-02    2.07e-03      3.21e-01    2.83e-01    3.6e-04
  11900      6.14e+00    6.02e+00      4.22e-03    9.34e-04      3.24e-01    3.18e-01    3.6e-04
  12000      5.67e+00    5.50e+00      3.04e-03    1.82e-03      2.99e-01    2.90e-01    3.6e-04
  12100      6.68e+00    5.45e+00      3.61e-02    1.11e-02      3.49e-01    2.87e-01    3.6e-04
  12200      5.71e+00    5.40e+00      3.76e-03    1.64e-03      3.01e-01    2.85e-01    3.6e-04
  12300      5.66e+00    5.52e+00      8.75e-03    9.56e-03      2.98e-01    2.91e-01    3.6e-04
  12400      6.22e+00    5.44e+00      3.79e-02    3.03e-02      3.25e-01    2.84e-01    3.6e-04
  12500      6.66e+00    6.18e+00      2.43e-02    3.79e-03      3.50e-01    3.26e-01    3.6e-04
  12600      5.78e+00    5.53e+00      3.49e-02    3.47e-02      3.01e-01    2.88e-01    3.6e-04
  12700      5.96e+00    5.48e+00      4.24e-03    2.70e-02      3.14e-01    2.87e-01    3.6e-04
  12800      5.93e+00    6.11e+00      1.47e-02    1.35e-02      3.12e-01    3.22e-01    3.6e-04
  12900      6.21e+00    6.09e+00      1.63e-02    1.23e-02      3.27e-01    3.21e-01    3.6e-04
  13000      6.18e+00    6.09e+00      4.17e-02    1.81e-02      3.21e-01    3.21e-01    3.6e-04
  13100      5.94e+00    5.32e+00      2.88e-03    6.63e-03      3.14e-01    2.81e-01    3.6e-04
  13200      6.59e+00    5.53e+00      4.48e-02    1.67e-02      3.42e-01    2.91e-01    3.6e-04
  13300      6.04e+00    5.56e+00      2.99e-02    3.63e-02      3.16e-01    2.90e-01    3.6e-04
  13400      6.01e+00    5.67e+00      7.27e-03    1.42e-02      3.17e-01    2.99e-01    3.6e-04
  13500      6.68e+00    5.35e+00      1.06e-02    1.25e-02      3.52e-01    2.82e-01    3.6e-04
  13600      6.01e+00    5.92e+00      9.03e-03    1.12e-02      3.17e-01    3.12e-01    3.6e-04
  13700      6.02e+00    6.09e+00      6.81e-03    9.87e-03      3.18e-01    3.21e-01    3.6e-04
  13800      5.96e+00    5.45e+00      2.08e-03    5.23e-03      3.15e-01    2.87e-01    3.6e-04
  13900      6.70e+00    6.10e+00      5.58e-02    2.03e-02      3.45e-01    3.21e-01    3.6e-04
  14000      5.99e+00    5.40e+00      1.31e-02    3.23e-02      3.16e-01    2.82e-01    3.6e-04
  14100      5.92e+00    5.77e+00      1.22e-02    1.19e-02      3.12e-01    3.04e-01    3.6e-04
  14200      6.55e+00    5.44e+00      3.26e-02    3.05e-03      3.43e-01    2.87e-01    3.6e-04
  14300      5.60e+00    6.08e+00      1.39e-02    1.21e-02      2.95e-01    3.21e-01    3.6e-04
  14400      5.88e+00    5.40e+00      6.50e-03    9.96e-03      3.10e-01    2.85e-01    3.6e-04
  14500      5.76e+00    5.97e+00      6.53e-03    8.48e-04      3.04e-01    3.15e-01    3.6e-04
  14600      5.78e+00    6.08e+00      5.78e-03    1.84e-03      3.05e-01    3.21e-01    3.6e-04
  14700      6.18e+00    5.43e+00      2.80e-02    9.06e-03      3.24e-01    2.86e-01    3.6e-04
  14800      5.53e+00    6.02e+00      4.94e-03    5.35e-03      2.92e-01    3.18e-01    3.6e-04
  14900      5.93e+00    5.60e+00      1.02e-02    1.57e-02      3.13e-01    2.95e-01    3.6e-04
  15000      5.05e+00    4.97e+00      8.93e-02    8.86e-02      2.99e-01    2.93e-01    2.1e-04
  15100      4.72e+00    4.73e+00      8.04e-03    8.06e-03      3.21e-01    3.22e-01    2.1e-04
  15200      4.44e+00    4.70e+00      1.35e-02    1.96e-02      3.01e-01    3.18e-01    2.1e-04
  15300      4.45e+00    4.09e+00      3.57e-03    1.79e-03      3.03e-01    2.79e-01    2.1e-04
  15400      4.33e+00    4.70e+00      1.11e-02    5.96e-03      2.94e-01    3.20e-01    2.1e-04
  15500      4.78e+00    4.71e+00      8.56e-03    8.74e-03      3.25e-01    3.20e-01    2.1e-04
  15600      4.31e+00    4.68e+00      2.42e-03    1.32e-03      2.94e-01    3.19e-01    2.1e-04
  15700      4.78e+00    4.18e+00      3.93e-02    3.25e-02      3.17e-01    2.78e-01    2.1e-04
  15800      4.41e+00    4.20e+00      1.59e-02    1.37e-02      2.99e-01    2.85e-01    2.1e-04
  15900      4.51e+00    4.77e+00      3.60e-02    3.10e-02      3.00e-01    3.20e-01    2.1e-04
  16000      4.28e+00    4.24e+00      4.43e-04    5.38e-03      2.91e-01    2.88e-01    2.1e-04
  16100      4.45e+00    4.50e+00      5.13e-03    9.00e-03      3.03e-01    3.06e-01    2.1e-04
  16200      4.48e+00    4.16e+00      1.84e-02    1.70e-02      3.04e-01    2.81e-01    2.1e-04
  16300      5.14e+00    4.60e+00      4.41e-02    4.43e-03      3.40e-01    3.13e-01    2.1e-04
  16400      4.39e+00    4.67e+00      9.10e-03    1.43e-02      2.98e-01    3.17e-01    2.1e-04
  16500      4.34e+00    4.22e+00      2.68e-02    2.83e-02      2.91e-01    2.82e-01    2.1e-04
  16600      4.59e+00    4.29e+00      4.64e-03    9.91e-03      3.13e-01    2.92e-01    2.1e-04
  16700      5.11e+00    4.22e+00      2.32e-02    1.98e-03      3.46e-01    2.87e-01    2.1e-04
  16800      4.72e+00    4.50e+00      2.41e-03    4.27e-03      3.22e-01    3.07e-01    2.1e-04
  16900      4.82e+00    4.26e+00      2.24e-02    1.80e-02      3.26e-01    2.88e-01    2.1e-04
  17000      5.08e+00    4.17e+00      2.69e-02    1.40e-03      3.42e-01    2.84e-01    2.1e-04
  17100      4.28e+00    4.17e+00      3.47e-03    3.87e-03      2.91e-01    2.84e-01    2.1e-04
  17200      4.36e+00    4.24e+00      9.86e-03    6.17e-03      2.97e-01    2.89e-01    2.1e-04
  17300      5.11e+00    4.14e+00      1.87e-02    7.97e-03      3.46e-01    2.82e-01    2.1e-04
  17400      4.58e+00    4.63e+00      1.27e-02    1.15e-02      3.11e-01    3.15e-01    2.1e-04
  17500      4.57e+00    4.66e+00      2.74e-02    1.06e-02      3.07e-01    3.17e-01    2.1e-04
  17600      5.02e+00    4.57e+00      2.61e-02    1.06e-03      3.38e-01    3.11e-01    2.1e-04
  17700      4.75e+00    4.34e+00      4.67e-03    5.92e-03      3.24e-01    2.96e-01    2.1e-04
  17800      4.57e+00    4.72e+00      4.90e-02    2.50e-02      2.97e-01    3.18e-01    2.1e-04
  17900      4.42e+00    4.66e+00      1.55e-02    1.00e-02      2.99e-01    3.17e-01    2.1e-04
  18000      4.58e+00    4.58e+00      8.91e-03    1.25e-02      3.12e-01    3.11e-01    2.1e-04
  18100      4.43e+00    4.70e+00      4.65e-03    2.35e-03      3.02e-01    3.20e-01    2.1e-04
  18200      4.46e+00    4.70e+00      2.94e-02    2.10e-02      2.99e-01    3.17e-01    2.1e-04
  18300      4.95e+00    4.32e+00      1.96e-02    1.27e-02      3.35e-01    2.93e-01    2.1e-04
  18400      4.71e+00    4.63e+00      1.12e-02    1.15e-02      3.20e-01    3.15e-01    2.1e-04
  18500      5.03e+00    4.27e+00      1.29e-02    1.16e-02      3.42e-01    2.90e-01    2.1e-04
  18600      4.36e+00    4.30e+00      2.85e-02    2.62e-02      2.92e-01    2.89e-01    2.1e-04
  18700      4.57e+00    4.65e+00      1.55e-03    3.45e-03      3.11e-01    3.17e-01    2.1e-04
  18800      4.30e+00    4.59e+00      1.39e-03    3.83e-03      2.93e-01    3.12e-01    2.1e-04
  18900      4.79e+00    4.67e+00      1.64e-02    1.89e-02      3.25e-01    3.16e-01    2.1e-04
  19000      5.12e+00    4.84e+00      2.78e-02    3.42e-02      3.45e-01    3.23e-01    2.1e-04
  19100      4.73e+00    4.65e+00      1.90e-03    1.37e-03      3.22e-01    3.17e-01    2.1e-04
  19200      5.08e+00    4.68e+00      2.67e-02    3.13e-03      3.42e-01    3.19e-01    2.1e-04
  19300      4.99e+00    4.57e+00      2.40e-02    3.26e-03      3.37e-01    3.11e-01    2.1e-04
  19400      4.58e+00    4.24e+00      1.51e-02    6.10e-03      3.10e-01    2.88e-01    2.1e-04
  19500      4.59e+00    4.03e+00      1.19e-02    7.78e-03      3.12e-01    2.74e-01    2.1e-04
  19600      4.64e+00    4.66e+00      2.05e-02    2.26e-02      3.13e-01    3.15e-01    2.1e-04
  19700      4.53e+00    4.69e+00      4.29e-02    2.35e-02      2.98e-01    3.17e-01    2.1e-04
  19800      4.38e+00    4.19e+00      2.93e-02    2.72e-02      2.93e-01    2.80e-01    2.1e-04
  19900      4.56e+00    4.18e+00      7.88e-03    1.38e-03      3.10e-01    2.85e-01    2.1e-04
  20000      3.89e+00    3.24e+00      1.86e-02    3.75e-03      3.38e-01    2.85e-01    1.3e-04
  20100      3.31e+00    3.32e+00      7.12e-03    1.22e-02      2.90e-01    2.90e-01    1.3e-04
  20200      3.53e+00    3.50e+00      8.73e-04    1.90e-03      3.11e-01    3.07e-01    1.3e-04
  20300      3.56e+00    3.62e+00      1.36e-02    1.02e-02      3.11e-01    3.17e-01    1.3e-04
  20400      3.38e+00    3.13e+00      5.89e-03    4.59e-03      2.97e-01    2.74e-01    1.3e-04
  20500      3.58e+00    3.26e+00      2.23e-02    1.14e-02      3.10e-01    2.85e-01    1.3e-04
  20600      3.46e+00    3.16e+00      6.10e-04    3.87e-03      3.04e-01    2.77e-01    1.3e-04
  20700      3.50e+00    3.58e+00      2.25e-03    4.44e-03      3.08e-01    3.15e-01    1.3e-04
  20800      3.93e+00    3.59e+00      8.49e-03    1.75e-02      3.45e-01    3.13e-01    1.3e-04
  20900      3.92e+00    3.57e+00      2.55e-02    8.78e-04      3.38e-01    3.14e-01    1.3e-04
  21000      3.49e+00    3.20e+00      2.08e-03    4.41e-03      3.07e-01    2.81e-01    1.3e-04
  21100      3.65e+00    3.62e+00      3.92e-04    5.25e-03      3.21e-01    3.18e-01    1.3e-04
  21200      3.45e+00    3.53e+00      1.49e-03    5.70e-04      3.04e-01    3.10e-01    1.3e-04
  21300      3.36e+00    3.23e+00      1.58e-02    1.87e-02      2.93e-01    2.80e-01    1.3e-04
  21400      3.46e+00    3.23e+00      4.72e-03    1.85e-03      3.04e-01    2.84e-01    1.3e-04
  21500      3.57e+00    3.66e+00      1.25e-02    9.52e-03      3.12e-01    3.21e-01    1.3e-04
  21600      3.87e+00    3.43e+00      7.39e-03    1.20e-02      3.40e-01    3.00e-01    1.3e-04
  21700      3.49e+00    3.21e+00      5.05e-04    7.52e-03      3.07e-01    2.81e-01    1.3e-04
  21800      3.95e+00    3.52e+00      2.93e-02    1.66e-03      3.39e-01    3.10e-01    1.3e-04
  21900      3.56e+00    3.28e+00      9.96e-03    7.52e-04      3.12e-01    2.88e-01    1.3e-04
  22000      3.89e+00    3.14e+00      2.56e-02    4.61e-04      3.36e-01    2.76e-01    1.3e-04
  22100      3.29e+00    3.20e+00      1.21e-02    9.60e-03      2.88e-01    2.80e-01    1.3e-04
  22200      3.87e+00    3.17e+00      2.42e-02    1.08e-03      3.34e-01    2.78e-01    1.3e-04
  22300      3.37e+00    3.36e+00      1.51e-02    1.73e-02      2.94e-01    2.92e-01    1.3e-04
  22400      3.37e+00    3.63e+00      3.18e-03    1.53e-03      2.96e-01    3.19e-01    1.3e-04
  22500      3.66e+00    3.57e+00      6.24e-04    2.04e-03      3.22e-01    3.13e-01    1.3e-04
  22600      3.54e+00    3.51e+00      8.64e-03    5.63e-03      3.11e-01    3.08e-01    1.3e-04
  22700      3.57e+00    3.58e+00      1.91e-02    2.17e-02      3.10e-01    3.10e-01    1.3e-04
  22800      3.62e+00    3.33e+00      2.82e-02    2.56e-02      3.11e-01    2.85e-01    1.3e-04
  22900      3.96e+00    3.18e+00      4.06e-02    1.79e-02      3.32e-01    2.76e-01    1.3e-04
  23000      3.87e+00    3.16e+00      2.54e-02    1.09e-03      3.34e-01    2.78e-01    1.3e-04
  23100      3.90e+00    3.30e+00      2.23e-02    3.12e-03      3.38e-01    2.90e-01    1.3e-04
  23200      3.67e+00    3.17e+00      2.41e-02    1.24e-02      3.17e-01    2.77e-01    1.3e-04
  23300      3.50e+00    3.46e+00      1.92e-02    1.28e-02      3.04e-01    3.02e-01    1.3e-04
  23400      3.37e+00    3.54e+00      1.45e-02    1.07e-02      2.94e-01    3.10e-01    1.3e-04
  23500      3.52e+00    3.67e+00      1.55e-02    1.79e-02      3.07e-01    3.19e-01    1.3e-04
  23600      3.29e+00    3.59e+00      1.27e-03    8.36e-03      2.89e-01    3.15e-01    1.3e-04
  23700      3.81e+00    3.77e+00      4.00e-02    4.34e-02      3.19e-01    3.13e-01    1.3e-04
  23800      3.99e+00    3.57e+00      3.77e-02    1.69e-02      3.36e-01    3.11e-01    1.3e-04
  23900      3.44e+00    3.16e+00      8.32e-04    3.41e-03      3.02e-01    2.78e-01    1.3e-04
  24000      3.54e+00    3.54e+00      8.02e-03    1.06e-02      3.11e-01    3.10e-01    1.3e-04
  24100      3.70e+00    3.18e+00      8.87e-03    7.26e-03      3.25e-01    2.79e-01    1.3e-04
  24200      3.63e+00    3.17e+00      5.28e-03    1.60e-03      3.18e-01    2.79e-01    1.3e-04
  24300      3.66e+00    3.29e+00      8.94e-03    3.01e-03      3.21e-01    2.89e-01    1.3e-04
  24400      3.38e+00    3.48e+00      5.86e-03    1.19e-03      2.97e-01    3.06e-01    1.3e-04
  24500      3.62e+00    3.16e+00      2.36e-02    1.23e-02      3.12e-01    2.76e-01    1.3e-04
  24600      3.46e+00    3.32e+00      9.09e-03    5.58e-03      3.03e-01    2.92e-01    1.3e-04
  24700      3.59e+00    3.64e+00      2.05e-02    1.79e-02      3.11e-01    3.17e-01    1.3e-04
  24800      3.84e+00    3.18e+00      2.16e-02    1.62e-03      3.33e-01    2.79e-01    1.3e-04
  24900      3.31e+00    3.64e+00      6.46e-03    1.32e-02      2.91e-01    3.18e-01    1.3e-04
  25000      2.65e+00    2.74e+00      2.22e-02    8.63e-04      2.90e-01    3.11e-01    7.7e-05
  25100      2.58e+00    2.53e+00      8.32e-03    8.34e-03      2.91e-01    2.85e-01    7.7e-05
  25200      3.00e+00    2.74e+00      2.03e-02    4.67e-03      3.32e-01    3.10e-01    7.7e-05
  25300      2.79e+00    2.45e+00      3.93e-03    4.49e-03      3.16e-01    2.77e-01    7.7e-05
  25400      2.56e+00    2.77e+00      8.47e-03    4.82e-03      2.89e-01    3.13e-01    7.7e-05
  25500      2.80e+00    2.84e+00      2.17e-02    1.90e-02      3.09e-01    3.15e-01    7.7e-05
  25600      2.99e+00    2.56e+00      7.28e-03    1.54e-02      3.38e-01    2.85e-01    7.7e-05
  25700      2.75e+00    2.75e+00      1.38e-02    1.03e-02      3.09e-01    3.09e-01    7.7e-05
  25800      3.07e+00    2.76e+00      2.10e-02    9.54e-04      3.41e-01    3.13e-01    7.7e-05
  25900      2.68e+00    2.78e+00      1.83e-02    1.38e-02      2.97e-01    3.11e-01    7.7e-05
  26000      3.07e+00    2.74e+00      2.63e-02    4.90e-03      3.35e-01    3.10e-01    7.7e-05
  26100      3.06e+00    2.72e+00      1.96e-02    1.26e-03      3.40e-01    3.08e-01    7.7e-05
  26200      2.95e+00    2.78e+00      9.72e-03    1.17e-02      3.32e-01    3.12e-01    7.7e-05
  26300      2.62e+00    2.52e+00      6.18e-03    7.68e-03      2.96e-01    2.84e-01    7.7e-05
  26400      2.70e+00    2.46e+00      8.15e-03    9.25e-03      3.05e-01    2.77e-01    7.7e-05
  26500      2.56e+00    2.74e+00      1.47e-03    3.02e-03      2.89e-01    3.10e-01    7.7e-05
  26600      2.63e+00    2.75e+00      7.93e-03    7.08e-03      2.97e-01    3.11e-01    7.7e-05
  26700      2.72e+00    2.45e+00      1.03e-03    1.97e-03      3.08e-01    2.77e-01    7.7e-05
  26800      2.59e+00    2.44e+00      1.32e-02    1.53e-02      2.90e-01    2.71e-01    7.7e-05
  26900      3.08e+00    2.85e+00      3.04e-02    2.03e-02      3.33e-01    3.16e-01    7.7e-05
  27000      2.77e+00    2.49e+00      1.36e-02    8.96e-04      3.10e-01    2.82e-01    7.7e-05
  27100      2.71e+00    2.79e+00      8.96e-03    1.22e-02      3.05e-01    3.13e-01    7.7e-05
  27200      3.03e+00    2.77e+00      2.62e-02    1.72e-03      3.31e-01    3.14e-01    7.7e-05
  27300      2.84e+00    2.76e+00      1.08e-02    1.19e-02      3.20e-01    3.10e-01    7.7e-05
  27400      2.82e+00    2.50e+00      7.67e-04    3.35e-03      3.19e-01    2.83e-01    7.7e-05
  27500      2.81e+00    2.82e+00      9.41e-03    1.33e-02      3.17e-01    3.16e-01    7.7e-05
  27600      2.56e+00    2.52e+00      1.95e-03    9.24e-04      2.89e-01    2.85e-01    7.7e-05
  27700      2.69e+00    2.44e+00      1.11e-03    1.67e-03      3.05e-01    2.76e-01    7.7e-05
  27800      2.62e+00    2.75e+00      1.49e-02    6.78e-03      2.93e-01    3.11e-01    7.7e-05
  27900      2.75e+00    2.76e+00      7.49e-03    4.89e-03      3.10e-01    3.12e-01    7.7e-05
  28000      2.67e+00    2.76e+00      1.06e-02    5.83e-03      3.00e-01    3.13e-01    7.7e-05
  28100      2.57e+00    2.76e+00      2.18e-03    5.44e-03      2.91e-01    3.13e-01    7.7e-05
  28200      2.99e+00    2.48e+00      1.97e-02    2.20e-03      3.32e-01    2.80e-01    7.7e-05
  28300      2.73e+00    2.47e+00      7.24e-03    3.16e-03      3.09e-01    2.79e-01    7.7e-05
  28400      2.59e+00    2.42e+00      1.02e-02    8.92e-03      2.91e-01    2.72e-01    7.7e-05
  28500      2.64e+00    2.84e+00      2.62e-02    1.77e-02      2.85e-01    3.16e-01    7.7e-05
  28600      2.56e+00    2.60e+00      4.27e-03    4.59e-03      2.90e-01    2.94e-01    7.7e-05
  28700      2.73e+00    2.42e+00      3.39e-03    9.89e-03      3.10e-01    2.72e-01    7.7e-05
  28800      2.84e+00    2.81e+00      1.81e-02    1.46e-02      3.16e-01    3.15e-01    7.7e-05
  28900      2.56e+00    2.48e+00      1.13e-02    9.44e-03      2.88e-01    2.79e-01    7.7e-05
  29000      2.90e+00    2.51e+00      1.91e-02    1.18e-02      3.23e-01    2.81e-01    7.7e-05
  29100      2.63e+00    2.46e+00      1.02e-02    1.18e-02      2.96e-01    2.76e-01    7.7e-05
  29200      2.70e+00    2.77e+00      2.06e-03    4.53e-03      3.06e-01    3.13e-01    7.7e-05
  29300      2.86e+00    2.53e+00      1.04e-02    3.57e-03      3.22e-01    2.86e-01    7.7e-05
  29400      2.61e+00    2.79e+00      2.32e-03    1.38e-02      2.96e-01    3.12e-01    7.7e-05
  29500      2.82e+00    2.55e+00      1.07e-02    6.67e-03      3.17e-01    2.88e-01    7.7e-05
  29600      2.64e+00    2.78e+00      1.57e-02    9.54e-03      2.94e-01    3.14e-01    7.7e-05
  29700      2.63e+00    2.56e+00      1.56e-02    1.64e-02      2.94e-01    2.84e-01    7.7e-05
  29800      2.72e+00    2.79e+00      6.65e-03    9.49e-03      3.08e-01    3.15e-01    7.7e-05
  29900      3.12e+00    2.79e+00      2.82e-02    1.52e-02      3.39e-01    3.12e-01    7.7e-05
  30000      2.02e+00    1.98e+00      1.14e-02    1.06e-02      2.90e-01    2.84e-01    4.6e-05
  30100      1.97e+00    1.99e+00      1.87e-03    2.04e-03      2.88e-01    2.90e-01    4.6e-05
  30200      2.02e+00    2.15e+00      2.61e-03    3.88e-03      2.95e-01    3.13e-01    4.6e-05
  30300      2.17e+00    2.06e+00      2.01e-03    4.37e-03      3.16e-01    3.00e-01    4.6e-05
  30400      2.32e+00    2.13e+00      1.21e-02    5.00e-03      3.33e-01    3.10e-01    4.6e-05
  30500      2.17e+00    2.19e+00      2.00e-02    1.73e-02      3.04e-01    3.10e-01    4.6e-05
  30600      2.21e+00    2.13e+00      9.80e-03    7.18e-03      3.19e-01    3.09e-01    4.6e-05
  30700      1.98e+00    1.91e+00      5.76e-04    8.68e-04      2.89e-01    2.78e-01    4.6e-05
  30800      1.99e+00    2.14e+00      1.88e-03    4.08e-03      2.90e-01    3.12e-01    4.6e-05
  30900      2.08e+00    2.13e+00      4.77e-03    2.49e-03      3.02e-01    3.10e-01    4.6e-05
  31000      2.10e+00    1.89e+00      8.56e-03    3.45e-03      3.03e-01    2.76e-01    4.6e-05
  31100      2.08e+00    1.89e+00      9.51e-03    4.52e-03      3.01e-01    2.74e-01    4.6e-05
  31200      2.49e+00    1.93e+00      2.96e-02    9.62e-03      3.37e-01    2.78e-01    4.6e-05
  31300      2.38e+00    2.14e+00      2.14e-02    8.60e-04      3.33e-01    3.11e-01    4.6e-05
  31400      2.02e+00    2.18e+00      2.34e-03    1.83e-03      2.94e-01    3.18e-01    4.6e-05
  31500      1.98e+00    2.15e+00      4.15e-04    2.23e-03      2.89e-01    3.13e-01    4.6e-05
  31600      2.11e+00    1.91e+00      2.46e-03    4.42e-03      3.07e-01    2.77e-01    4.6e-05
  31700      2.06e+00    2.16e+00      1.27e-02    9.14e-03      2.95e-01    3.12e-01    4.6e-05
  31800      2.09e+00    2.15e+00      2.32e-03    1.17e-03      3.05e-01    3.14e-01    4.6e-05
  31900      1.99e+00    2.14e+00      1.40e-03    1.10e-03      2.90e-01    3.12e-01    4.6e-05
  32000      2.30e+00    2.19e+00      5.86e-03    1.46e-02      3.34e-01    3.12e-01    4.6e-05
  32100      1.97e+00    2.18e+00      9.56e-04    5.58e-03      2.87e-01    3.17e-01    4.6e-05
  32200      2.38e+00    2.12e+00      2.09e-02    3.86e-03      3.34e-01    3.08e-01    4.6e-05
  32300      2.18e+00    2.11e+00      6.10e-03    4.63e-03      3.16e-01    3.08e-01    4.6e-05
  32400      1.98e+00    2.14e+00      2.67e-04    1.92e-03      2.89e-01    3.12e-01    4.6e-05
  32500      2.46e+00    1.95e+00      2.74e-02    7.25e-03      3.37e-01    2.83e-01    4.6e-05
  32600      2.19e+00    2.16e+00      1.63e-03    4.64e-03      3.19e-01    3.14e-01    4.6e-05
  32700      2.22e+00    1.93e+00      8.99e-03    7.77e-03      3.22e-01    2.79e-01    4.6e-05
  32800      2.00e+00    2.14e+00      7.24e-03    5.57e-03      2.90e-01    3.11e-01    4.6e-05
  32900      2.17e+00    2.05e+00      1.46e-02    1.01e-02      3.10e-01    2.96e-01    4.6e-05
  33000      2.41e+00    2.19e+00      2.63e-02    7.71e-03      3.31e-01    3.18e-01    4.6e-05
  33100      1.97e+00    2.12e+00      1.27e-03    1.13e-03      2.87e-01    3.09e-01    4.6e-05
  33200      2.12e+00    1.92e+00      4.63e-03    4.81e-03      3.08e-01    2.79e-01    4.6e-05
  33300      2.10e+00    2.12e+00      1.06e-03    4.21e-03      3.06e-01    3.09e-01    4.6e-05
  33400      2.34e+00    2.15e+00      1.89e-02    2.15e-03      3.31e-01    3.14e-01    4.6e-05
  33500      1.98e+00    1.86e+00      9.77e-04    1.38e-03      2.89e-01    2.71e-01    4.6e-05
  33600      2.35e+00    1.90e+00      1.03e-02    6.73e-03      3.39e-01    2.75e-01    4.6e-05
  33700      2.00e+00    1.96e+00      1.05e-04    8.85e-03      2.92e-01    2.83e-01    4.6e-05
  33800      2.21e+00    1.89e+00      2.96e-03    1.63e-03      3.22e-01    2.76e-01    4.6e-05
  33900      2.12e+00    2.13e+00      1.12e-02    7.71e-03      3.06e-01    3.08e-01    4.6e-05
  34000      2.21e+00    2.02e+00      1.17e-02    1.26e-02      3.19e-01    2.90e-01    4.6e-05
  34100      2.33e+00    1.96e+00      1.90e-02    9.74e-04      3.29e-01    2.85e-01    4.6e-05
  34200      2.01e+00    1.95e+00      9.96e-03    3.51e-03      2.90e-01    2.83e-01    4.6e-05
  34300      2.11e+00    1.87e+00      1.40e-03    4.94e-03      3.07e-01    2.72e-01    4.6e-05
  34400      2.16e+00    2.19e+00      1.32e-03    1.54e-02      3.15e-01    3.11e-01    4.6e-05
  34500      2.17e+00    2.16e+00      1.58e-02    1.34e-02      3.09e-01    3.09e-01    4.6e-05
  34600      2.08e+00    2.13e+00      9.40e-04    5.05e-03      3.03e-01    3.09e-01    4.6e-05
  34700      2.23e+00    2.06e+00      1.19e-02    1.28e-02      3.21e-01    2.95e-01    4.6e-05
  34800      2.29e+00    1.88e+00      1.17e-02    7.88e-03      3.30e-01    2.73e-01    4.6e-05
  34900      2.34e+00    2.14e+00      1.60e-02    2.50e-03      3.33e-01    3.12e-01    4.6e-05
  35000      1.58e+00    1.59e+00      6.19e-03    8.18e-03      2.94e-01    2.93e-01    2.8e-05
  35100      1.64e+00    1.54e+00      1.07e-02    3.17e-03      3.01e-01    2.88e-01    2.8e-05
  35200      1.69e+00    1.52e+00      2.52e-04    1.25e-03      3.17e-01    2.84e-01    2.8e-05
  35300      1.72e+00    1.65e+00      3.89e-03    2.24e-03      3.22e-01    3.08e-01    2.8e-05
  35400      1.70e+00    1.44e+00      5.88e-03    3.82e-03      3.16e-01    2.69e-01    2.8e-05
  35500      1.72e+00    1.56e+00      4.50e-05    1.59e-03      3.22e-01    2.92e-01    2.8e-05
  35600      1.64e+00    1.69e+00      1.66e-04    2.16e-03      3.07e-01    3.15e-01    2.8e-05
  35700      1.59e+00    1.47e+00      6.11e-03    3.98e-03      2.95e-01    2.74e-01    2.8e-05
  35800      1.98e+00    1.54e+00      2.66e-02    8.38e-03      3.37e-01    2.83e-01    2.8e-05
  35900      1.67e+00    1.67e+00      1.24e-02    7.13e-03      3.05e-01    3.10e-01    2.8e-05
  36000      1.67e+00    1.66e+00      8.53e-03    6.12e-03      3.09e-01    3.08e-01    2.8e-05
  36100      1.55e+00    1.67e+00      2.16e-04    1.52e-03      2.90e-01    3.12e-01    2.8e-05
  36200      1.71e+00    1.66e+00      3.23e-03    1.18e-03      3.20e-01    3.11e-01    2.8e-05
  36300      1.62e+00    1.58e+00      2.00e-03    4.38e-03      3.04e-01    2.95e-01    2.8e-05
  36400      1.66e+00    1.54e+00      9.13e-03    5.24e-03      3.06e-01    2.87e-01    2.8e-05
  36500      1.56e+00    1.66e+00      2.78e-03    2.40e-03      2.92e-01    3.10e-01    2.8e-05
  36600      1.52e+00    1.49e+00      2.90e-03    4.39e-03      2.85e-01    2.78e-01    2.8e-05
  36700      1.63e+00    1.67e+00      1.41e-02    2.79e-03      2.95e-01    3.12e-01    2.8e-05
  36800      1.73e+00    1.46e+00      4.14e-03    2.60e-03      3.22e-01    2.72e-01    2.8e-05
  36900      1.55e+00    1.50e+00      1.17e-03    6.32e-04      2.90e-01    2.80e-01    2.8e-05
  37000      1.81e+00    1.71e+00      9.33e-03    9.34e-03      3.34e-01    3.16e-01    2.8e-05
  37100      1.70e+00    1.44e+00      2.65e-03    3.16e-03      3.19e-01    2.69e-01    2.8e-05
  37200      1.67e+00    1.66e+00      9.19e-03    6.67e-03      3.09e-01    3.09e-01    2.8e-05
  37300      1.63e+00    1.54e+00      2.04e-03    7.41e-03      3.04e-01    2.85e-01    2.8e-05
  37400      1.63e+00    1.64e+00      5.69e-04    2.25e-03      3.06e-01    3.06e-01    2.8e-05
  37500      1.56e+00    1.66e+00      4.56e-03    2.89e-03      2.90e-01    3.11e-01    2.8e-05
  37600      1.57e+00    1.66e+00      4.89e-03    6.86e-03      2.93e-01    3.09e-01    2.8e-05
  37700      1.58e+00    1.69e+00      4.85e-03    5.96e-04      2.93e-01    3.16e-01    2.8e-05
  37800      1.54e+00    1.46e+00      4.06e-04    1.66e-03      2.88e-01    2.73e-01    2.8e-05
  37900      1.69e+00    1.67e+00      2.18e-03    4.00e-03      3.16e-01    3.12e-01    2.8e-05
  38000      1.88e+00    1.48e+00      1.64e-02    3.28e-03      3.38e-01    2.76e-01    2.8e-05
  38100      1.60e+00    1.68e+00      3.05e-03    3.07e-03      3.00e-01    3.14e-01    2.8e-05
  38200      1.57e+00    1.71e+00      9.65e-03    6.50e-03      2.89e-01    3.17e-01    2.8e-05
  38300      1.66e+00    1.64e+00      7.84e-03    4.33e-03      3.07e-01    3.06e-01    2.8e-05
  38400      1.65e+00    1.68e+00      3.82e-03    5.25e-03      3.07e-01    3.13e-01    2.8e-05
  38500      1.58e+00    1.66e+00      7.66e-03    1.83e-03      2.93e-01    3.10e-01    2.8e-05
  38600      1.99e+00    1.74e+00      2.94e-02    1.26e-02      3.30e-01    3.17e-01    2.8e-05
  38700      1.60e+00    1.51e+00      8.47e-03    9.42e-03      2.96e-01    2.77e-01    2.8e-05
  38800      1.58e+00    1.47e+00      3.35e-04    2.13e-03      2.95e-01    2.74e-01    2.8e-05
  38900      1.64e+00    1.47e+00      2.65e-03    5.75e-04      3.07e-01    2.75e-01    2.8e-05
  39000      1.56e+00    1.54e+00      7.71e-03    8.47e-03      2.89e-01    2.84e-01    2.8e-05
  39100      1.58e+00    1.67e+00      4.93e-03    1.30e-03      2.93e-01    3.12e-01    2.8e-05
  39200      1.66e+00    1.50e+00      5.40e-03    1.22e-03      3.09e-01    2.80e-01    2.8e-05
  39300      1.55e+00    1.65e+00      3.02e-03    3.32e-03      2.90e-01    3.09e-01    2.8e-05
  39400      1.72e+00    1.57e+00      2.17e-02    1.57e-02      2.96e-01    2.79e-01    2.8e-05
  39500      1.62e+00    1.71e+00      5.07e-03    8.10e-03      3.02e-01    3.16e-01    2.8e-05
  39600      1.99e+00    1.51e+00      2.95e-02    1.11e-02      3.30e-01    2.76e-01    2.8e-05
  39700      1.63e+00    1.68e+00      4.48e-03    6.44e-03      3.04e-01    3.12e-01    2.8e-05
  39800      1.63e+00    1.51e+00      9.08e-04    4.64e-03      3.04e-01    2.82e-01    2.8e-05
  39900      1.54e+00    1.64e+00      5.68e-03    6.47e-03      2.87e-01    3.05e-01    2.8e-05
  40000      1.29e+00    1.31e+00      1.91e-03    1.41e-03      3.08e-01    3.13e-01    1.7e-05
  40100      1.25e+00    1.15e+00      4.58e-03    1.33e-03      2.96e-01    2.74e-01    1.7e-05
  40200      1.26e+00    1.33e+00      2.65e-03    1.85e-03      3.01e-01    3.17e-01    1.7e-05
  40300      1.29e+00    1.28e+00      1.80e-04    3.47e-03      3.07e-01    3.05e-01    1.7e-05
  40400      1.25e+00    1.30e+00      5.24e-03    1.40e-03      2.97e-01    3.11e-01    1.7e-05
  40500      1.21e+00    1.31e+00      3.88e-03    2.62e-03      2.87e-01    3.12e-01    1.7e-05
  40600      1.31e+00    1.19e+00      8.08e-03    5.18e-03      3.08e-01    2.82e-01    1.7e-05
  40700      1.23e+00    1.18e+00      4.08e-03    1.94e-03      2.92e-01    2.83e-01    1.7e-05
  40800      1.29e+00    1.15e+00      2.54e-03    2.34e-03      3.07e-01    2.74e-01    1.7e-05
  40900      1.32e+00    1.23e+00      8.33e-03    1.35e-02      3.09e-01    2.75e-01    1.7e-05
  41000      1.27e+00    1.18e+00      3.26e-03    1.10e-03      3.03e-01    2.82e-01    1.7e-05
  41100      1.29e+00    1.18e+00      8.73e-03    4.50e-03      3.02e-01    2.81e-01    1.7e-05
  41200      1.27e+00    1.17e+00      6.28e-03    2.10e-03      3.00e-01    2.78e-01    1.7e-05
  41300      1.28e+00    1.31e+00      5.53e-03    3.88e-03      3.04e-01    3.11e-01    1.7e-05
  41400      1.30e+00    1.23e+00      6.63e-03    5.13e-04      3.07e-01    2.94e-01    1.7e-05
  41500      1.25e+00    1.15e+00      9.40e-03    4.90e-03      2.90e-01    2.73e-01    1.7e-05
  41600      1.21e+00    1.16e+00      8.71e-04    5.92e-04      2.89e-01    2.78e-01    1.7e-05
  41700      1.24e+00    1.18e+00      5.55e-03    6.39e-03      2.94e-01    2.78e-01    1.7e-05
  41800      1.30e+00    1.18e+00      4.38e-03    8.19e-03      3.08e-01    2.75e-01    1.7e-05
  41900      1.41e+00    1.25e+00      1.67e-02    1.14e-02      3.16e-01    2.86e-01    1.7e-05
  42000      1.23e+00    1.29e+00      6.71e-03    7.53e-03      2.89e-01    3.04e-01    1.7e-05
  42100      1.34e+00    1.34e+00      1.28e-02    1.03e-02      3.06e-01    3.12e-01    1.7e-05
  42200      1.50e+00    1.15e+00      1.73e-02    1.02e-03      3.33e-01    2.76e-01    1.7e-05
  42300      1.34e+00    1.17e+00      2.94e-03    1.63e-03      3.19e-01    2.79e-01    1.7e-05
  42400      1.34e+00    1.20e+00      3.28e-03    5.72e-03      3.19e-01    2.83e-01    1.7e-05
  42500      1.34e+00    1.19e+00      1.10e-02    6.68e-03      3.10e-01    2.79e-01    1.7e-05
  42600      1.31e+00    1.31e+00      9.23e-03    7.70e-03      3.06e-01    3.08e-01    1.7e-05
  42700      1.28e+00    1.30e+00      3.18e-03    5.78e-04      3.04e-01    3.12e-01    1.7e-05
  42800      1.33e+00    1.18e+00      4.64e-03    3.06e-03      3.15e-01    2.82e-01    1.7e-05
  42900      1.45e+00    1.20e+00      1.07e-02    5.58e-03      3.36e-01    2.83e-01    1.7e-05
  43000      1.22e+00    1.14e+00      8.12e-04    2.60e-03      2.93e-01    2.73e-01    1.7e-05
  43100      1.25e+00    1.31e+00      1.08e-02    1.39e-03      2.89e-01    3.12e-01    1.7e-05
  43200      1.22e+00    1.22e+00      5.11e-03    3.20e-03      2.90e-01    2.91e-01    1.7e-05
  43300      1.52e+00    1.14e+00      2.03e-02    3.95e-03      3.30e-01    2.71e-01    1.7e-05
  43400      1.46e+00    1.19e+00      1.44e-02    2.73e-03      3.30e-01    2.84e-01    1.7e-05
  43500      1.48e+00    1.18e+00      1.68e-02    1.27e-03      3.31e-01    2.81e-01    1.7e-05
  43600      1.31e+00    1.33e+00      7.94e-03    5.43e-03      3.08e-01    3.15e-01    1.7e-05
  43700      1.55e+00    1.35e+00      2.07e-02    8.83e-03      3.37e-01    3.16e-01    1.7e-05
  43800      1.29e+00    1.31e+00      6.93e-03    1.26e-03      3.03e-01    3.13e-01    1.7e-05
  43900      1.22e+00    1.19e+00      4.30e-03    1.74e-03      2.91e-01    2.85e-01    1.7e-05
  44000      1.27e+00    1.17e+00      5.43e-03    2.63e-03      3.02e-01    2.78e-01    1.7e-05
  44100      1.22e+00    1.32e+00      3.95e-03    2.54e-03      2.89e-01    3.16e-01    1.7e-05
  44200      1.52e+00    1.18e+00      2.06e-02    5.81e-03      3.29e-01    2.79e-01    1.7e-05
  44300      1.24e+00    1.30e+00      4.09e-03    3.57e-03      2.96e-01    3.10e-01    1.7e-05
  44400      1.21e+00    1.24e+00      2.18e-03    2.16e-03      2.89e-01    2.96e-01    1.7e-05
  44500      1.55e+00    1.29e+00      2.12e-02    3.69e-03      3.33e-01    3.07e-01    1.7e-05
  44600      1.29e+00    1.16e+00      3.33e-03    1.99e-03      3.08e-01    2.77e-01    1.7e-05
  44700      1.34e+00    1.31e+00      5.82e-04    3.28e-03      3.20e-01    3.13e-01    1.7e-05
  44800      1.19e+00    1.31e+00      2.88e-04    4.03e-03      2.85e-01    3.11e-01    1.7e-05
  44900      1.22e+00    1.14e+00      4.35e-03    6.58e-04      2.91e-01    2.73e-01    1.7e-05
  45000      1.03e+00    1.02e+00      5.11e-03    2.73e-03      3.08e-01    3.08e-01    9.9e-06
  45100      9.53e-01    1.00e+00      9.44e-04    8.59e-04      2.89e-01    3.04e-01    9.9e-06
  45200      9.41e-01    9.34e-01      1.92e-03    2.41e-03      2.85e-01    2.82e-01    9.9e-06
  45300      9.73e-01    1.04e+00      7.20e-03    3.48e-03      2.87e-01    3.12e-01    9.9e-06
  45400      1.20e+00    9.24e-01      1.47e-02    2.14e-03      3.37e-01    2.79e-01    9.9e-06
  45500      1.03e+00    1.07e+00      8.82e-03    7.47e-03      3.02e-01    3.16e-01    9.9e-06
  45600      1.06e+00    1.02e+00      5.65e-03    1.90e-03      3.17e-01    3.10e-01    9.9e-06
  45700      1.01e+00    1.03e+00      1.84e-03    6.85e-04      3.06e-01    3.14e-01    9.9e-06
  45800      9.72e-01    9.58e-01      6.84e-04    4.63e-03      2.95e-01    2.87e-01    9.9e-06
  45900      1.07e+00    1.04e+00      1.27e-02    3.34e-03      3.02e-01    3.14e-01    9.9e-06
  46000      9.83e-01    9.23e-01      7.02e-03    2.60e-03      2.91e-01    2.79e-01    9.9e-06
  46100      1.00e+00    1.02e+00      2.59e-03    1.03e-03      3.03e-01    3.08e-01    9.9e-06
  46200      1.20e+00    1.04e+00      1.48e-02    3.56e-04      3.34e-01    3.14e-01    9.9e-06
  46300      1.00e+00    9.08e-01      7.77e-06    2.86e-03      3.04e-01    2.74e-01    9.9e-06
  46400      1.23e+00    8.91e-01      1.70e-02    5.45e-04      3.37e-01    2.70e-01    9.9e-06
  46500      9.63e-01    9.16e-01      2.80e-03    2.57e-03      2.91e-01    2.76e-01    9.9e-06
  46600      1.22e+00    9.21e-01      1.73e-02    3.76e-03      3.30e-01    2.77e-01    9.9e-06
  46700      1.08e+00    9.99e-01      1.14e-02    6.00e-03      3.10e-01    2.98e-01    9.9e-06
  46800      1.02e+00    9.18e-01      1.67e-03    2.50e-03      3.08e-01    2.77e-01    9.9e-06
  46900      9.87e-01    9.15e-01      4.68e-03    3.59e-03      2.96e-01    2.75e-01    9.9e-06
  47000      1.02e+00    1.04e+00      2.64e-03    5.82e-03      3.07e-01    3.11e-01    9.9e-06
  47100      1.01e+00    1.01e+00      1.53e-03    1.63e-03      3.06e-01    3.06e-01    9.9e-06
  47200      9.60e-01    1.05e+00      2.68e-03    4.16e-03      2.90e-01    3.16e-01    9.9e-06
  47300      9.56e-01    9.05e-01      2.63e-03    1.61e-03      2.89e-01    2.74e-01    9.9e-06
  47400      9.71e-01    9.46e-01      5.67e-03    7.71e-03      2.89e-01    2.77e-01    9.9e-06
  47500      1.05e+00    9.20e-01      3.64e-03    4.28e-03      3.16e-01    2.76e-01    9.9e-06
  47600      1.03e+00    9.27e-01      6.23e-03    1.19e-03      3.07e-01    2.81e-01    9.9e-06
  47700      9.66e-01    1.00e+00      4.34e-03    6.30e-03      2.90e-01    2.98e-01    9.9e-06
  47800      9.71e-01    1.03e+00      3.01e-03    5.24e-03      2.93e-01    3.09e-01    9.9e-06
  47900      1.01e+00    1.01e+00      3.87e-03    2.13e-03      3.03e-01    3.07e-01    9.9e-06
  48000      1.02e+00    9.09e-01      2.74e-03    1.60e-03      3.07e-01    2.75e-01    9.9e-06
  48100      1.04e+00    9.56e-01      1.12e-02    6.49e-03      2.96e-01    2.83e-01    9.9e-06
  48200      1.06e+00    9.40e-01      1.16e-03    2.35e-03      3.22e-01    2.84e-01    9.9e-06
  48300      9.93e-01    1.04e+00      9.65e-04    5.09e-04      3.01e-01    3.14e-01    9.9e-06
  48400      1.19e+00    9.36e-01      1.52e-02    1.76e-03      3.30e-01    2.83e-01    9.9e-06
  48500      1.22e+00    9.30e-01      1.69e-02    3.30e-03      3.32e-01    2.80e-01    9.9e-06
  48600      1.01e+00    1.04e+00      4.51e-03    2.30e-03      3.03e-01    3.14e-01    9.9e-06
  48700      1.18e+00    9.38e-01      1.28e-02    1.41e-03      3.36e-01    2.84e-01    9.9e-06
  48800      1.05e+00    8.97e-01      3.52e-03    1.31e-03      3.17e-01    2.72e-01    9.9e-06
  48900      1.00e+00    1.02e+00      7.42e-03    7.63e-04      2.96e-01    3.08e-01    9.9e-06
  49000      9.91e-01    9.73e-01      3.07e-03    1.28e-03      2.99e-01    2.95e-01    9.9e-06
  49100      1.06e+00    9.57e-01      1.40e-02    8.85e-03      2.93e-01    2.77e-01    9.9e-06
  49200      1.07e+00    8.96e-01      4.08e-03    2.32e-03      3.22e-01    2.71e-01    9.9e-06
  49300      1.03e+00    1.05e+00      8.37e-03    6.98e-03      3.04e-01    3.12e-01    9.9e-06
  49400      1.02e+00    9.25e-01      1.41e-03    1.86e-03      3.08e-01    2.80e-01    9.9e-06
  49500      9.56e-01    1.02e+00      1.73e-03    3.21e-03      2.89e-01    3.08e-01    9.9e-06
  49600      9.64e-01    1.04e+00      4.76e-03    4.09e-03      2.89e-01    3.14e-01    9.9e-06
  49700      1.20e+00    9.49e-01      1.47e-02    1.92e-03      3.36e-01    2.87e-01    9.9e-06
  49800      1.06e+00    1.05e+00      1.03e-02    8.24e-03      3.08e-01    3.09e-01    9.9e-06
  49900      1.24e+00    9.97e-01      1.86e-02    3.03e-03      3.31e-01    3.01e-01    9.9e-06
  50000      8.24e-01    9.01e-01      5.09e-03    1.11e-02      3.08e-01    3.15e-01    5.9e-06
  50100      7.56e-01    8.35e-01      1.16e-03    8.11e-04      2.87e-01    3.17e-01    5.9e-06
  50200      9.50e-01    7.43e-01      1.22e-02    2.65e-03      3.30e-01    2.81e-01    5.9e-06
  50300      7.64e-01    8.14e-01      1.52e-03    4.21e-03      2.90e-01    3.05e-01    5.9e-06
  50400      7.94e-01    8.02e-01      5.31e-03    8.03e-04      2.95e-01    3.05e-01    5.9e-06
  50500      8.12e-01    8.15e-01      1.78e-03    3.93e-03      3.08e-01    3.06e-01    5.9e-06
  50600      8.48e-01    7.23e-01      3.52e-03    1.51e-03      3.20e-01    2.74e-01    5.9e-06
  50700      7.79e-01    8.30e-01      2.62e-03    3.07e-03      2.95e-01    3.13e-01    5.9e-06
  50800      8.62e-01    7.93e-01      1.01e-02    6.10e-03      3.06e-01    2.93e-01    5.9e-06
  50900      8.58e-01    8.41e-01      4.44e-03    1.50e-03      3.22e-01    3.19e-01    5.9e-06
  51000      8.39e-01    8.39e-01      2.93e-03    1.82e-03      3.17e-01    3.18e-01    5.9e-06
  51100      8.47e-01    7.66e-01      3.78e-03    3.18e-03      3.19e-01    2.89e-01    5.9e-06
  51200      8.31e-01    7.21e-01      7.42e-04    3.25e-03      3.16e-01    2.71e-01    5.9e-06
  51300      7.80e-01    8.39e-01      3.71e-03    5.38e-03      2.93e-01    3.13e-01    5.9e-06
  51400      7.87e-01    8.20e-01      6.15e-03    5.44e-03      2.90e-01    3.05e-01    5.9e-06
  51500      7.76e-01    7.68e-01      4.41e-03    2.19e-03      2.91e-01    2.91e-01    5.9e-06
  51600      8.10e-01    8.21e-01      2.38e-03    1.33e-03      3.07e-01    3.12e-01    5.9e-06
  51700      7.93e-01    7.24e-01      6.75e-03    2.52e-03      2.91e-01    2.74e-01    5.9e-06
  51800      7.64e-01    7.28e-01      1.39e-03    1.58e-03      2.90e-01    2.76e-01    5.9e-06
  51900      7.81e-01    7.48e-01      2.13e-03    3.05e-03      2.96e-01    2.82e-01    5.9e-06
  52000      8.02e-01    7.45e-01      1.88e-03    1.30e-03      3.04e-01    2.83e-01    5.9e-06
  52100      7.76e-01    8.35e-01      1.25e-03    1.70e-03      2.94e-01    3.17e-01    5.9e-06
  52200      8.22e-01    7.55e-01      6.74e-03    2.45e-03      3.02e-01    2.86e-01    5.9e-06
  52300      7.87e-01    8.37e-01      4.29e-03    5.24e-03      2.95e-01    3.12e-01    5.9e-06
  52400      8.53e-01    8.23e-01      4.81e-03    1.74e-03      3.20e-01    3.12e-01    5.9e-06
  52500      8.15e-01    8.34e-01      2.53e-03    1.15e-03      3.08e-01    3.17e-01    5.9e-06
  52600      8.40e-01    7.33e-01      3.58e-03    1.31e-03      3.17e-01    2.78e-01    5.9e-06
  52700      9.62e-01    8.13e-01      1.25e-02    8.99e-04      3.33e-01    3.09e-01    5.9e-06
  52800      8.19e-01    7.09e-01      6.39e-03    3.15e-03      3.02e-01    2.67e-01    5.9e-06
  52900      7.49e-01    8.14e-01      3.39e-04    1.40e-03      2.85e-01    3.09e-01    5.9e-06
  53000      7.90e-01    8.23e-01      6.49e-03    7.56e-04      2.91e-01    3.13e-01    5.9e-06
  53100      7.64e-01    7.36e-01      2.13e-03    1.61e-03      2.89e-01    2.79e-01    5.9e-06
  53200      7.93e-01    8.07e-01      1.96e-03    5.41e-04      3.01e-01    3.07e-01    5.9e-06
  53300      8.15e-01    8.23e-01      3.74e-03    1.34e-03      3.07e-01    3.12e-01    5.9e-06
  53400      8.26e-01    8.32e-01      8.03e-03    2.01e-03      2.99e-01    3.15e-01    5.9e-06
  53500      8.23e-01    7.91e-01      8.51e-03    6.56e-03      2.96e-01    2.91e-01    5.9e-06
  53600      8.36e-01    8.16e-01      3.06e-03    9.36e-04      3.16e-01    3.10e-01    5.9e-06
  53700      7.79e-01    7.55e-01      5.20e-03    3.03e-03      2.90e-01    2.85e-01    5.9e-06
  53800      8.31e-01    8.09e-01      1.00e-02    8.21e-03      2.93e-01    2.93e-01    5.9e-06
  53900      1.06e+00    7.73e-01      1.81e-02    3.68e-03      3.37e-01    2.91e-01    5.9e-06
  54000      8.18e-01    8.43e-01      6.10e-03    1.58e-03      3.03e-01    3.20e-01    5.9e-06
  54100      7.57e-01    7.28e-01      1.68e-03    1.20e-03      2.87e-01    2.76e-01    5.9e-06
  54200      7.69e-01    7.42e-01      2.78e-03    1.19e-03      2.91e-01    2.82e-01    5.9e-06
  54300      7.97e-01    8.09e-01      2.79e-03    1.04e-03      3.01e-01    3.07e-01    5.9e-06
  54400      8.45e-01    8.07e-01      2.96e-03    1.69e-03      3.20e-01    3.06e-01    5.9e-06
  54500      7.72e-01    7.33e-01      1.60e-03    1.23e-03      2.93e-01    2.78e-01    5.9e-06
  54600      9.07e-01    8.49e-01      7.23e-03    7.28e-03      3.34e-01    3.12e-01    5.9e-06
  54700      9.63e-01    7.31e-01      1.31e-02    9.25e-04      3.30e-01    2.78e-01    5.9e-06
  54800      7.63e-01    7.73e-01      1.76e-03    1.42e-03      2.89e-01    2.93e-01    5.9e-06
  54900      8.05e-01    8.04e-01      1.37e-03    8.94e-04      3.06e-01    3.05e-01    5.9e-06
  55000      6.30e-01    6.05e-01      2.39e-03    2.43e-03      2.93e-01    2.81e-01    3.5e-06
  55100      7.91e-01    6.71e-01      1.05e-02    2.42e-03      3.37e-01    3.13e-01    3.5e-06
  55200      7.04e-01    6.02e-01      5.28e-03    1.43e-03      3.22e-01    2.82e-01    3.5e-06
  55300      6.44e-01    6.66e-01      5.75e-03    1.10e-03      2.90e-01    3.12e-01    3.5e-06
  55400      7.20e-01    6.62e-01      1.07e-02    5.67e-03      3.00e-01    3.00e-01    3.5e-06
  55500      6.18e-01    6.61e-01      1.48e-03    2.46e-03      2.89e-01    3.08e-01    3.5e-06
  55600      6.22e-01    6.67e-01      2.40e-03    2.04e-03      2.89e-01    3.12e-01    3.5e-06
  55700      6.12e-01    5.97e-01      1.52e-04    1.81e-03      2.87e-01    2.79e-01    3.5e-06
  55800      6.18e-01    6.63e-01      1.84e-03    2.26e-03      2.89e-01    3.09e-01    3.5e-06
  55900      6.16e-01    5.90e-01      7.81e-04    1.42e-03      2.89e-01    2.76e-01    3.5e-06
  56000      6.49e-01    5.86e-01      5.83e-03    1.42e-03      2.92e-01    2.74e-01    3.5e-06
  56100      6.12e-01    6.72e-01      2.87e-04    6.34e-04      2.87e-01    3.15e-01    3.5e-06
  56200      6.36e-01    6.64e-01      4.90e-03    1.96e-03      2.90e-01    3.10e-01    3.5e-06
  56300      6.60e-01    5.84e-01      7.89e-04    2.27e-03      3.09e-01    2.72e-01    3.5e-06
  56400      7.85e-01    5.93e-01      1.01e-02    2.69e-03      3.36e-01    2.75e-01    3.5e-06
  56500      6.58e-01    6.01e-01      7.25e-04    4.12e-03      3.09e-01    2.75e-01    3.5e-06
  56600      6.28e-01    6.52e-01      1.01e-03    8.39e-04      2.94e-01    3.06e-01    3.5e-06
  56700      6.90e-01    5.74e-01      2.12e-03    3.05e-04      3.22e-01    2.69e-01    3.5e-06
  56800      7.04e-01    6.38e-01      5.16e-03    5.76e-03      3.22e-01    2.87e-01    3.5e-06
  56900      6.76e-01    6.60e-01      1.89e-03    1.82e-03      3.16e-01    3.09e-01    3.5e-06
  57000      6.27e-01    5.93e-01      1.77e-03    2.08e-03      2.93e-01    2.76e-01    3.5e-06
  57100      6.47e-01    6.24e-01      5.34e-03    6.28e-03      2.93e-01    2.78e-01    3.5e-06
  57200      6.83e-01    7.29e-01      1.71e-03    8.65e-03      3.19e-01    3.17e-01    3.5e-06
  57300      6.84e-01    6.70e-01      4.01e-03    2.23e-03      3.16e-01    3.13e-01    3.5e-06
  57400      6.52e-01    5.90e-01      2.38e-03    1.83e-03      3.04e-01    2.76e-01    3.5e-06
  57500      6.17e-01    6.51e-01      1.04e-03    1.09e-03      2.89e-01    3.05e-01    3.5e-06
  57600      6.88e-01    6.14e-01      9.14e-04    4.11e-03      3.22e-01    2.81e-01    3.5e-06
  57700      6.13e-01    6.69e-01      6.90e-04    1.70e-03      2.87e-01    3.13e-01    3.5e-06
  57800      6.16e-01    5.96e-01      8.92e-06    1.29e-03      2.89e-01    2.79e-01    3.5e-06
  57900      6.94e-01    6.02e-01      4.62e-03    2.78e-03      3.19e-01    2.80e-01    3.5e-06
  58000      6.67e-01    5.84e-01      4.00e-03    8.28e-04      3.07e-01    2.74e-01    3.5e-06
  58100      6.47e-01    6.11e-01      6.43e-04    3.63e-03      3.04e-01    2.81e-01    3.5e-06
  58200      6.17e-01    5.93e-01      8.06e-04    1.30e-03      2.89e-01    2.78e-01    3.5e-06
  58300      6.59e-01    6.31e-01      2.26e-03    3.44e-03      3.07e-01    2.92e-01    3.5e-06
  58400      6.87e-01    6.51e-01      1.31e-03    2.02e-03      3.22e-01    3.04e-01    3.5e-06
  58500      6.64e-01    6.33e-01      3.62e-03    2.50e-03      3.07e-01    2.95e-01    3.5e-06
  58600      6.09e-01    5.92e-01      1.36e-03    1.26e-03      2.85e-01    2.77e-01    3.5e-06
  58700      6.39e-01    6.19e-01      3.18e-03    3.83e-03      2.96e-01    2.85e-01    3.5e-06
  58800      6.43e-01    6.06e-01      1.31e-03    2.88e-03      3.01e-01    2.81e-01    3.5e-06
  58900      6.54e-01    6.62e-01      1.70e-03    1.43e-03      3.06e-01    3.10e-01    3.5e-06
  59000      8.40e-01    6.15e-01      1.44e-02    2.20e-03      3.31e-01    2.87e-01    3.5e-06
  59100      6.18e-01    6.23e-01      8.96e-04    2.76e-03      2.90e-01    2.89e-01    3.5e-06
  59200      6.60e-01    6.64e-01      1.22e-03    7.30e-04      3.09e-01    3.11e-01    3.5e-06
  59300      6.22e-01    6.70e-01      2.38e-03    2.32e-03      2.90e-01    3.13e-01    3.5e-06
  59400      8.06e-01    6.39e-01      1.20e-02    5.28e-03      3.33e-01    2.90e-01    3.5e-06
  59500      6.47e-01    5.90e-01      1.59e-04    1.36e-03      3.04e-01    2.76e-01    3.5e-06
  59600      6.28e-01    6.51e-01      5.65e-04    7.60e-04      2.95e-01    3.05e-01    3.5e-06
  59700      6.83e-01    6.06e-01      1.76e-03    2.03e-03      3.19e-01    2.83e-01    3.5e-06
  59800      6.66e-01    7.08e-01      6.76e-03    7.32e-03      2.97e-01    3.14e-01    3.5e-06
  59900      7.08e-01    6.04e-01      5.69e-03    3.66e-03      3.22e-01    2.78e-01    3.5e-06
  60000      5.13e-01    5.02e-01      5.25e-04    1.73e-03      2.90e-01    2.83e-01    2.1e-06
  60100      6.80e-01    5.51e-01      1.08e-02    9.68e-04      3.32e-01    3.11e-01    2.1e-06
  60200      5.78e-01    4.87e-01      4.67e-03    2.98e-03      3.17e-01    2.71e-01    2.1e-06
  60300      5.61e-01    5.30e-01      5.33e-03    4.14e-03      3.04e-01    2.91e-01    2.1e-06
  60400      5.72e-01    5.50e-01      4.00e-03    1.01e-03      3.16e-01    3.11e-01    2.1e-06
  60500      5.11e-01    5.51e-01      5.59e-04    7.23e-04      2.89e-01    3.11e-01    2.1e-06
  60600      5.72e-01    5.02e-01      8.12e-03    3.48e-03      2.91e-01    2.77e-01    2.1e-06
  60700      6.97e-01    5.51e-01      1.20e-02    2.01e-03      3.30e-01    3.10e-01    2.1e-06
  60800      5.48e-01    4.96e-01      2.44e-03    1.04e-03      3.07e-01    2.80e-01    2.1e-06
  60900      5.52e-01    5.48e-01      5.88e-03    1.10e-03      2.95e-01    3.10e-01    2.1e-06
  61000      5.22e-01    5.48e-01      1.45e-03    1.50e-03      2.95e-01    3.09e-01    2.1e-06
  61100      5.42e-01    4.87e-01      3.33e-03    1.36e-03      3.02e-01    2.74e-01    2.1e-06
  61200      5.58e-01    4.80e-01      3.84e-03    1.80e-03      3.09e-01    2.70e-01    2.1e-06
  61300      5.87e-01    5.54e-01      4.66e-03    1.95e-03      3.22e-01    3.12e-01    2.1e-06
  61400      7.10e-01    5.53e-01      1.27e-02    1.39e-03      3.31e-01    3.12e-01    2.1e-06
  61500      5.10e-01    5.41e-01      1.52e-03    1.82e-03      2.87e-01    3.04e-01    2.1e-06
  61600      5.29e-01    5.63e-01      3.39e-03    4.00e-03      2.93e-01    3.11e-01    2.1e-06
  61700      5.50e-01    5.38e-01      2.38e-03    4.74e-04      3.08e-01    3.05e-01    2.1e-06
  61800      5.12e-01    5.54e-01      8.70e-05    1.08e-03      2.89e-01    3.13e-01    2.1e-06
  61900      5.69e-01    5.47e-01      3.61e-03    1.02e-03      3.16e-01    3.09e-01    2.1e-06
  62000      5.25e-01    4.95e-01      2.05e-03    1.20e-03      2.95e-01    2.79e-01    2.1e-06
  62100      5.66e-01    4.85e-01      1.22e-03    6.72e-04      3.20e-01    2.74e-01    2.1e-06
  62200      5.63e-01    5.69e-01      5.13e-03    4.43e-03      3.06e-01    3.13e-01    2.1e-06
  62300      5.62e-01    5.51e-01      4.69e-03    3.23e-03      3.07e-01    3.07e-01    2.1e-06
  62400      5.12e-01    4.98e-01      2.11e-03    4.20e-03      2.88e-01    2.71e-01    2.1e-06
  62500      5.19e-01    5.16e-01      2.84e-03    1.77e-03      2.89e-01    2.90e-01    2.1e-06
  62600      5.50e-01    4.94e-01      3.86e-03    1.05e-03      3.04e-01    2.79e-01    2.1e-06
  62700      5.30e-01    5.34e-01      4.24e-03    8.33e-04      2.90e-01    3.02e-01    2.1e-06
  62800      5.14e-01    5.44e-01      1.73e-03    1.61e-03      2.89e-01    3.07e-01    2.1e-06
  62900      5.62e-01    4.88e-01      5.44e-03    1.57e-03      3.04e-01    2.75e-01    2.1e-06
  63000      5.17e-01    5.54e-01      2.15e-03    7.23e-04      2.90e-01    3.13e-01    2.1e-06
  63100      5.27e-01    4.93e-01      3.79e-03    1.15e-03      2.91e-01    2.78e-01    2.1e-06
  63200      5.81e-01    4.94e-01      4.55e-03    1.56e-03      3.19e-01    2.78e-01    2.1e-06
  63300      5.64e-01    5.54e-01      2.80e-03    1.35e-03      3.16e-01    3.13e-01    2.1e-06
  63400      5.65e-01    5.01e-01      2.70e-03    1.84e-03      3.16e-01    2.82e-01    2.1e-06
  63500      5.45e-01    5.46e-01      3.06e-03    2.22e-03      3.04e-01    3.07e-01    2.1e-06
  63600      5.13e-01    5.45e-01      2.35e-04    2.33e-03      2.91e-01    3.06e-01    2.1e-06
  63700      5.37e-01    5.97e-01      2.22e-03    6.98e-03      3.02e-01    3.14e-01    2.1e-06
  63800      5.50e-01    5.48e-01      4.68e-03    1.52e-03      3.00e-01    3.09e-01    2.1e-06
  63900      5.98e-01    5.49e-01      6.07e-03    5.26e-03      3.22e-01    2.98e-01    2.1e-06
  64000      5.47e-01    5.49e-01      1.33e-03    5.73e-04      3.09e-01    3.11e-01    2.1e-06
  64100      6.50e-01    5.53e-01      9.05e-03    1.11e-03      3.30e-01    3.13e-01    2.1e-06
  64200      6.74e-01    5.58e-01      1.05e-02    1.39e-03      3.31e-01    3.15e-01    2.1e-06
  64300      5.18e-01    4.85e-01      1.89e-04    1.65e-03      2.93e-01    2.73e-01    2.1e-06
  64400      6.77e-01    5.00e-01      1.04e-02    1.35e-03      3.34e-01    2.82e-01    2.1e-06
  64500      5.71e-01    5.00e-01      2.75e-03    3.14e-03      3.20e-01    2.77e-01    2.1e-06
  64600      5.11e-01    4.89e-01      1.84e-04    2.04e-03      2.89e-01    2.74e-01    2.1e-06
  64700      5.63e-01    5.66e-01      4.85e-03    3.24e-03      3.07e-01    3.15e-01    2.1e-06
  64800      6.69e-01    5.48e-01      1.01e-02    7.20e-04      3.33e-01    3.10e-01    2.1e-06
  64900      5.40e-01    5.49e-01      4.36e-03    2.02e-03      2.96e-01    3.09e-01    2.1e-06
  65000      4.99e-01    4.18e-01      4.72e-03    1.81e-03      3.17e-01    2.75e-01    1.3e-06
  65100      5.95e-01    4.68e-01      1.02e-02    4.75e-04      3.32e-01    3.10e-01    1.3e-06
  65200      4.71e-01    4.75e-01      2.78e-03    7.51e-04      3.08e-01    3.15e-01    1.3e-06
  65300      6.19e-01    4.61e-01      1.11e-02    5.45e-04      3.38e-01    3.06e-01    1.3e-06
  65400      4.76e-01    4.08e-01      3.87e-03    1.58e-03      3.06e-01    2.69e-01    1.3e-06
  65500      4.84e-01    4.67e-01      4.39e-03    1.11e-03      3.09e-01    3.09e-01    1.3e-06
  65600      4.89e-01    4.68e-01      1.76e-03    2.39e-03      3.22e-01    3.07e-01    1.3e-06
  65700      4.69e-01    4.65e-01      2.29e-03    1.20e-03      3.07e-01    3.07e-01    1.3e-06
  65800      4.36e-01    4.57e-01      7.45e-05    1.50e-03      2.89e-01    3.02e-01    1.3e-06
  65900      4.72e-01    4.60e-01      2.60e-03    5.11e-04      3.09e-01    3.05e-01    1.3e-06
  66000      4.48e-01    4.76e-01      9.09e-04    1.53e-03      2.96e-01    3.15e-01    1.3e-06
  66100      4.30e-01    4.19e-01      8.35e-04    1.26e-03      2.85e-01    2.77e-01    1.3e-06
  66200      4.38e-01    5.32e-01      5.49e-04    7.51e-03      2.90e-01    3.16e-01    1.3e-06
  66300      4.66e-01    4.83e-01      5.07e-03    2.50e-03      2.91e-01    3.16e-01    1.3e-06
  66400      4.37e-01    4.80e-01      1.60e-03    2.64e-03      2.88e-01    3.14e-01    1.3e-06
  66500      4.44e-01    4.36e-01      2.64e-03    2.90e-03      2.89e-01    2.83e-01    1.3e-06
  66600      4.46e-01    4.30e-01      1.22e-03    5.63e-04      2.95e-01    2.85e-01    1.3e-06
  66700      4.55e-01    4.16e-01      7.07e-04    2.22e-03      3.01e-01    2.72e-01    1.3e-06
  66800      4.72e-01    4.65e-01      2.42e-03    9.54e-04      3.10e-01    3.08e-01    1.3e-06
  66900      4.37e-01    4.70e-01      6.72e-04    7.86e-04      2.89e-01    3.11e-01    1.3e-06
  67000      4.48e-01    4.74e-01      9.72e-04    1.05e-03      2.96e-01    3.14e-01    1.3e-06
  67100      4.88e-01    4.61e-01      6.22e-03    1.01e-03      2.97e-01    3.05e-01    1.3e-06
  67200      4.81e-01    4.59e-01      6.37e-03    1.25e-03      2.91e-01    3.03e-01    1.3e-06
  67300      4.63e-01    4.57e-01      1.47e-03    2.89e-03      3.06e-01    2.98e-01    1.3e-06
  67400      4.39e-01    4.24e-01      1.13e-03    1.94e-03      2.90e-01    2.79e-01    1.3e-06
  67500      4.78e-01    4.19e-01      1.22e-03    1.34e-03      3.17e-01    2.77e-01    1.3e-06
  67600      4.58e-01    4.27e-01      7.15e-04    2.09e-03      3.04e-01    2.80e-01    1.3e-06
  67700      4.82e-01    4.73e-01      2.61e-03    2.18e-03      3.16e-01    3.11e-01    1.3e-06
  67800      4.46e-01    4.33e-01      1.17e-03    7.28e-04      2.95e-01    2.87e-01    1.3e-06
  67900      4.42e-01    4.67e-01      3.33e-04    1.02e-03      2.93e-01    3.09e-01    1.3e-06
  68000      4.81e-01    4.69e-01      4.15e-03    1.95e-03      3.08e-01    3.09e-01    1.3e-06
  68100      5.12e-01    4.62e-01      8.33e-03    2.29e-03      2.93e-01    3.03e-01    1.3e-06
  68200      4.97e-01    4.23e-01      6.33e-03    1.96e-03      3.03e-01    2.78e-01    1.3e-06
  68300      4.67e-01    4.20e-01      2.05e-03    2.03e-03      3.07e-01    2.76e-01    1.3e-06
  68400      4.92e-01    4.15e-01      3.75e-03    1.06e-03      3.17e-01    2.74e-01    1.3e-06
  68500      4.61e-01    4.75e-01      2.84e-04    1.93e-03      3.06e-01    3.12e-01    1.3e-06
  68600      6.17e-01    4.28e-01      1.10e-02    1.92e-03      3.38e-01    2.81e-01    1.3e-06
  68700      5.13e-01    4.26e-01      5.77e-03    2.45e-03      3.20e-01    2.78e-01    1.3e-06
  68800      4.43e-01    4.75e-01      8.45e-04    8.39e-04      2.94e-01    3.15e-01    1.3e-06
  68900      4.69e-01    5.06e-01      2.31e-03    5.88e-03      3.08e-01    3.12e-01    1.3e-06
  69000      4.81e-01    4.71e-01      6.38e-03    1.50e-03      2.91e-01    3.11e-01    1.3e-06
  69100      4.37e-01    4.70e-01      9.96e-04    8.24e-04      2.90e-01    3.11e-01    1.3e-06
  69200      4.72e-01    4.55e-01      2.67e-03    3.51e-03      3.09e-01    2.93e-01    1.3e-06
  69300      4.40e-01    4.79e-01      1.86e-03    2.14e-03      2.89e-01    3.15e-01    1.3e-06
  69400      4.34e-01    4.29e-01      4.05e-04    1.15e-03      2.88e-01    2.84e-01    1.3e-06
  69500      4.87e-01    4.67e-01      5.82e-03    1.09e-03      3.00e-01    3.09e-01    1.3e-06
  69600      4.87e-01    4.30e-01      1.06e-03    9.78e-04      3.23e-01    2.85e-01    1.3e-06
  69700      5.01e-01    4.24e-01      6.67e-03    1.05e-03      3.03e-01    2.80e-01    1.3e-06
  69800      5.19e-01    4.95e-01      6.42e-03    4.28e-03      3.19e-01    3.16e-01    1.3e-06
  69900      4.94e-01    4.30e-01      3.14e-03    1.21e-03      3.22e-01    2.84e-01    1.3e-06
  70000      4.18e-01    3.73e-01      3.20e-03    1.42e-03      3.06e-01    2.79e-01    7.6e-07
  70100      4.39e-01    4.10e-01      3.26e-03    1.23e-03      3.22e-01    3.08e-01    7.6e-07
  70200      4.48e-01    4.05e-01      7.36e-03    1.31e-03      2.91e-01    3.04e-01    7.6e-07
  70300      4.22e-01    4.21e-01      1.46e-03    2.64e-03      3.16e-01    3.12e-01    7.6e-07
  70400      4.04e-01    3.71e-01      7.95e-04    2.05e-03      3.04e-01    2.76e-01    7.6e-07
  70500      4.30e-01    4.13e-01      2.34e-03    1.12e-03      3.20e-01    3.10e-01    7.6e-07
  70600      4.30e-01    4.88e-01      2.31e-03    7.78e-03      3.20e-01    3.18e-01    7.6e-07
  70700      4.35e-01    4.11e-01      3.15e-03    9.34e-04      3.20e-01    3.09e-01    7.6e-07
  70800      4.38e-01    3.74e-01      5.53e-03    1.47e-03      3.04e-01    2.80e-01    7.6e-07
  70900      4.26e-01    4.11e-01      2.36e-03    8.78e-04      3.17e-01    3.09e-01    7.6e-07
  71000      4.26e-01    3.71e-01      2.44e-03    7.96e-04      3.16e-01    2.79e-01    7.6e-07
  71100      5.37e-01    3.76e-01      9.68e-03    1.27e-03      3.32e-01    2.82e-01    7.6e-07
  71200      4.21e-01    4.16e-01      4.87e-03    1.27e-03      2.96e-01    3.12e-01    7.6e-07
  71300      4.31e-01    3.70e-01      1.94e-03    1.24e-03      3.22e-01    2.77e-01    7.6e-07
  71400      4.25e-01    4.01e-01      3.50e-03    3.62e-03      3.10e-01    2.90e-01    7.6e-07
  71500      4.34e-01    3.79e-01      3.05e-03    8.60e-04      3.19e-01    2.85e-01    7.6e-07
  71600      4.03e-01    3.80e-01      4.41e-04    2.54e-03      3.04e-01    2.80e-01    7.6e-07
  71700      5.45e-01    3.77e-01      9.93e-03    4.35e-04      3.35e-01    2.84e-01    7.6e-07
  71800      4.12e-01    4.09e-01      3.21e-03    3.84e-03      3.02e-01    2.95e-01    7.6e-07
  71900      4.35e-01    3.74e-01      2.51e-03    1.40e-03      3.23e-01    2.80e-01    7.6e-07
  72000      3.89e-01    4.38e-01      1.73e-03    4.38e-03      2.90e-01    3.13e-01    7.6e-07
  72100      3.86e-01    3.72e-01      2.36e-03    1.34e-03      2.85e-01    2.78e-01    7.6e-07
  72200      5.30e-01    3.78e-01      8.96e-03    1.34e-03      3.37e-01    2.83e-01    7.6e-07
  72300      4.31e-01    3.69e-01      4.39e-03    1.39e-03      3.09e-01    2.76e-01    7.6e-07
  72400      4.17e-01    3.72e-01      2.78e-03    6.58e-04      3.08e-01    2.80e-01    7.6e-07
  72500      4.10e-01    4.11e-01      2.37e-03    6.86e-04      3.04e-01    3.09e-01    7.6e-07
  72600      4.32e-01    3.71e-01      3.45e-03    1.17e-03      3.16e-01    2.78e-01    7.6e-07
  72700      3.92e-01    3.79e-01      1.87e-04    8.72e-04      2.95e-01    2.85e-01    7.6e-07
  72800      5.57e-01    3.79e-01      1.04e-02    2.24e-03      3.38e-01    2.81e-01    7.6e-07
  72900      4.06e-01    4.13e-01      2.22e-03    9.97e-04      3.02e-01    3.11e-01    7.6e-07
  73000      3.90e-01    3.81e-01      6.61e-04    1.24e-03      2.94e-01    2.86e-01    7.6e-07
  73100      5.00e-01    3.68e-01      7.56e-03    1.71e-03      3.31e-01    2.74e-01    7.6e-07
  73200      4.18e-01    3.70e-01      2.62e-03    1.39e-03      3.09e-01    2.77e-01    7.6e-07
  73300      4.33e-01    3.73e-01      3.36e-03    9.86e-04      3.17e-01    2.80e-01    7.6e-07
  73400      5.33e-01    3.70e-01      9.44e-03    8.44e-04      3.32e-01    2.78e-01    7.6e-07
  73500      4.23e-01    3.70e-01      3.65e-03    9.82e-04      3.07e-01    2.77e-01    7.6e-07
  73600      4.37e-01    3.73e-01      2.87e-03    1.28e-03      3.22e-01    2.80e-01    7.6e-07
  73700      4.14e-01    4.64e-01      3.01e-03    6.49e-03      3.04e-01    3.13e-01    7.6e-07
  73800      4.42e-01    3.80e-01      4.54e-03    8.56e-04      3.17e-01    2.86e-01    7.6e-07
  73900      4.23e-01    4.15e-01      3.64e-03    1.29e-03      3.08e-01    3.11e-01    7.6e-07
  74000      3.82e-01    3.78e-01      3.26e-04    1.60e-03      2.88e-01    2.82e-01    7.6e-07
  74100      3.85e-01    4.05e-01      7.56e-04    1.22e-03      2.90e-01    3.04e-01    7.6e-07
  74200      4.14e-01    3.73e-01      2.54e-03    7.60e-04      3.06e-01    2.81e-01    7.6e-07
  74300      3.79e-01    4.12e-01      5.68e-04    1.38e-03      2.85e-01    3.09e-01    7.6e-07
  74400      4.31e-01    4.03e-01      5.59e-03    6.22e-04      2.97e-01    3.04e-01    7.6e-07
  74500      3.83e-01    4.11e-01      9.36e-04    5.83e-04      2.88e-01    3.10e-01    7.6e-07
  74600      4.20e-01    3.86e-01      2.95e-03    1.48e-03      3.09e-01    2.89e-01    7.6e-07
  74700      3.86e-01    4.14e-01      7.48e-04    1.30e-03      2.90e-01    3.11e-01    7.6e-07
  74800      4.27e-01    4.03e-01      1.68e-03    9.65e-04      3.20e-01    3.03e-01    7.6e-07
  74900      4.57e-01    4.21e-01      7.85e-03    2.29e-03      2.91e-01    3.13e-01    7.6e-07
  75000      3.79e-01    3.35e-01      2.53e-03    1.51e-03      3.08e-01    2.75e-01    4.6e-07
  75100      4.02e-01    3.73e-01      6.16e-03    1.36e-03      2.93e-01    3.08e-01    4.6e-07
  75200      3.82e-01    3.76e-01      4.78e-03    5.50e-04      2.92e-01    3.11e-01    4.6e-07
  75300      3.50e-01    3.75e-01      6.66e-04    7.09e-04      2.90e-01    3.10e-01    4.6e-07
  75400      4.25e-01    3.42e-01      7.37e-03    2.17e-03      2.97e-01    2.77e-01    4.6e-07
  75500      3.90e-01    3.40e-01      2.73e-03    4.07e-04      3.16e-01    2.81e-01    4.6e-07
  75600      3.80e-01    3.72e-01      3.29e-03    1.44e-03      3.04e-01    3.07e-01    4.6e-07
  75700      3.83e-01    3.61e-01      3.11e-03    1.75e-03      3.08e-01    2.96e-01    4.6e-07
  75800      3.87e-01    3.31e-01      1.96e-03    1.57e-03      3.17e-01    2.71e-01    4.6e-07
  75900      3.77e-01    3.42e-01      1.73e-03    1.54e-03      3.09e-01    2.81e-01    4.6e-07
  76000      3.78e-01    3.40e-01      2.10e-03    9.44e-04      3.09e-01    2.81e-01    4.6e-07
  76100      3.99e-01    3.41e-01      5.71e-03    1.38e-03      2.96e-01    2.80e-01    4.6e-07
  76200      4.77e-01    3.63e-01      8.15e-03    2.63e-03      3.32e-01    2.94e-01    4.6e-07
  76300      3.69e-01    3.41e-01      1.90e-03    1.15e-03      3.02e-01    2.81e-01    4.6e-07
  76400      3.74e-01    3.76e-01      1.85e-03    6.96e-04      3.06e-01    3.11e-01    4.6e-07
  76500      3.97e-01    3.63e-01      4.33e-03    1.29e-03      3.10e-01    2.99e-01    4.6e-07
  76600      3.93e-01    3.38e-01      5.65e-03    1.52e-03      2.92e-01    2.78e-01    4.6e-07
  76700      3.51e-01    3.77e-01      1.05e-04    9.30e-04      2.91e-01    3.11e-01    4.6e-07
  76800      3.55e-01    3.92e-01      8.68e-04    5.52e-03      2.94e-01    2.92e-01    4.6e-07
  76900      3.50e-01    3.68e-01      5.94e-04    9.21e-04      2.90e-01    3.04e-01    4.6e-07
  77000      3.78e-01    3.39e-01      3.02e-03    1.07e-03      3.04e-01    2.80e-01    4.6e-07
  77100      3.76e-01    3.52e-01      3.04e-03    1.60e-03      3.02e-01    2.88e-01    4.6e-07
  77200      3.80e-01    4.37e-01      2.83e-03    6.80e-03      3.06e-01    3.15e-01    4.6e-07
  77300      4.19e-01    3.72e-01      6.51e-03    3.45e-03      3.04e-01    2.96e-01    4.6e-07
  77400      3.50e-01    3.75e-01      1.37e-04    1.59e-03      2.90e-01    3.08e-01    4.6e-07
  77500      3.58e-01    3.75e-01      1.04e-03    4.13e-03      2.95e-01    2.92e-01    4.6e-07
  77600      3.49e-01    3.72e-01      4.19e-04    8.43e-04      2.89e-01    3.08e-01    4.6e-07
  77700      3.77e-01    3.35e-01      2.36e-03    1.10e-03      3.06e-01    2.76e-01    4.6e-07
  77800      4.89e-01    3.81e-01      8.63e-03    6.46e-04      3.36e-01    3.16e-01    4.6e-07
  77900      4.04e-01    3.73e-01      3.53e-03    5.09e-04      3.23e-01    3.09e-01    4.6e-07
  78000      3.99e-01    3.79e-01      2.84e-03    1.26e-03      3.23e-01    3.12e-01    4.6e-07
  78100      3.59e-01    3.43e-01      8.05e-04    1.26e-03      2.97e-01    2.82e-01    4.6e-07
  78200      4.98e-01    3.34e-01      9.34e-03    1.07e-03      3.32e-01    2.76e-01    4.6e-07
  78300      4.06e-01    3.46e-01      4.12e-03    1.36e-03      3.20e-01    2.85e-01    4.6e-07
  78400      3.90e-01    3.41e-01      3.98e-03    1.47e-03      3.07e-01    2.80e-01    4.6e-07
  78500      4.79e-01    3.79e-01      7.96e-03    1.23e-03      3.38e-01    3.13e-01    4.6e-07
  78600      3.45e-01    3.39e-01      5.85e-04    2.02e-03      2.85e-01    2.76e-01    4.6e-07
  78700      4.21e-01    3.74e-01      6.74e-03    9.71e-04      3.03e-01    3.09e-01    4.6e-07
  78800      3.51e-01    3.39e-01      9.17e-04    1.39e-03      2.90e-01    2.79e-01    4.6e-07
  78900      4.02e-01    3.39e-01      6.14e-03    1.36e-03      2.93e-01    2.79e-01    4.6e-07
  79000      3.95e-01    3.79e-01      5.84e-03    1.03e-03      2.91e-01    3.13e-01    4.6e-07
  79100      5.11e-01    3.40e-01      9.68e-03    1.01e-03      3.38e-01    2.81e-01    4.6e-07
  79200      3.83e-01    3.76e-01      2.86e-03    9.45e-04      3.09e-01    3.11e-01    4.6e-07
  79300      4.82e-01    3.41e-01      8.36e-03    1.11e-03      3.34e-01    2.81e-01    4.6e-07
  79400      4.91e-01    3.41e-01      8.78e-03    1.06e-03      3.35e-01    2.81e-01    4.6e-07
  79500      3.52e-01    3.81e-01      1.25e-03    1.79e-03      2.90e-01    3.13e-01    4.6e-07
  79600      4.01e-01    3.69e-01      3.25e-03    3.88e-03      3.22e-01    2.89e-01    4.6e-07
  79700      3.86e-01    3.79e-01      3.92e-03    1.46e-03      3.04e-01    3.12e-01    4.6e-07
  79800      5.06e-01    3.80e-01      9.43e-03    4.69e-04      3.38e-01    3.15e-01    4.6e-07
  79900      4.64e-01    4.14e-01      7.16e-03    5.04e-03      3.35e-01    3.17e-01    4.6e-07
  80000      3.47e-01    3.40e-01      2.22e-03    2.57e-03      3.02e-01    2.93e-01    2.7e-07
  80100      3.81e-01    3.54e-01      4.26e-03    2.39e-04      3.18e-01    3.14e-01    2.7e-07
  80200      3.28e-01    3.46e-01      7.05e-04    3.59e-03      2.90e-01    2.90e-01    2.7e-07
  80300      4.67e-01    3.22e-01      8.66e-03    1.00e-03      3.34e-01    2.84e-01    2.7e-07
  80400      3.67e-01    3.40e-01      3.65e-03    1.31e-03      3.10e-01    2.99e-01    2.7e-07
  80500      3.79e-01    3.13e-01      3.83e-03    1.92e-03      3.20e-01    2.72e-01    2.7e-07
  80600      3.82e-01    3.56e-01      6.22e-03    1.08e-03      2.92e-01    3.14e-01    2.7e-07
  80700      3.28e-01    3.30e-01      4.12e-04    2.24e-03      2.91e-01    2.86e-01    2.7e-07
  80800      3.72e-01    3.18e-01      3.01e-03    1.00e-03      3.20e-01    2.81e-01    2.7e-07
  80900      3.59e-01    3.11e-01      2.95e-03    1.61e-03      3.08e-01    2.72e-01    2.7e-07
  81000      3.50e-01    3.15e-01      2.27e-03    1.01e-03      3.04e-01    2.78e-01    2.7e-07
  81100      3.55e-01    3.64e-01      2.45e-03    4.77e-03      3.08e-01    2.94e-01    2.7e-07
  81200      3.32e-01    3.54e-01      4.43e-04    9.63e-04      2.94e-01    3.12e-01    2.7e-07
  81300      3.71e-01    3.62e-01      5.58e-03    1.67e-03      2.91e-01    3.18e-01    2.7e-07
  81400      4.54e-01    3.46e-01      8.07e-03    7.63e-04      3.32e-01    3.06e-01    2.7e-07
  81500      3.61e-01    3.29e-01      3.10e-03    1.17e-03      3.09e-01    2.90e-01    2.7e-07
  81600      3.60e-01    3.57e-01      3.05e-03    1.12e-03      3.08e-01    3.15e-01    2.7e-07
  81700      3.25e-01    3.16e-01      3.25e-04    1.58e-03      2.88e-01    2.76e-01    2.7e-07
  81800      3.56e-01    3.45e-01      3.03e-03    1.19e-03      3.05e-01    3.04e-01    2.7e-07
  81900      3.49e-01    3.48e-01      2.47e-03    1.03e-03      3.02e-01    3.07e-01    2.7e-07
  82000      3.57e-01    3.20e-01      2.54e-03    8.64e-04      3.09e-01    2.83e-01    2.7e-07
  82100      4.26e-01    3.58e-01      6.42e-03    1.27e-03      3.31e-01    3.15e-01    2.7e-07
  82200      3.91e-01    3.23e-01      6.29e-03    1.33e-03      3.01e-01    2.84e-01    2.7e-07
  82300      3.29e-01    3.81e-01      1.18e-03    4.58e-03      2.90e-01    3.12e-01    2.7e-07
  82400      3.79e-01    3.22e-01      4.19e-03    1.60e-03      3.16e-01    2.82e-01    2.7e-07
  82500      3.57e-01    3.15e-01      2.73e-03    7.97e-04      3.07e-01    2.78e-01    2.7e-07
  82600      3.52e-01    3.52e-01      1.57e-03    1.03e-03      3.09e-01    3.11e-01    2.7e-07
  82700      3.68e-01    3.21e-01      3.98e-03    3.04e-04      3.08e-01    2.84e-01    2.7e-07
  82800      4.63e-01    3.17e-01      8.55e-03    1.53e-03      3.33e-01    2.78e-01    2.7e-07
  82900      3.35e-01    3.19e-01      3.29e-04    1.37e-03      2.97e-01    2.80e-01    2.7e-07
  83000      3.68e-01    3.14e-01      2.74e-03    9.87e-04      3.18e-01    2.77e-01    2.7e-07
  83100      4.61e-01    3.20e-01      8.18e-03    7.52e-04      3.38e-01    2.83e-01    2.7e-07
  83200      3.25e-01    3.44e-01      2.01e-04    2.87e-03      2.88e-01    2.95e-01    2.7e-07
  83300      3.32e-01    4.00e-01      6.68e-04    5.55e-03      2.94e-01    3.18e-01    2.7e-07
  83400      3.27e-01    3.54e-01      3.70e-04    8.42e-04      2.90e-01    3.13e-01    2.7e-07
  83500      3.28e-01    3.14e-01      1.04e-04    7.27e-04      2.91e-01    2.77e-01    2.7e-07
  83600      3.67e-01    3.54e-01      2.21e-03    1.45e-03      3.20e-01    3.12e-01    2.7e-07
  83700      3.56e-01    3.19e-01      3.18e-03    1.14e-03      3.04e-01    2.81e-01    2.7e-07
  83800      3.55e-01    3.39e-01      2.39e-03    2.97e-03      3.08e-01    2.90e-01    2.7e-07
  83900      3.46e-01    3.53e-01      1.94e-03    9.62e-04      3.02e-01    3.12e-01    2.7e-07
  84000      3.49e-01    3.25e-01      1.60e-03    1.73e-03      3.06e-01    2.84e-01    2.7e-07
  84100      3.61e-01    3.49e-01      1.76e-03    1.49e-03      3.17e-01    3.07e-01    2.7e-07
  84200      3.71e-01    4.08e-01      2.46e-03    6.38e-03      3.22e-01    3.14e-01    2.7e-07
  84300      3.62e-01    3.10e-01      3.35e-03    1.37e-03      3.08e-01    2.72e-01    2.7e-07
  84400      3.34e-01    3.20e-01      5.63e-04    1.01e-03      2.95e-01    2.83e-01    2.7e-07
  84500      3.54e-01    3.46e-01      2.85e-03    1.01e-03      3.04e-01    3.05e-01    2.7e-07
  84600      3.40e-01    3.48e-01      2.12e-03    2.13e-03      2.96e-01    3.03e-01    2.7e-07
  84700      3.52e-01    3.92e-01      1.62e-03    5.13e-03      3.09e-01    3.17e-01    2.7e-07
  84800      3.63e-01    3.18e-01      3.25e-03    1.01e-03      3.10e-01    2.80e-01    2.7e-07
  84900      3.55e-01    3.52e-01      2.61e-03    7.18e-04      3.06e-01    3.11e-01    2.7e-07
  85000      3.65e-01    3.87e-01      3.61e-03    5.65e-03      3.23e-01    3.18e-01    1.6e-07
  85100      3.14e-01    3.01e-01      6.62e-04    1.40e-03      2.90e-01    2.76e-01    1.6e-07
  85200      3.13e-01    2.99e-01      7.22e-04    1.17e-03      2.90e-01    2.75e-01    1.6e-07
  85300      3.20e-01    3.09e-01      8.71e-04    1.46e-03      2.95e-01    2.84e-01    1.6e-07
  85400      3.67e-01    3.33e-01      6.08e-03    8.85e-04      2.92e-01    3.08e-01    1.6e-07
  85500      3.18e-01    3.32e-01      7.14e-04    1.24e-03      2.94e-01    3.06e-01    1.6e-07
  85600      3.57e-01    3.44e-01      5.16e-03    1.54e-03      2.96e-01    3.16e-01    1.6e-07
  85700      3.19e-01    3.45e-01      9.53e-04    1.05e-03      2.94e-01    3.19e-01    1.6e-07
  85800      3.81e-01    3.32e-01      6.28e-03    4.86e-04      3.03e-01    3.08e-01    1.6e-07
  85900      3.13e-01    2.97e-01      6.11e-04    1.63e-03      2.90e-01    2.71e-01    1.6e-07
  86000      3.63e-01    3.36e-01      3.42e-03    7.43e-04      3.23e-01    3.11e-01    1.6e-07
  86100      3.59e-01    3.06e-01      3.22e-03    9.34e-04      3.20e-01    2.82e-01    1.6e-07
  86200      3.12e-01    2.97e-01      6.61e-04    1.27e-03      2.88e-01    2.73e-01    1.6e-07
  86300      3.47e-01    3.34e-01      3.20e-03    1.21e-03      3.09e-01    3.08e-01    1.6e-07
  86400      3.54e-01    3.42e-01      3.11e-03    7.61e-04      3.17e-01    3.17e-01    1.6e-07
  86500      3.81e-01    3.34e-01      6.61e-03    3.07e-03      2.97e-01    2.97e-01    1.6e-07
  86600      3.37e-01    3.88e-01      2.81e-03    6.00e-03      3.02e-01    3.14e-01    1.6e-07
  86700      3.45e-01    3.04e-01      3.41e-03    9.08e-04      3.05e-01    2.81e-01    1.6e-07
  86800      3.74e-01    3.12e-01      5.82e-03    2.16e-03      3.04e-01    2.82e-01    1.6e-07
  86900      3.55e-01    3.10e-01      5.31e-03    9.86e-04      2.92e-01    2.86e-01    1.6e-07
  87000      3.14e-01    3.33e-01      2.70e-04    1.47e-03      2.91e-01    3.06e-01    1.6e-07
  87100      3.22e-01    3.31e-01      1.15e-03    3.71e-03      2.97e-01    2.88e-01    1.6e-07
  87200      4.44e-01    3.28e-01      7.93e-03    2.40e-03      3.39e-01    2.97e-01    1.6e-07
  87300      3.54e-01    3.02e-01      2.97e-03    7.15e-04      3.18e-01    2.79e-01    1.6e-07
  87400      4.39e-01    3.04e-01      7.96e-03    1.68e-03      3.32e-01    2.78e-01    1.6e-07
  87500      3.43e-01    3.97e-01      2.96e-03    6.12e-03      3.07e-01    3.22e-01    1.6e-07
  87600      3.47e-01    3.35e-01      3.12e-03    1.21e-03      3.09e-01    3.09e-01    1.6e-07
  87700      3.81e-01    3.10e-01      6.94e-03    1.84e-03      2.91e-01    2.82e-01    1.6e-07
  87800      3.45e-01    3.05e-01      3.09e-03    1.26e-03      3.08e-01    2.81e-01    1.6e-07
  87900      3.08e-01    3.05e-01      3.24e-05    1.47e-03      2.86e-01    2.80e-01    1.6e-07
  88000      4.58e-01    3.40e-01      8.82e-03    3.71e-03      3.36e-01    2.97e-01    1.6e-07
  88100      3.59e-01    3.39e-01      3.68e-03    4.26e-03      3.17e-01    2.89e-01    1.6e-07
  88200      3.64e-01    3.33e-01      4.23e-03    8.48e-04      3.16e-01    3.08e-01    1.6e-07
  88300      3.77e-01    3.09e-01      6.59e-03    1.26e-03      2.93e-01    2.84e-01    1.6e-07
  88400      3.13e-01    2.94e-01      1.22e-04    1.69e-03      2.90e-01    2.68e-01    1.6e-07
  88500      3.44e-01    3.44e-01      2.96e-03    1.11e-03      3.08e-01    3.17e-01    1.6e-07
  88600      3.42e-01    3.82e-01      2.48e-03    5.32e-03      3.09e-01    3.18e-01    1.6e-07
  88700      3.65e-01    3.40e-01      6.01e-03    1.92e-03      2.91e-01    3.10e-01    1.6e-07
  88800      3.50e-01    3.88e-01      3.57e-03    6.11e-03      3.08e-01    3.11e-01    1.6e-07
  88900      4.32e-01    3.00e-01      7.59e-03    1.55e-03      3.32e-01    2.75e-01    1.6e-07
  89000      3.53e-01    3.37e-01      2.50e-03    6.23e-04      3.20e-01    3.12e-01    1.6e-07
  89100      3.37e-01    3.32e-01      2.07e-03    1.15e-03      3.06e-01    3.06e-01    1.6e-07
  89200      3.80e-01    3.05e-01      6.37e-03    2.14e-03      3.01e-01    2.76e-01    1.6e-07
  89300      3.14e-01    3.04e-01      4.12e-04    1.19e-03      2.91e-01    2.79e-01    1.6e-07
  89400      4.31e-01    2.95e-01      7.45e-03    1.56e-03      3.34e-01    2.70e-01    1.6e-07
  89500      3.42e-01    3.37e-01      3.17e-03    1.48e-03      3.04e-01    3.10e-01    1.6e-07
  89600      3.11e-01    3.43e-01      5.64e-04    1.39e-03      2.88e-01    3.15e-01    1.6e-07
  89700      4.44e-01    3.36e-01      8.09e-03    7.31e-04      3.36e-01    3.11e-01    1.6e-07
  89800      3.64e-01    3.33e-01      5.96e-03    8.19e-04      2.91e-01    3.08e-01    1.6e-07
  89900      3.32e-01    3.34e-01      2.03e-03    1.11e-03      3.02e-01    3.08e-01    1.6e-07
  90000      4.45e-01    2.90e-01      8.57e-03    1.33e-03      3.36e-01    2.74e-01    9.8e-08
  90100      3.33e-01    3.19e-01      3.14e-03    3.99e-04      3.05e-01    3.04e-01    9.8e-08
  90200      3.10e-01    3.27e-01      3.06e-04    6.41e-04      2.96e-01    3.11e-01    9.8e-08
  90300      3.04e-01    3.27e-01      6.49e-05    5.33e-04      2.90e-01    3.12e-01    9.8e-08
  90400      3.22e-01    3.30e-01      1.93e-03    1.46e-03      3.02e-01    3.13e-01    9.8e-08
  90500      3.68e-01    2.96e-01      5.94e-03    9.78e-04      3.03e-01    2.81e-01    9.8e-08
  90600      4.42e-01    3.28e-01      8.32e-03    1.65e-03      3.38e-01    3.09e-01    9.8e-08
  90700      3.05e-01    3.20e-01      5.24e-04    3.95e-04      2.91e-01    3.05e-01    9.8e-08
  90800      3.67e-01    3.29e-01      5.86e-03    8.18e-04      3.04e-01    3.13e-01    9.8e-08
  90900      3.36e-01    3.35e-01      2.87e-03    1.29e-03      3.09e-01    3.18e-01    9.8e-08
  91000      3.06e-01    2.90e-01      1.03e-03    1.64e-03      2.90e-01    2.72e-01    9.8e-08
  91100      3.24e-01    3.02e-01      1.90e-03    1.84e-03      3.04e-01    2.83e-01    9.8e-08
  91200      3.10e-01    3.73e-01      3.81e-04    5.32e-03      2.96e-01    3.18e-01    9.8e-08
  91300      3.38e-01    3.31e-01      3.09e-03    1.12e-03      3.10e-01    3.14e-01    9.8e-08
  91400      3.04e-01    3.33e-01      8.50e-05    1.32e-03      2.90e-01    3.15e-01    9.8e-08
  91500      3.55e-01    3.32e-01      5.24e-03    2.04e-03      3.01e-01    3.11e-01    9.8e-08
  91600      3.32e-01    3.27e-01      2.49e-03    7.00e-04      3.08e-01    3.11e-01    9.8e-08
  91700      3.03e-01    3.27e-01      7.67e-04    9.67e-04      2.88e-01    3.11e-01    9.8e-08
  91800      3.53e-01    3.00e-01      3.35e-03    8.83e-04      3.23e-01    2.85e-01    9.8e-08
  91900      3.08e-01    3.30e-01      4.51e-04    9.76e-04      2.94e-01    3.13e-01    9.8e-08
  92000      3.58e-01    3.25e-01      5.77e-03    6.08e-04      2.96e-01    3.10e-01    9.8e-08
  92100      3.18e-01    3.23e-01      1.14e-03    6.34e-04      3.02e-01    3.08e-01    9.8e-08
  92200      3.04e-01    3.27e-01      3.74e-04    7.97e-04      2.90e-01    3.11e-01    9.8e-08
  92300      4.33e-01    2.86e-01      7.84e-03    1.47e-03      3.39e-01    2.69e-01    9.8e-08
  92400      3.42e-01    3.32e-01      2.74e-03    1.53e-03      3.17e-01    3.14e-01    9.8e-08
  92500      4.12e-01    2.98e-01      7.00e-03    1.64e-03      3.32e-01    2.80e-01    9.8e-08
  92600      3.66e-01    3.25e-01      6.53e-03    7.77e-04      2.91e-01    3.10e-01    9.8e-08
  92700      4.18e-01    3.02e-01      7.31e-03    1.00e-03      3.32e-01    2.86e-01    9.8e-08
  92800      3.49e-01    3.29e-01      5.42e-03    3.90e-03      2.92e-01    2.92e-01    9.8e-08
  92900      3.50e-01    3.36e-01      2.94e-03    4.62e-03      3.23e-01    2.90e-01    9.8e-08
  93000      3.56e-01    3.28e-01      3.73e-03    1.18e-03      3.22e-01    3.11e-01    9.8e-08
  93100      3.12e-01    3.25e-01      7.89e-04    1.34e-03      2.97e-01    3.07e-01    9.8e-08
  93200      3.10e-01    3.31e-01      1.98e-04    4.89e-04      2.96e-01    3.16e-01    9.8e-08
  93300      3.32e-01    3.04e-01      2.63e-03    1.02e-03      3.08e-01    2.88e-01    9.8e-08
  93400      3.36e-01    3.25e-01      2.88e-03    1.14e-03      3.09e-01    3.09e-01    9.8e-08
  93500      3.26e-01    3.82e-01      2.51e-03    5.90e-03      3.02e-01    3.17e-01    9.8e-08
  93600      3.34e-01    3.19e-01      3.02e-03    5.43e-04      3.07e-01    3.04e-01    9.8e-08
  93700      3.49e-01    3.32e-01      3.18e-03    4.08e-03      3.20e-01    2.93e-01    9.8e-08
  93800      3.64e-01    2.92e-01      6.27e-03    1.27e-03      2.93e-01    2.76e-01    9.8e-08
  93900      4.47e-01    2.98e-01      8.55e-03    1.56e-03      3.39e-01    2.80e-01    9.8e-08
  94000      3.46e-01    2.95e-01      2.81e-03    1.39e-03      3.20e-01    2.78e-01    9.8e-08
  94100      4.40e-01    3.29e-01      8.44e-03    7.92e-04      3.33e-01    3.13e-01    9.8e-08
  94200      3.28e-01    3.20e-01      2.24e-03    7.34e-04      3.07e-01    3.04e-01    9.8e-08
  94300      3.04e-01    3.31e-01      6.46e-05    1.28e-03      2.90e-01    3.13e-01    9.8e-08
  94400      3.08e-01    2.97e-01      4.49e-06    1.66e-03      2.94e-01    2.79e-01    9.8e-08
  94500      3.42e-01    2.94e-01      2.25e-03    1.33e-03      3.20e-01    2.78e-01    9.8e-08
  94600      3.04e-01    3.26e-01      5.48e-04    1.01e-03      2.90e-01    3.10e-01    9.8e-08
  94700      3.05e-01    3.25e-01      4.48e-04    1.48e-03      2.91e-01    3.07e-01    9.8e-08
  94800      3.33e-01    3.00e-01      2.46e-03    8.95e-04      3.10e-01    2.85e-01    9.8e-08
  94900      4.31e-01    2.95e-01      8.01e-03    5.56e-04      3.32e-01    2.81e-01    9.8e-08
  95000      3.59e-01    2.98e-01      6.36e-03    1.33e-03      2.92e-01    2.87e-01    5.9e-08
  95100      4.22e-01    3.22e-01      7.55e-03    6.73e-04      3.38e-01    3.12e-01    5.9e-08
  95200      3.24e-01    3.18e-01      2.29e-03    9.07e-04      3.08e-01    3.08e-01    5.9e-08
  95300      4.23e-01    2.93e-01      7.72e-03    1.02e-03      3.34e-01    2.83e-01    5.9e-08
  95400      2.96e-01    2.90e-01      1.06e-03    8.19e-04      2.86e-01    2.81e-01    5.9e-08
  95500      3.54e-01    2.90e-01      5.70e-03    6.69e-04      2.98e-01    2.81e-01    5.9e-08
  95600      4.39e-01    3.21e-01      8.52e-03    4.46e-04      3.36e-01    3.12e-01    5.9e-08
  95700      3.26e-01    2.90e-01      2.26e-03    1.08e-03      3.09e-01    2.80e-01    5.9e-08
  95800      3.46e-01    3.31e-01      3.85e-03    4.38e-03      3.17e-01    2.94e-01    5.9e-08
  95900      2.96e-01    3.21e-01      1.94e-05    9.25e-04      2.88e-01    3.11e-01    5.9e-08
  96000      3.52e-01    3.24e-01      3.93e-03    8.12e-04      3.22e-01    3.14e-01    5.9e-08
  96100      4.36e-01    3.13e-01      8.49e-03    6.76e-04      3.33e-01    3.04e-01    5.9e-08
  96200      3.23e-01    3.23e-01      2.69e-03    7.99e-04      3.04e-01    3.13e-01    5.9e-08
  96300      4.03e-01    2.92e-01      6.78e-03    1.27e-03      3.32e-01    2.81e-01    5.9e-08
  96400      3.00e-01    2.87e-01      5.19e-05    1.00e-03      2.91e-01    2.77e-01    5.9e-08
  96500      3.03e-01    2.97e-01      1.73e-04    1.62e-03      2.94e-01    2.84e-01    5.9e-08
  96600      3.20e-01    3.17e-01      2.22e-03    6.06e-04      3.04e-01    3.08e-01    5.9e-08
  96700      3.04e-01    3.26e-01      1.13e-03    1.17e-03      2.94e-01    3.15e-01    5.9e-08
  96800      3.29e-01    3.33e-01      2.89e-03    2.16e-03      3.08e-01    3.18e-01    5.9e-08
  96900      4.37e-01    3.16e-01      8.30e-03    1.94e-03      3.39e-01    3.02e-01    5.9e-08
  97000      3.06e-01    2.90e-01      4.88e-04    1.49e-03      2.97e-01    2.78e-01    5.9e-08
  97100      4.21e-01    3.21e-01      7.75e-03    3.49e-03      3.32e-01    2.93e-01    5.9e-08
  97200      3.51e-01    2.98e-01      4.18e-03    1.70e-03      3.18e-01    2.85e-01    5.9e-08
  97300      3.37e-01    3.71e-01      2.79e-03    5.73e-03      3.17e-01    3.15e-01    5.9e-08
  97400      2.95e-01    2.92e-01      6.40e-04    9.52e-04      2.86e-01    2.83e-01    5.9e-08
  97500      3.28e-01    2.85e-01      2.82e-03    9.74e-04      3.08e-01    2.75e-01    5.9e-08
  97600      4.24e-01    2.85e-01      7.59e-03    1.39e-03      3.39e-01    2.73e-01    5.9e-08
  97700      3.28e-01    2.84e-01      3.11e-03    8.36e-04      3.05e-01    2.74e-01    5.9e-08
  97800      3.46e-01    3.22e-01      3.59e-03    1.51e-03      3.20e-01    3.10e-01    5.9e-08
  97900      2.97e-01    3.24e-01      4.04e-04    3.87e-03      2.88e-01    2.93e-01    5.9e-08
  98000      3.42e-01    2.89e-01      3.06e-03    1.26e-03      3.20e-01    2.78e-01    5.9e-08
  98100      3.27e-01    3.75e-01      2.39e-03    5.97e-03      3.09e-01    3.14e-01    5.9e-08
  98200      4.28e-01    2.94e-01      7.99e-03    7.56e-04      3.36e-01    2.85e-01    5.9e-08
  98300      3.29e-01    3.30e-01      2.95e-03    4.04e-03      3.08e-01    2.97e-01    5.9e-08
  98400      4.15e-01    2.89e-01      7.42e-03    1.62e-03      3.33e-01    2.76e-01    5.9e-08
  98500      3.55e-01    3.14e-01      5.90e-03    7.18e-04      2.96e-01    3.05e-01    5.9e-08
  98600      3.51e-01    2.90e-01      4.33e-03    1.88e-03      3.16e-01    2.76e-01    5.9e-08
  98700      2.99e-01    3.20e-01      3.39e-04    5.97e-04      2.90e-01    3.11e-01    5.9e-08
  98800      3.33e-01    3.21e-01      3.16e-03    1.09e-03      3.09e-01    3.10e-01    5.9e-08
  98900      3.24e-01    2.87e-01      2.27e-03    1.23e-03      3.08e-01    2.77e-01    5.9e-08
  99000      3.50e-01    3.67e-01      3.64e-03    5.38e-03      3.23e-01    3.15e-01    5.9e-08
  99100      3.29e-01    3.25e-01      3.05e-03    1.45e-03      3.07e-01    3.13e-01    5.9e-08
  99200      3.46e-01    3.19e-01      3.19e-03    3.67e-04      3.23e-01    3.09e-01    5.9e-08
  99300      3.45e-01    2.89e-01      3.60e-03    1.13e-03      3.18e-01    2.78e-01    5.9e-08
  99400      4.10e-01    3.30e-01      7.15e-03    4.29e-03      3.32e-01    2.94e-01    5.9e-08
  99500      3.55e-01    2.90e-01      5.64e-03    1.05e-03      3.01e-01    2.80e-01    5.9e-08
  99600      3.29e-01    3.20e-01      2.63e-03    7.99e-04      3.10e-01    3.11e-01    5.9e-08
  99700      3.46e-01    3.22e-01      3.79e-03    1.03e-03      3.17e-01    3.12e-01    5.9e-08
  99800      4.15e-01    2.88e-01      7.42e-03    1.87e-03      3.32e-01    2.74e-01    5.9e-08
  99900      3.51e-01    2.90e-01      5.86e-03    9.84e-04      2.92e-01    2.80e-01    5.9e-08
 100000      3.02e-01    2.86e-01      9.58e-04    9.25e-04      2.96e-01    2.80e-01    3.5e-08
