Time[ps]      Etot[eV]     Epot[eV]     Ekin[eV]    T[K]
0.0000        -454.2477    -456.5002       2.2525   281.1
0.0500        -453.2102    -455.0186       1.8084   225.7
0.1000        -452.1306    -454.1655       2.0349   253.9
0.1500        -451.7657    -454.1871       2.4214   302.1
0.2000        -452.0525    -454.3473       2.2949   286.4
0.2500        -451.5566    -454.0220       2.4654   307.6
0.3000        -451.7321    -454.3930       2.6609   332.0
0.3500        -452.3940    -454.6647       2.2708   283.3
0.4000        -452.0560    -454.1452       2.0892   260.7
0.4500        -452.1400    -454.2349       2.0949   261.4
0.5000        -452.3804    -454.6386       2.2582   281.8
0.5500        -452.1175    -454.3834       2.2659   282.7
0.6000        -451.6168    -454.0222       2.4054   300.1
0.6500        -451.6615    -453.9841       2.3226   289.8
0.7000        -451.5005    -453.8788       2.3783   296.8
0.7500        -450.9373    -453.9001       2.9628   369.7
0.8000        -450.7756    -453.4921       2.7165   339.0
0.8500        -450.6090    -453.2701       2.6611   332.1
0.9000        -450.8639    -453.5850       2.7211   339.5
0.9500        -450.9528    -453.8065       2.8538   356.1
1.0000        -451.3494    -454.1883       2.8389   354.2
1.0500        -451.1154    -454.3293       3.2138   401.0
1.1000        -451.2184    -454.1137       2.8953   361.3
1.1500        -451.1517    -453.3485       2.1968   274.1
1.2000        -451.4136    -453.9590       2.5454   317.6
1.2500        -451.5660    -454.2008       2.6348   328.8
1.3000        -451.7752    -454.1316       2.3564   294.0
1.3500        -451.5164    -453.5592       2.0428   254.9
1.4000        -452.1719    -454.3347       2.1627   269.9
1.4500        -452.0337    -454.1812       2.1475   268.0
1.5000        -451.8536    -454.0749       2.2213   277.2
1.5500        -451.3853    -454.2556       2.8703   358.2
1.6000        -451.5489    -454.0144       2.4656   307.7
1.6500        -451.6438    -453.9661       2.3223   289.8
1.7000        -451.9209    -454.0947       2.1738   271.2
1.7500        -452.2577    -454.5372       2.2796   284.4
1.8000        -452.1891    -454.5266       2.3376   291.7
1.8500        -451.7201    -454.0549       2.3349   291.3
1.9000        -452.2205    -454.3333       2.1128   263.6
1.9500        -451.9190    -454.0935       2.1746   271.3
2.0000        -452.2158    -454.5117       2.2959   286.5
2.0500        -451.6552    -454.1716       2.5164   314.0
2.1000        -451.8009    -454.0222       2.2213   277.2
2.1500        -451.6731    -453.8903       2.2171   276.7
2.2000        -451.9319    -454.1139       2.1820   272.3
2.2500        -451.8556    -454.2892       2.4336   303.7
2.3000        -451.6303    -453.8431       2.2128   276.1
2.3500        -451.6347    -453.9294       2.2947   286.3
2.4000        -451.8793    -454.0929       2.2136   276.2
2.4500        -451.1523    -453.9342       2.7819   347.1
2.5000        -451.6179    -454.2184       2.6005   324.5
2.5500        -451.7665    -454.0784       2.3119   288.5
2.6000        -451.4139    -454.2826       2.8687   358.0
2.6500        -451.6774    -453.9410       2.2636   282.5
2.7000        -451.3637    -453.9834       2.6198   326.9
2.7500        -451.4201    -453.6822       2.2621   282.3
2.8000        -451.4220    -453.7877       2.3657   295.2
2.8500        -451.9117    -453.9553       2.0436   255.0
2.9000        -451.8201    -454.0280       2.2079   275.5
2.9500        -451.6476    -454.3721       2.7245   340.0
3.0000        -451.6412    -454.2921       2.6510   330.8
3.0500        -451.7612    -453.9814       2.2202   277.0
3.1000        -451.4649    -454.0156       2.5508   318.3
3.1500        -451.5589    -453.9950       2.4362   304.0
3.2000        -451.8551    -453.8687       2.0136   251.3
3.2500        -451.4547    -453.8788       2.4241   302.5
3.3000        -451.3476    -453.9366       2.5890   323.0
3.3500        -451.6356    -453.9333       2.2977   286.7
3.4000        -451.6068    -454.3723       2.7655   345.1
3.4500        -451.8034    -454.1666       2.3632   294.9
3.5000        -451.8576    -454.1983       2.3407   292.1
3.5500        -451.5926    -454.2378       2.6452   330.1
3.6000        -451.2133    -453.7672       2.5539   318.7
3.6500        -451.6595    -454.0703       2.4109   300.8
3.7000        -451.8583    -454.4593       2.6011   324.6
3.7500        -451.9993    -454.3172       2.3179   289.2
3.8000        -451.5677    -454.0953       2.5276   315.4
3.8500        -452.2094    -454.4925       2.2831   284.9
3.9000        -451.9753    -454.3909       2.4157   301.4
3.9500        -452.2250    -454.4855       2.2605   282.1
4.0000        -451.9838    -454.0674       2.0835   260.0
4.0500        -451.7769    -453.9720       2.1950   273.9
4.1000        -451.3576    -454.0457       2.6881   335.4
4.1500        -451.3025    -453.9799       2.6774   334.1
4.2000        -451.4588    -453.6528       2.1940   273.8
4.2500        -451.5486    -453.9205       2.3720   296.0
4.3000        -451.6831    -453.9276       2.2444   280.1
4.3500        -451.8482    -454.1523       2.3040   287.5
4.4000        -451.8231    -454.0850       2.2620   282.2
4.4500        -451.3213    -453.7077       2.3864   297.8
4.5000        -451.4844    -453.8652       2.3808   297.1
4.5500        -451.3262    -453.7495       2.4233   302.4
4.6000        -451.9726    -454.1006       2.1281   265.5
4.6500        -451.9147    -454.3724       2.4578   306.7
4.7000        -452.1871    -454.0794       1.8923   236.1
4.7500        -451.8856    -454.0819       2.1963   274.1
4.8000        -452.2405    -454.0580       1.8175   226.8
4.8500        -451.9653    -454.0342       2.0689   258.2
4.9000        -452.0269    -454.2981       2.2713   283.4
4.9500        -451.8984    -453.8223       1.9239   240.1
5.0000        -451.7122    -454.0338       2.3216   289.7
5.0500        -451.8305    -453.9562       2.1258   265.3
5.1000        -452.3997    -454.6325       2.2328   278.6
5.1500        -452.5697    -454.4849       1.9152   239.0
5.2000        -452.2031    -454.2104       2.0073   250.5
5.2500        -451.5069    -453.9891       2.4823   309.7
5.3000        -451.0719    -453.4969       2.4251   302.6
5.3500        -451.3129    -453.9667       2.6538   331.1
5.4000        -451.4393    -453.8380       2.3987   299.3
5.4500        -451.2055    -453.8707       2.6651   332.6
5.5000        -451.6430    -453.9795       2.3365   291.5
5.5500        -452.0507    -454.4130       2.3623   294.8
5.6000        -451.3179    -454.0138       2.6958   336.4
5.6500        -451.1972    -453.6888       2.4916   310.9
5.7000        -451.1465    -454.0902       2.9437   367.3
5.7500        -451.2011    -453.7733       2.5722   321.0
5.8000        -451.4469    -453.8849       2.4379   304.2
5.8500        -451.1054    -453.7170       2.6117   325.9
5.9000        -450.7929    -453.4073       2.6144   326.2
5.9500        -451.2277    -454.2542       3.0265   377.6
6.0000        -451.7915    -453.8125       2.0209   252.2
6.0500        -452.2446    -454.3068       2.0622   257.3
6.1000        -452.3994    -454.2696       1.8702   233.4
6.1500        -451.8960    -454.1613       2.2653   282.7
6.2000        -451.7904    -454.1362       2.3458   292.7
6.2500        -451.4191    -453.8464       2.4272   302.9
6.3000        -450.9970    -453.5844       2.5874   322.9
6.3500        -451.1732    -453.4272       2.2541   281.3
6.4000        -451.3247    -453.9555       2.6308   328.3
6.4500        -451.3768    -453.7842       2.4074   300.4
6.5000        -451.8147    -453.9615       2.1468   267.9
6.5500        -451.8998    -454.1686       2.2689   283.1
6.6000        -451.2358    -454.0020       2.7662   345.2
6.6500        -452.0431    -454.1642       2.1211   264.7
6.7000        -451.4830    -453.8749       2.3919   298.5
6.7500        -451.4140    -453.6125       2.1985   274.3
6.8000        -451.2514    -453.6880       2.4366   304.0
6.8500        -451.3460    -453.8775       2.5315   315.9
6.9000        -451.6157    -454.1226       2.5070   312.8
6.9500        -451.9719    -454.2729       2.3010   287.1
7.0000        -451.4587    -454.0530       2.5943   323.7
7.0500        -452.0131    -454.1933       2.1802   272.0
7.1000        -452.0522    -454.0592       2.0070   250.4
7.1500        -452.2610    -454.4250       2.1640   270.0
7.2000        -451.5282    -453.9245       2.3963   299.0
7.2500        -451.4933    -454.1393       2.6460   330.2
7.3000        -451.6359    -454.0336       2.3977   299.2
7.3500        -451.6282    -453.7166       2.0884   260.6
7.4000        -452.0774    -454.4652       2.3877   297.9
7.4500        -452.1743    -454.6241       2.4497   305.7
7.5000        -452.3194    -454.5880       2.2686   283.1
7.5500        -452.2184    -454.2709       2.0525   256.1
7.6000        -451.8929    -454.3171       2.4241   302.5
7.6500        -451.6792    -453.8365       2.1573   269.2
7.7000        -451.0421    -453.8681       2.8260   352.6
7.7500        -451.7624    -454.1890       2.4266   302.8
7.8000        -451.2746    -453.8747       2.6001   324.4
7.8500        -451.2566    -453.7674       2.5108   313.3
7.9000        -450.9320    -453.5474       2.6154   326.4
7.9500        -451.0776    -453.3893       2.3117   288.5
8.0000        -451.5890    -453.9164       2.3275   290.4
8.0500        -451.3264    -453.9950       2.6685   333.0
8.1000        -451.8896    -454.0600       2.1703   270.8
8.1500        -451.8103    -454.1108       2.3005   287.1
8.2000        -451.8944    -454.2797       2.3853   297.6
8.2500        -451.9879    -454.2380       2.2501   280.8
8.3000        -451.7310    -454.2699       2.5389   316.8
8.3500        -451.5942    -453.8856       2.2914   285.9
8.4000        -451.1069    -453.8769       2.7700   345.6
8.4500        -451.6208    -454.0703       2.4495   305.6
8.5000        -451.6155    -454.0081       2.3926   298.6
8.5500        -451.5254    -453.6647       2.1393   266.9
8.6000        -452.1014    -454.1721       2.0707   258.4
8.6500        -451.3476    -453.6425       2.2949   286.4
8.7000        -451.6925    -454.4491       2.7566   344.0
8.7500        -451.6318    -454.3234       2.6916   335.9
8.8000        -451.3359    -453.7975       2.4616   307.2
8.8500        -451.4496    -454.3170       2.8674   357.8
8.9000        -451.7573    -453.8393       2.0820   259.8
8.9500        -451.4859    -453.9407       2.4548   306.3
9.0000        -451.8458    -454.1683       2.3225   289.8
9.0500        -451.3789    -453.9601       2.5811   322.1
9.1000        -450.8871    -453.9676       3.0806   384.4
9.1500        -451.4933    -453.7591       2.2658   282.7
9.2000        -451.7413    -453.9649       2.2235   277.5
9.2500        -451.6683    -453.8463       2.1780   271.8
9.3000        -452.1070    -454.6252       2.5181   314.2
9.3500        -451.4713    -453.8224       2.3510   293.4
9.4000        -451.6517    -454.0305       2.3788   296.8
9.4500        -451.4698    -454.0753       2.6056   325.1
9.5000        -451.6006    -454.1778       2.5772   321.6
9.5500        -451.5072    -454.0905       2.5833   322.3
9.6000        -451.4455    -453.9291       2.4836   309.9
9.6500        -451.2061    -453.6838       2.4778   309.2
9.7000        -451.8699    -454.2532       2.3833   297.4
9.7500        -451.6340    -454.1084       2.4745   308.8
9.8000        -451.3783    -453.7149       2.3366   291.6
9.8500        -451.4738    -453.9046       2.4308   303.3
9.9000        -451.6803    -453.9403       2.2600   282.0
9.9500        -451.2399    -453.7444       2.5045   312.5
10.0000       -451.0586    -453.8364       2.7778   346.6
10.0500       -451.3043    -453.7769       2.4726   308.5
10.1000       -450.9186    -453.2894       2.3708   295.8
10.1500       -451.4504    -453.8718       2.4214   302.1
10.2000       -451.7663    -454.0042       2.2379   279.3
10.2500       -451.5541    -454.1932       2.6391   329.3
10.3000       -451.1754    -453.8976       2.7222   339.7
10.3500       -451.6673    -454.1946       2.5272   315.3
10.4000       -451.3849    -453.9523       2.5674   320.4
10.4500       -451.1386    -453.9873       2.8487   355.5
10.5000       -451.0599    -453.6684       2.6085   325.5
10.5500       -451.4786    -453.8365       2.3579   294.2
10.6000       -451.4928    -453.7256       2.2328   278.6
10.6500       -451.3970    -453.9361       2.5391   316.8
10.7000       -451.8073    -454.1797       2.3723   296.0
10.7500       -451.5487    -454.0758       2.5271   315.3
10.8000       -451.4029    -453.9039       2.5010   312.1
10.8500       -451.8884    -453.7545       1.8661   232.8
10.9000       -451.6234    -453.7053       2.0819   259.8
10.9500       -451.9671    -454.1171       2.1500   268.3
11.0000       -452.0161    -454.4445       2.4284   303.0
11.0500       -451.8109    -454.2602       2.4492   305.6
11.1000       -451.2793    -453.6206       2.3413   292.1
11.1500       -451.4347    -453.7991       2.3644   295.0
11.2000       -451.4403    -453.9155       2.4752   308.9
11.2500       -451.4769    -454.2304       2.7535   343.6
11.3000       -451.1467    -453.7853       2.6386   329.2
11.3500       -451.1942    -453.9469       2.7527   343.5
11.4000       -451.8318    -453.9086       2.0767   259.1
11.4500       -451.5141    -454.0693       2.5552   318.8
11.5000       -451.7203    -454.2068       2.4865   310.3
11.5500       -451.8654    -454.3510       2.4856   310.1
11.6000       -452.0951    -454.0919       1.9969   249.2
11.6500       -452.1523    -454.2803       2.1280   265.5
11.7000       -452.5556    -454.2423       1.6867   210.5
11.7500       -452.6884    -454.5106       1.8222   227.4
11.8000       -452.4141    -454.3430       1.9290   240.7
11.8500       -452.4335    -454.3967       1.9632   245.0
11.9000       -452.0427    -454.4511       2.4084   300.5
11.9500       -451.9627    -454.2841       2.3214   289.7
12.0000       -451.9871    -454.4949       2.5078   312.9
12.0500       -451.6494    -454.0314       2.3821   297.2
12.1000       -451.5007    -453.9802       2.4795   309.4
12.1500       -451.3445    -453.6215       2.2770   284.1
12.2000       -451.3932    -453.8564       2.4631   307.3
12.2500       -450.6308    -453.4511       2.8203   351.9
12.3000       -451.3494    -453.7167       2.3673   295.4
12.3500       -450.8778    -453.6646       2.7868   347.7
12.4000       -450.8195    -453.4022       2.5827   322.3
12.4500       -451.3359    -453.7450       2.4091   300.6
12.5000       -451.1689    -453.4838       2.3148   288.8
12.5500       -451.3827    -453.6586       2.2759   284.0
12.6000       -451.5503    -453.6380       2.0877   260.5
12.6500       -451.5160    -454.0580       2.5420   317.2
12.7000       -451.4633    -453.8189       2.3556   293.9
12.7500       -451.5421    -454.3689       2.8269   352.7
12.8000       -451.5943    -454.1266       2.5323   316.0
12.8500       -451.6430    -453.7098       2.0668   257.9
12.9000       -451.8255    -454.2844       2.4589   306.8
12.9500       -451.7760    -453.8517       2.0757   259.0
13.0000       -451.3477    -454.4357       3.0880   385.3
13.0500       -451.1903    -453.6622       2.4719   308.4
13.1000       -451.4713    -453.9907       2.5193   314.4
13.1500       -451.3980    -453.8022       2.4042   300.0
13.2000       -451.8511    -454.0537       2.2027   274.8
13.2500       -451.4916    -454.1065       2.6149   326.3
13.3000       -451.4264    -453.9892       2.5628   319.8
13.3500       -451.0697    -453.5278       2.4581   306.7
13.4000       -451.3297    -453.9381       2.6084   325.5
13.4500       -451.5833    -454.1100       2.5267   315.3
13.5000       -451.4473    -454.0085       2.5612   319.6
13.5500       -451.5305    -453.9282       2.3977   299.2
13.6000       -451.1617    -453.7595       2.5978   324.2
13.6500       -450.7178    -453.6326       2.9148   363.7
13.7000       -450.9236    -453.4510       2.5274   315.4
13.7500       -450.9502    -453.3109       2.3606   294.6
13.8000       -451.0189    -453.4348       2.4159   301.5
13.8500       -451.3310    -453.9165       2.5854   322.6
13.9000       -451.8514    -454.2881       2.4367   304.1
13.9500       -451.7525    -454.0024       2.2499   280.7
14.0000       -451.8519    -454.1886       2.3367   291.6
14.0500       -452.1732    -454.3067       2.1335   266.2
14.1000       -451.7211    -454.0795       2.3584   294.3
14.1500       -451.5450    -454.2271       2.6821   334.7
14.2000       -451.5332    -453.6855       2.1523   268.6
14.2500       -451.3538    -453.7119       2.3581   294.2
14.3000       -451.3955    -453.6841       2.2886   285.6
14.3500       -451.2934    -454.0014       2.7080   337.9
14.4000       -451.5604    -454.0998       2.5394   316.9
14.4500       -451.8348    -454.1802       2.3454   292.7
14.5000       -451.3953    -453.9790       2.5838   322.4
14.5500       -451.2003    -453.4785       2.2782   284.3
14.6000       -450.9068    -453.4873       2.5805   322.0
14.6500       -451.3336    -453.8367       2.5031   312.3
14.7000       -451.1772    -453.9347       2.7575   344.1
14.7500       -451.1420    -453.7505       2.6086   325.5
14.8000       -451.4204    -454.2520       2.8316   353.3
14.8500       -451.8437    -454.3690       2.5253   315.1
14.9000       -451.5371    -454.0273       2.4902   310.7
14.9500       -451.4183    -454.0247       2.6064   325.2
15.0000       -451.4953    -453.7526       2.2572   281.7
15.0500       -451.4285    -454.1260       2.6975   336.6
15.1000       -451.4972    -453.7297       2.2326   278.6
15.1500       -451.7759    -454.0475       2.2716   283.5
15.2000       -451.7438    -454.2686       2.5247   315.0
15.2500       -451.8975    -454.2642       2.3666   295.3
15.3000       -451.4420    -454.0158       2.5739   321.2
15.3500       -450.9293    -453.8952       2.9659   370.1
15.4000       -450.7999    -453.8937       3.0938   386.0
15.4500       -451.0362    -453.4839       2.4477   305.4
15.5000       -451.1910    -454.0349       2.8439   354.9
15.5500       -451.6407    -454.2056       2.5649   320.0
15.6000       -451.4719    -453.8813       2.4095   300.7
15.6500       -451.4535    -453.7309       2.2774   284.2
15.7000       -451.9169    -454.0376       2.1207   264.6
15.7500       -451.7443    -454.0944       2.3501   293.2
15.8000       -451.3231    -453.6057       2.2825   284.8
15.8500       -451.2308    -453.5393       2.3085   288.1
15.9000       -451.3362    -453.7540       2.4178   301.7
15.9500       -451.3262    -453.9598       2.6336   328.6
16.0000       -452.0677    -454.3262       2.2585   281.8
16.0500       -451.8707    -454.1975       2.3268   290.3
16.1000       -452.1557    -454.3706       2.2149   276.4
16.1500       -452.0469    -454.1196       2.0727   258.6
16.2000       -451.9636    -454.1978       2.2342   278.8
16.2500       -452.1927    -454.4146       2.2219   277.3
16.3000       -452.1084    -454.4492       2.3409   292.1
16.3500       -451.6055    -453.8835       2.2780   284.3
16.4000       -451.3001    -454.0627       2.7625   344.7
16.4500       -450.8461    -453.4695       2.6234   327.3
16.5000       -450.4323    -453.5722       3.1400   391.8
16.5500       -451.2902    -453.3933       2.1031   262.4
16.6000       -451.4253    -454.0001       2.5748   321.3
16.6500       -451.5701    -453.7741       2.2040   275.0
16.7000       -451.4958    -453.8111       2.3153   288.9
16.7500       -451.6750    -453.8491       2.1741   271.3
16.8000       -451.4119    -453.9066       2.4947   311.3
16.8500       -451.0941    -453.8152       2.7211   339.5
16.9000       -451.1054    -453.7778       2.6724   333.5
16.9500       -451.3402    -453.7644       2.4242   302.5
17.0000       -451.2983    -453.9048       2.6066   325.2
17.0500       -451.3743    -453.8473       2.4729   308.6
17.1000       -451.2743    -453.8443       2.5700   320.7
17.1500       -451.0707    -453.7860       2.7154   338.8
17.2000       -451.5131    -454.0388       2.5257   315.2
17.2500       -451.5617    -454.0989       2.5372   316.6
17.3000       -451.8381    -454.0549       2.2168   276.6
17.3500       -451.6544    -454.3071       2.6527   331.0
17.4000       -451.6581    -454.0043       2.3462   292.8
17.4500       -451.9944    -454.6187       2.6242   327.5
17.5000       -451.8184    -454.1721       2.3538   293.7
17.5500       -451.6262    -454.3268       2.7006   337.0
17.6000       -451.7425    -454.5275       2.7849   347.5
17.6500       -451.7458    -453.8988       2.1530   268.6
17.7000       -451.7935    -454.0592       2.2657   282.7
17.7500       -451.8492    -453.8705       2.0212   252.2
17.8000       -451.6825    -453.9390       2.2564   281.6
17.8500       -451.8153    -453.9214       2.1061   262.8
17.9000       -451.6572    -454.2195       2.5623   319.7
17.9500       -452.2038    -454.2066       2.0028   249.9
18.0000       -452.2078    -454.6245       2.4166   301.5
18.0500       -452.1752    -454.4077       2.2326   278.6
18.1000       -452.0008    -454.1123       2.1115   263.5
18.1500       -452.0003    -454.2580       2.2577   281.7
18.2000       -451.7463    -454.2794       2.5331   316.1
18.2500       -452.0201    -454.1276       2.1075   263.0
18.3000       -451.9964    -454.3594       2.3631   294.9
18.3500       -451.7449    -454.2318       2.4869   310.3
18.4000       -451.3313    -454.0123       2.6810   334.5
18.4500       -451.0298    -453.5500       2.5203   314.5
18.5000       -451.0543    -453.8545       2.8002   349.4
18.5500       -451.1441    -453.7863       2.6421   329.7
18.6000       -451.3304    -453.9419       2.6115   325.9
18.6500       -451.4518    -453.7370       2.2852   285.1
18.7000       -451.5798    -454.3604       2.7806   347.0
18.7500       -451.1690    -453.5097       2.3407   292.1
18.8000       -450.9436    -453.7985       2.8548   356.2
18.8500       -451.4228    -453.9898       2.5671   320.3
18.9000       -451.7786    -453.8942       2.1156   264.0
18.9500       -451.6001    -454.0381       2.4381   304.2
19.0000       -451.4077    -453.8358       2.4281   303.0
19.0500       -451.5524    -454.2387       2.6863   335.2
19.1000       -451.3648    -453.6315       2.2667   282.8
19.1500       -451.6933    -454.0569       2.3635   294.9
19.2000       -451.7049    -454.1285       2.4236   302.4
19.2500       -451.0772    -453.7939       2.7166   339.0
19.3000       -451.2140    -453.8737       2.6596   331.9
19.3500       -451.0976    -453.9838       2.8862   360.1
19.4000       -451.6002    -453.9916       2.3914   298.4
19.4500       -451.9145    -453.8635       1.9489   243.2
19.5000       -452.2118    -454.4906       2.2788   284.3
19.5500       -451.7476    -453.9226       2.1750   271.4
19.6000       -451.8751    -454.2487       2.3736   296.2
19.6500       -451.8331    -454.6153       2.7823   347.2
19.7000       -451.8949    -454.1918       2.2968   286.6
19.7500       -451.6464    -454.1153       2.4689   308.1
19.8000       -451.6649    -454.1338       2.4689   308.1
19.8500       -452.1952    -454.5119       2.3167   289.1
19.9000       -452.0778    -454.2018       2.1240   265.0
19.9500       -451.8130    -454.3333       2.5203   314.5
20.0000       -451.4654    -453.5686       2.1032   262.4
20.0500       -451.7935    -453.8234       2.0299   253.3
20.1000       -451.8686    -454.2733       2.4047   300.1
20.1500       -452.2711    -454.1711       1.8999   237.1
20.2000       -451.9984    -454.0576       2.0592   256.9
20.2500       -452.1142    -454.2262       2.1120   263.5
20.3000       -451.6135    -454.0307       2.4172   301.6
20.3500       -451.5663    -454.1820       2.6157   326.4
20.4000       -451.5744    -454.1215       2.5470   317.8
20.4500       -451.5181    -454.1841       2.6660   332.7
20.5000       -451.5351    -453.7712       2.2361   279.0
20.5500       -452.0220    -454.3211       2.2991   286.9
20.6000       -452.2640    -454.2366       1.9726   246.1
20.6500       -451.5965    -453.9853       2.3888   298.1
20.7000       -451.5392    -454.1187       2.5796   321.9
20.7500       -451.5365    -453.6527       2.1162   264.1
20.8000       -451.8906    -454.4958       2.6052   325.1
20.8500       -452.2712    -454.1682       1.8970   236.7
20.9000       -452.1709    -454.1980       2.0271   252.9
20.9500       -451.2505    -453.5892       2.3387   291.8
21.0000       -451.3011    -453.7191       2.4180   301.7
21.0500       -450.9773    -453.7715       2.7942   348.7
21.1000       -451.3578    -454.0033       2.6455   330.1
21.1500       -451.8154    -453.9796       2.1642   270.1
21.2000       -451.7728    -454.1906       2.4178   301.7
21.2500       -451.4310    -453.8273       2.3963   299.0
21.3000       -451.6396    -453.9502       2.3106   288.3
21.3500       -451.9653    -454.4127       2.4474   305.4
21.4000       -451.9506    -454.2194       2.2688   283.1
21.4500       -451.6323    -453.9961       2.3638   295.0
21.5000       -451.3796    -453.9141       2.5345   316.2
21.5500       -451.5698    -453.8525       2.2827   284.8
21.6000       -452.0546    -454.1448       2.0902   260.8
21.6500       -451.5529    -454.1058       2.5530   318.6
21.7000       -451.9786    -454.3377       2.3591   294.4
21.7500       -451.6667    -454.3917       2.7250   340.0
21.8000       -451.5078    -453.9601       2.4523   306.0
21.8500       -451.9816    -454.1748       2.1932   273.7
21.9000       -451.9431    -454.2995       2.3564   294.0
21.9500       -452.4225    -454.4108       1.9883   248.1
22.0000       -451.9400    -453.9291       1.9891   248.2
22.0500       -451.0411    -453.9296       2.8885   360.4
22.1000       -451.0931    -453.6201       2.5270   315.3
22.1500       -451.1083    -453.5373       2.4290   303.1
22.2000       -451.1498    -453.7232       2.5734   321.1
22.2500       -451.8772    -454.2142       2.3371   291.6
22.3000       -451.3631    -453.9072       2.5441   317.4
22.3500       -451.3513    -453.9390       2.5877   322.9
22.4000       -451.3210    -454.0306       2.7096   338.1
22.4500       -451.4256    -454.1329       2.7073   337.8
22.5000       -452.1306    -454.3640       2.2334   278.7
22.5500       -451.6935    -453.9582       2.2647   282.6
22.6000       -451.7605    -454.0750       2.3145   288.8
22.6500       -452.0595    -454.3089       2.2495   280.7
22.7000       -451.9494    -454.4432       2.4938   311.2
22.7500       -451.6768    -454.2336       2.5568   319.0
22.8000       -451.8047    -453.8351       2.0303   253.3
22.8500       -451.7033    -454.3647       2.6614   332.1
22.9000       -451.4636    -453.9608       2.4971   311.6
22.9500       -451.8146    -454.3005       2.4859   310.2
23.0000       -451.6980    -454.1502       2.4522   306.0
23.0500       -451.8999    -454.1093       2.2094   275.7
23.1000       -451.3503    -453.7991       2.4488   305.6
23.1500       -451.8431    -454.2131       2.3700   295.7
23.2000       -452.1088    -454.2825       2.1737   271.2
23.2500       -452.0929    -454.3531       2.2602   282.0
23.3000       -452.0015    -454.4245       2.4230   302.3
23.3500       -451.8104    -454.2155       2.4051   300.1
23.4000       -451.6669    -454.3633       2.6964   336.5
23.4500       -451.5850    -454.3963       2.8113   350.8
23.5000       -451.8358    -454.2912       2.4554   306.4
23.5500       -451.9181    -454.1143       2.1962   274.0
23.6000       -451.9915    -454.4604       2.4689   308.1
23.6500       -451.8826    -454.0327       2.1501   268.3
23.7000       -451.5579    -453.8047       2.2468   280.4
23.7500       -450.8384    -453.7989       2.9605   369.4
23.8000       -451.6174    -453.8910       2.2736   283.7
23.8500       -451.6609    -453.8469       2.1860   272.8
23.9000       -451.5908    -453.9504       2.3597   294.4
23.9500       -451.7370    -453.9825       2.2455   280.2
24.0000       -451.8284    -454.1998       2.3714   295.9
24.0500       -452.0255    -454.2377       2.2122   276.0
24.1000       -451.2262    -453.9067       2.6805   334.5
24.1500       -451.5132    -454.1208       2.6076   325.4
24.2000       -452.0625    -454.3808       2.3183   289.3
24.2500       -451.3269    -453.8400       2.5130   313.6
24.3000       -451.3025    -453.8238       2.5213   314.6
24.3500       -450.9254    -454.0633       3.1379   391.5
24.4000       -450.5601    -453.1832       2.6231   327.3
24.4500       -450.9597    -453.5184       2.5587   319.3
24.5000       -451.5113    -453.7683       2.2570   281.6
24.5500       -451.1983    -453.9180       2.7197   339.4
24.6000       -451.1210    -453.7111       2.5901   323.2
24.6500       -451.6539    -454.0676       2.4138   301.2
24.7000       -452.1697    -454.3809       2.2112   275.9
24.7500       -451.6093    -453.9595       2.3502   293.3
24.8000       -451.6567    -454.4482       2.7915   348.3
24.8500       -451.9457    -454.1149       2.1692   270.7
24.9000       -451.4168    -454.2493       2.8325   353.4
24.9500       -451.4913    -454.0661       2.5748   321.3
25.0000       -451.5527    -454.1867       2.6340   328.7
25.0500       -451.6678    -453.9227       2.2549   281.4
25.1000       -451.7799    -453.9894       2.2095   275.7
25.1500       -451.9738    -454.2044       2.2305   278.3
25.2000       -451.4011    -453.8058       2.4047   300.1
25.2500       -451.3741    -454.0368       2.6627   332.3
25.3000       -451.5206    -454.3283       2.8077   350.3
25.3500       -451.1585    -453.8360       2.6775   334.1
25.4000       -451.1617    -453.6667       2.5050   312.6
25.4500       -451.1522    -453.7090       2.5568   319.0
25.5000       -451.2766    -453.7356       2.4590   306.8
25.5500       -451.4983    -453.7890       2.2907   285.8
25.6000       -451.5122    -454.2485       2.7363   341.4
25.6500       -451.4664    -453.5945       2.1280   265.5
25.7000       -451.5208    -453.7310       2.2102   275.8
25.7500       -451.4657    -453.8398       2.3740   296.2
25.8000       -451.8132    -454.0002       2.1870   272.9
25.8500       -451.7316    -453.8736       2.1420   267.3
25.9000       -451.8859    -454.2457       2.3597   294.4
25.9500       -451.7545    -454.0476       2.2931   286.1
26.0000       -451.7796    -453.9189       2.1393   266.9
26.0500       -451.9164    -454.4803       2.5639   319.9
26.1000       -451.7424    -453.8997       2.1573   269.2
26.1500       -451.4613    -453.5073       2.0459   255.3
26.2000       -451.7610    -454.1790       2.4180   301.7
26.2500       -451.8826    -454.2813       2.3988   299.3
26.3000       -450.9476    -453.8543       2.9067   362.7
26.3500       -450.9107    -453.3591       2.4484   305.5
26.4000       -451.1063    -454.1360       3.0298   378.1
26.4500       -451.4268    -453.8959       2.4691   308.1
26.5000       -451.6178    -453.8354       2.2176   276.7
26.5500       -451.8760    -454.1407       2.2647   282.6
26.6000       -451.4605    -453.8054       2.3449   292.6
26.6500       -451.5022    -453.8234       2.3211   289.6
26.7000       -452.1228    -454.3152       2.1924   273.6
26.7500       -452.2496    -454.2992       2.0497   255.8
26.8000       -452.0334    -454.3248       2.2915   285.9
26.8500       -452.4414    -454.5674       2.1260   265.3
26.9000       -452.0490    -454.4375       2.3885   298.0
26.9500       -451.9149    -454.2679       2.3531   293.6
27.0000       -452.0712    -454.3608       2.2896   285.7
27.0500       -451.8879    -454.1404       2.2524   281.1
27.1000       -451.8292    -454.1956       2.3664   295.3
27.1500       -451.8919    -454.2334       2.3415   292.2
27.2000       -451.7000    -454.0468       2.3467   292.8
27.2500       -451.6925    -453.7939       2.1014   262.2
27.3000       -451.4851    -453.9405       2.4554   306.4
27.3500       -451.7638    -454.1178       2.3540   293.7
27.4000       -452.2495    -454.4638       2.2143   276.3
27.4500       -451.5717    -454.2200       2.6483   330.5
27.5000       -451.7145    -453.9512       2.2367   279.1
27.5500       -451.1371    -453.7710       2.6339   328.7
27.6000       -451.2286    -453.8583       2.6297   328.1
27.6500       -451.2263    -453.8122       2.5858   322.7
27.7000       -451.1810    -453.5390       2.3580   294.2
27.7500       -451.3202    -454.2304       2.9103   363.1
27.8000       -451.1853    -453.4881       2.3028   287.3
27.8500       -451.9743    -453.9490       1.9748   246.4
27.9000       -452.4050    -454.5831       2.1781   271.8
27.9500       -452.0902    -454.1424       2.0521   256.1
28.0000       -451.9098    -453.7879       1.8781   234.4
28.0500       -451.4230    -453.8668       2.4438   304.9
28.1000       -451.8746    -454.3228       2.4482   305.5
28.1500       -452.1840    -454.2761       2.0921   261.0
28.2000       -452.1421    -454.2207       2.0787   259.4
28.2500       -451.7956    -454.2545       2.4589   306.8
28.3000       -451.4015    -453.7662       2.3647   295.1
28.3500       -451.6322    -453.8252       2.1930   273.6
28.4000       -451.3773    -454.1088       2.7315   340.8
28.4500       -451.4940    -454.1344       2.6404   329.5
28.5000       -451.4659    -453.5516       2.0857   260.3
28.5500       -451.6695    -453.6740       2.0045   250.1
28.6000       -452.1661    -454.3965       2.2304   278.3
28.6500       -451.9218    -453.8794       1.9576   244.3
28.7000       -452.1371    -454.4247       2.2875   285.4
28.7500       -452.1322    -454.1938       2.0616   257.2
28.8000       -451.8920    -454.1777       2.2857   285.2
28.8500       -451.7423    -454.0733       2.3311   290.9
28.9000       -451.9372    -454.2549       2.3177   289.2
28.9500       -452.2255    -454.3575       2.1320   266.0
29.0000       -452.1665    -454.3559       2.1893   273.2
29.0500       -451.5342    -453.9068       2.3726   296.1
29.1000       -452.0023    -454.1273       2.1250   265.2
29.1500       -451.7405    -454.2206       2.4802   309.5
29.2000       -451.8408    -454.0932       2.2524   281.1
29.2500       -452.0629    -454.2169       2.1540   268.8
29.3000       -452.0819    -454.4520       2.3701   295.7
29.3500       -452.1203    -454.2789       2.1586   269.4
29.4000       -451.7589    -454.3536       2.5947   323.8
29.4500       -451.6962    -453.8252       2.1289   265.6
29.5000       -450.8770    -453.5261       2.6491   330.6
29.5500       -451.6043    -454.1466       2.5423   317.2
29.6000       -452.2577    -454.0789       1.8212   227.2
29.6500       -452.1538    -454.0863       1.9326   241.1
29.7000       -451.8582    -453.9345       2.0763   259.1
29.7500       -451.4013    -453.7542       2.3528   293.6
29.8000       -451.5583    -453.8633       2.3051   287.6
29.8500       -451.9550    -454.5509       2.5959   323.9
29.9000       -451.8879    -454.4297       2.5418   317.2
29.9500       -451.9130    -454.1279       2.2149   276.4
30.0000       -451.1738    -454.1077       2.9339   366.1
30.0500       -451.2879    -453.9470       2.6591   331.8
30.1000       -450.9965    -453.4830       2.4865   310.3
30.1500       -451.5023    -453.9222       2.4199   302.0
30.2000       -451.7795    -454.1538       2.3743   296.3
30.2500       -451.6463    -454.0537       2.4075   300.4
30.3000       -451.6166    -454.0534       2.4369   304.1
30.3500       -451.3612    -453.9440       2.5827   322.3
30.4000       -451.1314    -453.6639       2.5325   316.0
30.4500       -451.1583    -453.7574       2.5990   324.3
30.5000       -451.2516    -453.6289       2.3774   296.6
30.5500       -451.1279    -453.9500       2.8221   352.1
30.6000       -451.2896    -453.7621       2.4725   308.5
30.6500       -451.1918    -453.7665       2.5747   321.3
30.7000       -451.2880    -453.8233       2.5353   316.4
30.7500       -451.4987    -453.8142       2.3155   288.9
30.8000       -451.6042    -454.1787       2.5745   321.2
30.8500       -451.3712    -454.1053       2.7341   341.2
