#  step      rmse_val    rmse_trn    rmse_e_val  rmse_e_trn    rmse_f_val  rmse_f_trn         lr
      0      3.27e+01    3.14e+01      4.42e-01    4.46e-01      1.04e+00    9.93e-01    1.0e-03
     54      2.76e+01    2.67e+01      4.82e-03    5.98e-03      8.74e-01    8.45e-01    1.0e-03
    108      2.22e+01    2.64e+01      3.14e-01    3.16e-01      7.02e-01    8.35e-01    1.0e-03
    162      2.13e+01    2.00e+01      1.19e-01    2.81e-01      6.72e-01    6.32e-01    1.0e-03
    216      1.17e+01    1.24e+01      4.27e-02    3.65e-02      3.69e-01    3.92e-01    1.0e-03
    270      1.61e+01    1.20e+01      2.06e-01    9.97e-01      5.10e-01    3.79e-01    1.0e-03
    324      1.04e+01    1.11e+01      9.81e-02    9.96e-02      3.29e-01    3.51e-01    1.0e-03
    378      1.19e+01    1.10e+01      2.33e-01    1.25e-01      3.76e-01    3.47e-01    1.0e-03
    432      1.08e+01    9.35e+00      3.12e-02    4.21e-01      3.42e-01    2.95e-01    1.0e-03
    486      1.00e+01    1.02e+01      2.45e-02    1.49e-01      3.17e-01    3.23e-01    1.0e-03
    540      9.40e+00    8.97e+00      9.80e-02    2.11e-01      2.97e-01    2.84e-01    1.0e-03
    594      9.66e+00    8.62e+00      1.54e-02    1.61e-01      3.06e-01    2.73e-01    1.0e-03
    648      7.94e+00    8.93e+00      3.38e-02    3.00e-01      2.51e-01    2.82e-01    1.0e-03
    702      1.00e+01    1.23e+01      1.33e-01    2.59e-02      3.17e-01    3.90e-01    1.0e-03
    756      1.06e+01    8.66e+00      6.62e-02    1.48e-01      3.36e-01    2.74e-01    1.0e-03
    810      8.14e+00    7.12e+00      1.21e-01    8.67e-02      2.57e-01    2.25e-01    1.0e-03
    864      7.28e+00    7.87e+00      1.02e-01    1.00e-01      2.30e-01    2.49e-01    1.0e-03
    918      6.92e+00    7.91e+00      2.03e-02    2.44e-02      2.19e-01    2.50e-01    1.0e-03
    972      6.17e+00    7.25e+00      1.00e-02    6.82e-03      1.95e-01    2.29e-01    1.0e-03
   1026      7.49e+00    7.51e+00      3.57e-02    4.64e-02      2.37e-01    2.37e-01    1.0e-03
   1080      8.48e+00    7.61e+00      6.65e-02    3.31e-02      2.68e-01    2.41e-01    1.0e-03
   1134      8.19e+00    6.48e+00      3.80e-02    1.48e-01      2.59e-01    2.05e-01    1.0e-03
   1188      6.25e+00    7.47e+00      1.36e-01    1.37e-01      1.98e-01    2.36e-01    1.0e-03
   1242      1.02e+01    5.89e+00      9.46e-02    7.88e-03      3.22e-01    1.86e-01    1.0e-03
   1296      8.45e+00    5.90e+00      1.46e-01    8.70e-02      2.67e-01    1.87e-01    1.0e-03
   1350      7.09e+00    7.68e+00      1.82e-01    1.84e-01      2.24e-01    2.43e-01    1.0e-03
   1404      7.44e+00    6.97e+00      7.67e-02    3.51e-03      2.35e-01    2.20e-01    1.0e-03
   1458      7.33e+00    6.91e+00      2.67e-02    2.84e-02      2.32e-01    2.19e-01    1.0e-03
   1512      8.56e+00    5.78e+00      6.12e-02    7.09e-02      2.71e-01    1.83e-01    1.0e-03
   1566      5.63e+00    5.50e+00      1.96e-01    1.22e-01      1.78e-01    1.74e-01    1.0e-03
   1620      5.85e+00    6.02e+00      1.72e-03    7.51e-02      1.85e-01    1.90e-01    1.0e-03
   1674      6.76e+00    5.34e+00      1.61e-02    7.79e-03      2.14e-01    1.69e-01    1.0e-03
   1728      5.51e+00    6.97e+00      1.39e-02    6.90e-02      1.74e-01    2.20e-01    1.0e-03
   1782      6.41e+00    6.53e+00      5.51e-02    2.50e-02      2.03e-01    2.07e-01    1.0e-03
   1836      5.80e+00    6.47e+00      2.70e-02    9.96e-02      1.83e-01    2.04e-01    1.0e-03
   1890      5.76e+00    6.22e+00      3.11e-02    4.92e-02      1.82e-01    1.97e-01    1.0e-03
   1944      6.39e+00    6.92e+00      1.94e-01    1.90e-01      2.02e-01    2.19e-01    1.0e-03
   1998      7.59e+00    5.32e+00      4.55e-01    9.58e-02      2.39e-01    1.68e-01    1.0e-03
   2052      6.51e+00    6.82e+00      8.13e-02    8.18e-02      2.06e-01    2.16e-01    1.0e-03
   2106      7.58e+00    8.10e+00      7.13e-02    6.68e-02      2.40e-01    2.56e-01    1.0e-03
   2160      9.77e+00    6.08e+00      2.98e-02    3.43e-02      3.09e-01    1.92e-01    1.0e-03
   2214      1.10e+01    6.71e+00      3.71e-01    1.36e-01      3.47e-01    2.12e-01    1.0e-03
   2268      7.24e+00    4.81e+00      2.37e-01    2.00e-01      2.29e-01    1.52e-01    1.0e-03
   2322      6.72e+00    6.53e+00      1.85e-02    8.58e-02      2.13e-01    2.07e-01    1.0e-03
   2376      6.32e+00    6.30e+00      4.42e-02    4.69e-02      2.00e-01    1.99e-01    1.0e-03
   2430      6.57e+00    6.19e+00      1.37e-03    8.15e-02      2.08e-01    1.96e-01    1.0e-03
   2484      6.32e+00    6.62e+00      6.34e-02    2.76e-02      2.00e-01    2.09e-01    1.0e-03
   2538      9.86e+00    8.94e+00      1.82e-01    3.19e-01      3.12e-01    2.82e-01    1.0e-03
   2592      7.02e+00    6.38e+00      7.50e-02    7.42e-02      2.22e-01    2.02e-01    1.0e-03
   2646      6.17e+00    6.78e+00      9.09e-03    6.95e-02      1.95e-01    2.14e-01    1.0e-03
   2700      6.00e+00    4.51e+00      1.34e-01    5.25e-02      1.90e-01    1.43e-01    1.0e-03
   2754      6.19e+00    6.51e+00      2.49e-02    2.79e-02      1.96e-01    2.06e-01    1.0e-03
   2808      7.37e+00    4.48e+00      1.31e-01    1.04e-02      2.33e-01    1.42e-01    1.0e-03
   2862      1.12e+01    1.07e+01      6.23e-01    6.20e-01      3.54e-01    3.36e-01    1.0e-03
   2916      6.71e+00    6.74e+00      4.17e-01    4.16e-01      2.11e-01    2.12e-01    1.0e-03
   2970      6.77e+00    6.00e+00      3.14e-02    3.14e-02      2.14e-01    1.90e-01    1.0e-03
   3024      5.37e+00    6.24e+00      4.79e-02    4.21e-02      1.70e-01    1.97e-01    1.0e-03
   3078      5.84e+00    6.02e+00      3.25e-02    6.70e-02      1.85e-01    1.90e-01    1.0e-03
   3132      1.10e+01    6.61e+00      4.44e-03    7.69e-02      3.48e-01    2.09e-01    1.0e-03
   3186      9.01e+00    9.77e+00      5.90e-02    5.80e-02      2.85e-01    3.09e-01    1.0e-03
   3240      8.15e+00    8.28e+00      8.02e-02    1.71e-02      2.58e-01    2.62e-01    1.0e-03
   3294      6.30e+00    5.94e+00      9.37e-04    9.20e-02      1.99e-01    1.88e-01    1.0e-03
   3348      6.40e+00    4.60e+00      5.54e-02    7.29e-03      2.02e-01    1.45e-01    1.0e-03
   3402      4.69e+00    5.89e+00      3.01e-02    2.84e-02      1.48e-01    1.86e-01    1.0e-03
   3456      6.39e+00    6.41e+00      2.41e-02    2.26e-02      2.02e-01    2.03e-01    1.0e-03
   3510      5.66e+00    5.07e+00      6.22e-02    6.33e-02      1.79e-01    1.60e-01    1.0e-03
   3564      5.90e+00    6.02e+00      6.60e-03    1.03e-01      1.86e-01    1.90e-01    1.0e-03
   3618      6.60e+00    6.12e+00      3.15e-02    3.08e-02      2.09e-01    1.93e-01    1.0e-03
   3672      5.14e+00    4.44e+00      5.88e-02    8.94e-03      1.62e-01    1.41e-01    1.0e-03
   3726      7.19e+00    6.58e+00      9.10e-03    8.77e-02      2.27e-01    2.08e-01    1.0e-03
   3780      6.67e+00    6.50e+00      2.26e-01    1.28e-01      2.11e-01    2.05e-01    1.0e-03
   3834      5.16e+00    6.01e+00      7.06e-02    6.93e-02      1.63e-01    1.90e-01    1.0e-03
   3888      5.32e+00    6.46e+00      4.35e-02    4.07e-02      1.68e-01    2.04e-01    1.0e-03
   3942      5.88e+00    5.68e+00      2.09e-02    2.41e-02      1.86e-01    1.79e-01    1.0e-03
   3996      6.49e+00    5.27e+00      1.02e-01    1.10e-02      2.05e-01    1.67e-01    1.0e-03
   4050      5.76e+00    4.64e+00      7.96e-02    5.99e-02      1.82e-01    1.47e-01    1.0e-03
   4104      5.42e+00    5.82e+00      2.04e-02    1.89e-02      1.71e-01    1.84e-01    1.0e-03
   4158      5.01e+00    5.76e+00      3.28e-02    3.34e-02      1.58e-01    1.82e-01    1.0e-03
   4212      4.45e+00    5.50e+00      4.01e-02    3.80e-02      1.41e-01    1.74e-01    1.0e-03
   4266      6.64e+00    4.62e+00      5.72e-02    3.13e-02      2.10e-01    1.46e-01    1.0e-03
   4320      6.02e+00    6.41e+00      2.86e-02    2.92e-02      1.90e-01    2.03e-01    1.0e-03
   4374      6.11e+00    4.36e+00      4.73e-02    2.57e-02      1.93e-01    1.38e-01    1.0e-03
   4428      6.51e+00    6.69e+00      1.61e-02    1.24e-02      2.06e-01    2.12e-01    1.0e-03
   4482      1.05e+01    5.81e+00      2.95e-02    2.91e-02      3.32e-01    1.84e-01    1.0e-03
   4536      4.64e+00    5.90e+00      1.20e-01    1.18e-01      1.47e-01    1.86e-01    1.0e-03
   4590      5.37e+00    4.16e+00      1.17e-02    2.43e-02      1.70e-01    1.32e-01    1.0e-03
   4644      4.70e+00    3.94e+00      9.21e-02    1.72e-02      1.49e-01    1.25e-01    1.0e-03
   4698      1.19e+01    6.59e+00      1.42e-01    2.44e-02      3.75e-01    2.08e-01    1.0e-03
   4752      5.57e+00    6.32e+00      4.89e-02    1.44e-01      1.76e-01    2.00e-01    1.0e-03
   4806      5.47e+00    6.44e+00      2.74e-02    2.70e-02      1.73e-01    2.04e-01    1.0e-03
   4860      5.94e+00    4.34e+00      2.58e-02    2.53e-02      1.88e-01    1.37e-01    1.0e-03
   4914      5.05e+00    5.93e+00      9.15e-03    9.30e-02      1.60e-01    1.87e-01    1.0e-03
   4968      4.77e+00    5.59e+00      7.43e-03    5.57e-03      1.51e-01    1.77e-01    1.0e-03
   5022      4.29e+00    3.36e+00      1.75e-01    8.18e-02      2.06e-01    1.68e-01    3.9e-04
   5076      2.98e+00    3.34e+00      1.66e-02    9.88e-02      1.51e-01    1.66e-01    3.9e-04
   5130      2.47e+00    3.30e+00      3.52e-02    3.81e-02      1.25e-01    1.67e-01    3.9e-04
   5184      3.91e+00    2.59e+00      1.55e-02    2.57e-03      1.98e-01    1.32e-01    3.9e-04
   5238      3.40e+00    2.42e+00      8.28e-03    2.29e-03      1.73e-01    1.23e-01    3.9e-04
   5292      3.82e+00    2.43e+00      1.87e-02    4.02e-03      1.94e-01    1.24e-01    3.9e-04
   5346      3.97e+00    4.02e+00      2.31e-01    2.31e-01      1.78e-01    1.81e-01    3.9e-04
   5400      2.54e+00    2.35e+00      4.98e-03    2.48e-02      1.29e-01    1.19e-01    3.9e-04
   5454      4.01e+00    3.09e+00      6.40e-02    1.54e-02      2.02e-01    1.57e-01    3.9e-04
   5508      3.21e+00    2.38e+00      3.87e-02    5.15e-02      1.62e-01    1.20e-01    3.9e-04
   5562      3.64e+00    3.77e+00      7.39e-02    7.21e-02      1.83e-01    1.89e-01    3.9e-04
   5616      3.26e+00    2.44e+00      5.25e-02    3.83e-02      1.64e-01    1.23e-01    3.9e-04
   5670      3.07e+00    3.34e+00      9.63e-02    1.52e-02      1.51e-01    1.70e-01    3.9e-04
   5724      3.56e+00    2.71e+00      2.38e-02    8.23e-02      1.81e-01    1.33e-01    3.9e-04
   5778      3.29e+00    3.67e+00      5.52e-02    5.33e-02      1.65e-01    1.85e-01    3.9e-04
   5832      3.63e+00    3.22e+00      4.32e-02    1.03e-01      1.83e-01    1.59e-01    3.9e-04
   5886      3.27e+00    3.13e+00      6.49e-02    2.57e-03      1.64e-01    1.59e-01    3.9e-04
   5940      3.59e+00    2.59e+00      2.40e-02    2.35e-03      1.82e-01    1.32e-01    3.9e-04
   5994      2.57e+00    3.12e+00      1.93e-03    4.39e-03      1.31e-01    1.59e-01    3.9e-04
   6048      3.59e+00    3.11e+00      3.21e-03    3.41e-03      1.82e-01    1.58e-01    3.9e-04
   6102      4.06e+00    3.55e+00      5.32e-02    5.38e-02      2.05e-01    1.79e-01    3.9e-04
   6156      2.66e+00    3.13e+00      1.90e-02    3.73e-02      1.35e-01    1.58e-01    3.9e-04
   6210      3.52e+00    3.24e+00      6.20e-02    1.17e-02      1.77e-01    1.64e-01    3.9e-04
   6264      3.07e+00    3.32e+00      4.69e-03    3.26e-03      1.56e-01    1.69e-01    3.9e-04
   6318      3.89e+00    2.33e+00      5.81e-02    6.88e-03      1.96e-01    1.18e-01    3.9e-04
   6372      2.82e+00    3.04e+00      3.31e-02    1.77e-02      1.43e-01    1.54e-01    3.9e-04
   6426      3.07e+00    2.30e+00      6.31e-02    2.28e-02      1.54e-01    1.16e-01    3.9e-04
   6480      2.88e+00    3.08e+00      2.57e-02    1.92e-02      1.46e-01    1.56e-01    3.9e-04
   6534      3.30e+00    3.47e+00      7.29e-02    1.81e-02      1.65e-01    1.76e-01    3.9e-04
   6588      2.79e+00    3.25e+00      5.21e-03    4.49e-02      1.42e-01    1.63e-01    3.9e-04
   6642      4.04e+00    3.31e+00      2.88e-02    1.70e-02      2.05e-01    1.68e-01    3.9e-04
   6696      2.84e+00    3.10e+00      5.56e-02    7.98e-03      1.42e-01    1.57e-01    3.9e-04
   6750      3.19e+00    3.25e+00      4.79e-02    6.23e-03      1.61e-01    1.65e-01    3.9e-04
   6804      3.21e+00    3.01e+00      8.60e-03    3.36e-02      1.63e-01    1.52e-01    3.9e-04
   6858      3.67e+00    3.49e+00      1.95e-02    1.98e-02      1.86e-01    1.77e-01    3.9e-04
   6912      3.67e+00    3.08e+00      1.47e-03    3.80e-02      1.87e-01    1.55e-01    3.9e-04
   6966      3.19e+00    3.19e+00      2.25e-02    4.99e-02      1.62e-01    1.61e-01    3.9e-04
   7020      3.17e+00    2.37e+00      5.59e-02    5.18e-02      1.59e-01    1.19e-01    3.9e-04
   7074      2.57e+00    3.35e+00      1.06e-02    8.26e-03      1.30e-01    1.70e-01    3.9e-04
   7128      3.10e+00    3.38e+00      3.87e-02    3.41e-02      1.57e-01    1.71e-01    3.9e-04
   7182      2.82e+00    3.17e+00      4.89e-02    1.52e-02      1.42e-01    1.61e-01    3.9e-04
   7236      3.44e+00    2.35e+00      2.28e-02    5.29e-03      1.75e-01    1.20e-01    3.9e-04
   7290      4.40e+00    3.40e+00      3.43e-02    3.61e-02      2.23e-01    1.72e-01    3.9e-04
   7344      3.18e+00    2.31e+00      2.33e-02    6.67e-02      1.61e-01    1.15e-01    3.9e-04
   7398      3.01e+00    2.32e+00      6.20e-02    2.95e-02      1.51e-01    1.17e-01    3.9e-04
   7452      3.30e+00    3.60e+00      5.45e-02    5.31e-02      1.66e-01    1.82e-01    3.9e-04
   7506      2.78e+00    3.37e+00      1.67e-02    1.66e-02      1.41e-01    1.71e-01    3.9e-04
   7560      3.88e+00    2.97e+00      3.91e-02    6.10e-02      1.96e-01    1.49e-01    3.9e-04
   7614      3.17e+00    2.47e+00      5.87e-02    3.14e-02      1.59e-01    1.25e-01    3.9e-04
   7668      3.27e+00    2.54e+00      4.12e-02    3.34e-02      1.65e-01    1.28e-01    3.9e-04
   7722      2.95e+00    3.21e+00      5.39e-02    5.19e-02      1.48e-01    1.61e-01    3.9e-04
   7776      3.26e+00    3.21e+00      7.87e-02    9.00e-02      1.62e-01    1.56e-01    3.9e-04
   7830      2.88e+00    2.33e+00      2.00e-02    2.75e-02      1.46e-01    1.18e-01    3.9e-04
   7884      2.83e+00    3.55e+00      8.08e-03    7.61e-03      1.44e-01    1.81e-01    3.9e-04
   7938      3.16e+00    2.44e+00      3.47e-03    5.16e-03      1.60e-01    1.24e-01    3.9e-04
   7992      3.33e+00    2.51e+00      8.91e-02    5.36e-02      1.65e-01    1.25e-01    3.9e-04
   8046      3.09e+00    3.57e+00      9.34e-02    9.10e-02      1.52e-01    1.77e-01    3.9e-04
   8100      3.28e+00    2.86e+00      5.24e-02    3.36e-02      1.65e-01    1.45e-01    3.9e-04
   8154      3.44e+00    2.93e+00      1.52e-02    3.16e-02      1.74e-01    1.48e-01    3.9e-04
   8208      3.59e+00    3.41e+00      3.27e-02    3.11e-02      1.82e-01    1.73e-01    3.9e-04
   8262      3.94e+00    3.45e+00      5.02e-02    4.92e-02      1.99e-01    1.74e-01    3.9e-04
   8316      2.57e+00    2.51e+00      6.45e-02    2.52e-02      1.28e-01    1.27e-01    3.9e-04
   8370      3.51e+00    2.69e+00      1.71e-02    5.53e-02      1.78e-01    1.34e-01    3.9e-04
   8424      2.92e+00    3.09e+00      7.35e-03    6.09e-03      1.48e-01    1.57e-01    3.9e-04
   8478      3.49e+00    3.30e+00      1.34e-02    5.18e-03      1.77e-01    1.68e-01    3.9e-04
   8532      3.06e+00    2.52e+00      7.19e-02    1.08e-02      1.53e-01    1.28e-01    3.9e-04
   8586      3.13e+00    3.45e+00      2.42e-02    2.86e-02      1.59e-01    1.75e-01    3.9e-04
   8640      3.92e+00    2.94e+00      2.64e-03    1.58e-02      1.99e-01    1.49e-01    3.9e-04
   8694      3.34e+00    2.25e+00      1.69e-02    3.77e-02      1.69e-01    1.13e-01    3.9e-04
   8748      2.75e+00    3.22e+00      3.91e-03    6.54e-03      1.39e-01    1.64e-01    3.9e-04
   8802      3.85e+00    3.22e+00      2.77e-02    1.32e-02      1.95e-01    1.64e-01    3.9e-04
   8856      2.85e+00    3.03e+00      5.61e-02    3.68e-02      1.43e-01    1.53e-01    3.9e-04
   8910      3.97e+00    2.41e+00      9.63e-02    1.09e-01      1.98e-01    1.17e-01    3.9e-04
   8964      3.98e+00    4.46e+00      1.55e-02    1.18e-02      2.02e-01    2.27e-01    3.9e-04
   9018      2.92e+00    3.23e+00      1.45e-02    1.37e-02      1.48e-01    1.64e-01    3.9e-04
   9072      3.52e+00    2.93e+00      3.32e-03    5.82e-03      1.79e-01    1.49e-01    3.9e-04
   9126      2.74e+00    2.89e+00      8.69e-03    1.27e-03      1.39e-01    1.47e-01    3.9e-04
   9180      3.37e+00    3.01e+00      2.13e-02    1.51e-02      1.71e-01    1.53e-01    3.9e-04
   9234      3.30e+00    2.94e+00      6.79e-02    4.59e-02      1.66e-01    1.48e-01    3.9e-04
   9288      2.70e+00    3.25e+00      7.72e-02    8.11e-02      1.33e-01    1.62e-01    3.9e-04
   9342      3.12e+00    3.85e+00      4.57e-03    5.69e-03      1.58e-01    1.96e-01    3.9e-04
   9396      3.75e+00    3.07e+00      5.50e-03    5.71e-03      1.90e-01    1.56e-01    3.9e-04
   9450      4.03e+00    2.78e+00      4.82e-02    1.63e-02      2.04e-01    1.41e-01    3.9e-04
   9504      3.49e+00    2.49e+00      2.56e-02    2.57e-03      1.77e-01    1.27e-01    3.9e-04
   9558      2.89e+00    3.06e+00      3.03e-03    2.95e-03      1.47e-01    1.55e-01    3.9e-04
   9612      2.89e+00    2.46e+00      5.17e-03    2.05e-02      1.47e-01    1.25e-01    3.9e-04
   9666      3.05e+00    3.03e+00      5.85e-02    7.49e-02      1.53e-01    1.51e-01    3.9e-04
   9720      2.98e+00    2.98e+00      2.36e-02    1.37e-02      1.51e-01    1.52e-01    3.9e-04
   9774      3.18e+00    2.42e+00      5.15e-02    5.22e-02      1.60e-01    1.22e-01    3.9e-04
   9828      2.58e+00    3.10e+00      2.29e-02    1.03e-02      1.31e-01    1.57e-01    3.9e-04
   9882      3.22e+00    2.55e+00      3.16e-02    4.68e-02      1.63e-01    1.28e-01    3.9e-04
   9936      3.29e+00    2.66e+00      3.95e-02    7.92e-02      1.66e-01    1.30e-01    3.9e-04
   9990      2.79e+00    3.19e+00      2.17e-02    2.43e-02      1.42e-01    1.62e-01    3.9e-04
  10044      1.63e+00    1.34e+00      6.33e-04    1.19e-03      1.33e-01    1.09e-01    1.5e-04
  10098      1.83e+00    1.85e+00      7.67e-03    5.58e-03      1.49e-01    1.51e-01    1.5e-04
  10152      1.93e+00    1.86e+00      4.75e-03    3.74e-03      1.57e-01    1.52e-01    1.5e-04
  10206      1.88e+00    1.39e+00      2.99e-03    1.82e-03      1.53e-01    1.13e-01    1.5e-04
  10260      2.06e+00    2.00e+00      1.47e-03    8.70e-03      1.68e-01    1.63e-01    1.5e-04
  10314      1.50e+00    1.39e+00      4.51e-03    4.63e-03      1.23e-01    1.13e-01    1.5e-04
  10368      1.37e+00    1.92e+00      7.94e-03    8.86e-03      1.11e-01    1.56e-01    1.5e-04
  10422      1.94e+00    1.38e+00      3.01e-03    3.09e-03      1.58e-01    1.13e-01    1.5e-04
  10476      1.99e+00    1.35e+00      7.12e-03    6.56e-03      1.62e-01    1.10e-01    1.5e-04
  10530      1.61e+00    1.36e+00      3.22e-03    3.44e-03      1.31e-01    1.11e-01    1.5e-04
  10584      1.98e+00    1.39e+00      6.40e-05    2.76e-03      1.62e-01    1.14e-01    1.5e-04
  10638      2.57e+00    1.79e+00      4.16e-04    4.07e-03      2.10e-01    1.46e-01    1.5e-04
  10692      1.81e+00    1.95e+00      1.52e-02    1.48e-02      1.47e-01    1.58e-01    1.5e-04
  10746      1.98e+00    1.37e+00      2.15e-03    2.09e-03      1.61e-01    1.11e-01    1.5e-04
  10800      1.98e+00    1.35e+00      1.47e-02    6.50e-03      1.61e-01    1.10e-01    1.5e-04
  10854      1.64e+00    1.90e+00      4.65e-03    4.81e-03      1.33e-01    1.55e-01    1.5e-04
  10908      2.39e+00    1.46e+00      4.05e-03    2.49e-03      1.95e-01    1.19e-01    1.5e-04
  10962      1.85e+00    1.83e+00      8.14e-03    1.75e-03      1.51e-01    1.49e-01    1.5e-04
  11016      1.63e+00    1.86e+00      4.92e-03    4.97e-03      1.33e-01    1.52e-01    1.5e-04
  11070      1.64e+00    2.09e+00      6.59e-03    8.00e-03      1.33e-01    1.70e-01    1.5e-04
  11124      1.81e+00    1.97e+00      7.67e-03    8.36e-03      1.47e-01    1.60e-01    1.5e-04
  11178      1.54e+00    1.93e+00      1.81e-02    1.32e-02      1.25e-01    1.57e-01    1.5e-04
  11232      1.88e+00    1.87e+00      5.17e-03    1.10e-02      1.54e-01    1.52e-01    1.5e-04
  11286      1.35e+00    1.86e+00      8.58e-03    8.79e-03      1.10e-01    1.51e-01    1.5e-04
  11340      2.04e+00    1.77e+00      4.15e-03    1.38e-03      1.66e-01    1.44e-01    1.5e-04
  11394      1.86e+00    1.35e+00      1.62e-02    8.24e-03      1.51e-01    1.10e-01    1.5e-04
  11448      1.80e+00    1.38e+00      2.84e-03    8.05e-03      1.47e-01    1.12e-01    1.5e-04
  11502      1.96e+00    1.38e+00      2.50e-03    1.28e-02      1.59e-01    1.12e-01    1.5e-04
  11556      2.60e+00    2.04e+00      2.26e-04    2.01e-03      2.12e-01    1.66e-01    1.5e-04
  11610      2.01e+00    1.81e+00      2.26e-02    1.73e-02      1.63e-01    1.46e-01    1.5e-04
  11664      1.46e+00    1.42e+00      1.76e-02    2.06e-03      1.18e-01    1.15e-01    1.5e-04
  11718      1.87e+00    1.88e+00      5.34e-03    1.42e-03      1.52e-01    1.54e-01    1.5e-04
  11772      1.86e+00    1.81e+00      2.89e-03    6.16e-03      1.52e-01    1.48e-01    1.5e-04
  11826      1.45e+00    1.46e+00      1.09e-02    4.01e-03      1.18e-01    1.19e-01    1.5e-04
  11880      1.89e+00    1.35e+00      5.79e-03    1.27e-02      1.54e-01    1.10e-01    1.5e-04
  11934      1.60e+00    1.89e+00      1.02e-02    2.01e-03      1.30e-01    1.54e-01    1.5e-04
  11988      1.71e+00    1.30e+00      1.50e-02    6.27e-03      1.39e-01    1.06e-01    1.5e-04
  12042      1.70e+00    1.91e+00      1.61e-02    1.46e-02      1.38e-01    1.55e-01    1.5e-04
  12096      2.09e+00    2.11e+00      3.99e-03    4.71e-03      1.70e-01    1.72e-01    1.5e-04
  12150      2.25e+00    2.09e+00      3.68e-02    3.62e-02      1.82e-01    1.68e-01    1.5e-04
  12204      1.65e+00    1.36e+00      9.85e-03    1.59e-02      1.34e-01    1.10e-01    1.5e-04
  12258      1.81e+00    1.91e+00      7.03e-03    8.45e-03      1.47e-01    1.55e-01    1.5e-04
  12312      1.87e+00    1.75e+00      5.83e-03    4.97e-03      1.52e-01    1.43e-01    1.5e-04
  12366      1.93e+00    1.95e+00      6.24e-03    5.41e-03      1.57e-01    1.59e-01    1.5e-04
  12420      1.62e+00    1.89e+00      2.51e-02    2.42e-02      1.31e-01    1.51e-01    1.5e-04
  12474      2.24e+00    1.96e+00      9.25e-03    9.25e-03      1.82e-01    1.59e-01    1.5e-04
  12528      2.04e+00    1.93e+00      2.42e-03    2.14e-03      1.66e-01    1.57e-01    1.5e-04
  12582      1.75e+00    1.33e+00      7.06e-03    1.17e-02      1.42e-01    1.08e-01    1.5e-04
  12636      1.51e+00    1.90e+00      1.40e-03    4.92e-03      1.23e-01    1.55e-01    1.5e-04
  12690      1.83e+00    1.81e+00      2.60e-03    3.77e-03      1.49e-01    1.48e-01    1.5e-04
  12744      2.40e+00    1.80e+00      8.03e-03    1.02e-02      1.96e-01    1.47e-01    1.5e-04
  12798      1.87e+00    1.92e+00      2.84e-02    3.02e-02      1.51e-01    1.55e-01    1.5e-04
  12852      1.74e+00    1.34e+00      1.65e-02    1.23e-02      1.41e-01    1.09e-01    1.5e-04
  12906      1.84e+00    2.08e+00      7.37e-04    2.39e-03      1.50e-01    1.70e-01    1.5e-04
  12960      1.80e+00    1.83e+00      9.30e-03    8.73e-03      1.46e-01    1.49e-01    1.5e-04
  13014      2.41e+00    2.02e+00      8.44e-03    8.81e-03      1.96e-01    1.65e-01    1.5e-04
  13068      1.61e+00    1.32e+00      3.48e-02    1.14e-02      1.29e-01    1.07e-01    1.5e-04
  13122      2.01e+00    1.38e+00      1.32e-02    4.12e-02      1.64e-01    1.10e-01    1.5e-04
  13176      2.26e+00    1.83e+00      5.34e-04    1.17e-03      1.85e-01    1.49e-01    1.5e-04
  13230      1.67e+00    1.91e+00      7.82e-03    6.63e-03      1.36e-01    1.55e-01    1.5e-04
  13284      1.87e+00    1.96e+00      7.25e-03    8.47e-03      1.52e-01    1.60e-01    1.5e-04
  13338      2.10e+00    2.14e+00      1.13e-02    1.28e-02      1.71e-01    1.74e-01    1.5e-04
  13392      1.94e+00    1.80e+00      1.32e-02    1.14e-02      1.57e-01    1.47e-01    1.5e-04
  13446      1.64e+00    2.08e+00      2.38e-02    2.68e-02      1.33e-01    1.68e-01    1.5e-04
  13500      1.44e+00    1.88e+00      1.38e-03    2.63e-03      1.17e-01    1.54e-01    1.5e-04
  13554      2.17e+00    1.84e+00      4.21e-02    3.75e-02      1.74e-01    1.48e-01    1.5e-04
  13608      1.91e+00    1.33e+00      1.46e-03    3.11e-03      1.55e-01    1.08e-01    1.5e-04
  13662      1.72e+00    1.85e+00      1.99e-03    5.19e-03      1.40e-01    1.51e-01    1.5e-04
  13716      1.64e+00    2.02e+00      1.03e-03    2.45e-03      1.34e-01    1.65e-01    1.5e-04
  13770      1.72e+00    1.33e+00      1.57e-03    2.28e-02      1.40e-01    1.08e-01    1.5e-04
  13824      1.81e+00    2.09e+00      2.45e-02    2.43e-02      1.46e-01    1.69e-01    1.5e-04
  13878      1.93e+00    1.81e+00      2.27e-02    1.93e-02      1.57e-01    1.47e-01    1.5e-04
  13932      1.87e+00    1.74e+00      1.66e-02    1.42e-02      1.52e-01    1.41e-01    1.5e-04
  13986      1.96e+00    1.33e+00      7.86e-03    4.75e-03      1.60e-01    1.08e-01    1.5e-04
  14040      1.54e+00    1.86e+00      9.25e-03    8.27e-03      1.25e-01    1.51e-01    1.5e-04
  14094      2.00e+00    1.76e+00      1.02e-02    1.04e-02      1.63e-01    1.43e-01    1.5e-04
  14148      2.31e+00    2.02e+00      1.56e-02    1.53e-02      1.88e-01    1.65e-01    1.5e-04
  14202      2.21e+00    1.92e+00      2.02e-02    1.82e-02      1.79e-01    1.56e-01    1.5e-04
  14256      1.75e+00    1.49e+00      1.48e-02    1.32e-02      1.42e-01    1.21e-01    1.5e-04
  14310      1.98e+00    1.70e+00      3.75e-03    5.78e-03      1.62e-01    1.38e-01    1.5e-04
  14364      1.56e+00    1.87e+00      8.04e-04    1.82e-03      1.27e-01    1.53e-01    1.5e-04
  14418      1.85e+00    1.79e+00      4.20e-03    1.65e-03      1.50e-01    1.46e-01    1.5e-04
  14472      1.74e+00    1.31e+00      2.11e-03    2.08e-03      1.42e-01    1.07e-01    1.5e-04
  14526      1.87e+00    2.05e+00      1.29e-02    1.56e-02      1.52e-01    1.66e-01    1.5e-04
  14580      2.34e+00    1.82e+00      9.91e-03    8.91e-03      1.91e-01    1.48e-01    1.5e-04
  14634      1.46e+00    1.75e+00      6.11e-03    4.40e-03      1.19e-01    1.42e-01    1.5e-04
  14688      1.83e+00    2.16e+00      2.22e-02    1.94e-02      1.48e-01    1.75e-01    1.5e-04
  14742      2.23e+00    1.35e+00      9.30e-06    9.02e-03      1.82e-01    1.10e-01    1.5e-04
  14796      1.89e+00    1.83e+00      4.57e-03    3.54e-03      1.54e-01    1.49e-01    1.5e-04
  14850      1.85e+00    2.06e+00      3.80e-02    4.05e-02      1.48e-01    1.65e-01    1.5e-04
  14904      2.32e+00    1.43e+00      2.20e-02    2.29e-02      1.88e-01    1.16e-01    1.5e-04
  14958      1.74e+00    1.71e+00      3.00e-02    2.63e-02      1.40e-01    1.38e-01    1.5e-04
  15012      1.25e+00    1.11e+00      2.84e-04    1.44e-03      1.63e-01    1.45e-01    5.8e-05
  15066      1.55e+00    8.12e-01      1.18e-03    2.94e-03      2.02e-01    1.06e-01    5.8e-05
  15120      1.09e+00    1.08e+00      1.60e-03    1.99e-03      1.41e-01    1.41e-01    5.8e-05
  15174      1.12e+00    1.07e+00      4.06e-04    1.28e-03      1.46e-01    1.39e-01    5.8e-05
  15228      1.11e+00    7.96e-01      1.10e-03    2.25e-03      1.45e-01    1.04e-01    5.8e-05
  15282      1.11e+00    1.09e+00      2.59e-04    1.35e-03      1.45e-01    1.42e-01    5.8e-05
  15336      1.16e+00    8.85e-01      4.30e-03    1.22e-03      1.51e-01    1.15e-01    5.8e-05
  15390      1.09e+00    1.29e+00      1.98e-03    2.15e-03      1.42e-01    1.69e-01    5.8e-05
  15444      1.19e+00    1.04e+00      9.87e-05    1.52e-03      1.56e-01    1.36e-01    5.8e-05
  15498      1.23e+00    1.08e+00      1.26e-03    1.44e-03      1.60e-01    1.40e-01    5.8e-05
  15552      9.35e-01    1.06e+00      1.85e-03    1.39e-03      1.22e-01    1.39e-01    5.8e-05
  15606      8.55e-01    7.99e-01      7.83e-04    9.04e-04      1.11e-01    1.04e-01    5.8e-05
  15660      9.43e-01    8.26e-01      2.40e-03    1.25e-03      1.23e-01    1.08e-01    5.8e-05
  15714      1.26e+00    1.06e+00      7.70e-04    1.41e-03      1.64e-01    1.39e-01    5.8e-05
  15768      8.71e-01    1.08e+00      1.93e-03    1.63e-03      1.14e-01    1.41e-01    5.8e-05
  15822      1.19e+00    1.11e+00      6.07e-04    1.86e-03      1.55e-01    1.45e-01    5.8e-05
  15876      1.20e+00    1.05e+00      1.63e-03    9.25e-04      1.57e-01    1.37e-01    5.8e-05
  15930      9.78e-01    1.24e+00      1.29e-03    1.91e-03      1.28e-01    1.61e-01    5.8e-05
  15984      9.61e-01    1.08e+00      8.63e-05    1.06e-03      1.25e-01    1.41e-01    5.8e-05
  16038      1.44e+00    1.27e+00      2.96e-03    1.88e-03      1.87e-01    1.66e-01    5.8e-05
  16092      9.98e-01    8.33e-01      5.87e-04    2.45e-03      1.30e-01    1.09e-01    5.8e-05
  16146      9.98e-01    1.27e+00      5.67e-03    7.93e-03      1.30e-01    1.65e-01    5.8e-05
  16200      1.42e+00    1.09e+00      1.18e-03    2.82e-03      1.85e-01    1.42e-01    5.8e-05
  16254      9.30e-01    1.27e+00      7.46e-04    3.02e-03      1.21e-01    1.65e-01    5.8e-05
  16308      1.12e+00    1.07e+00      2.02e-03    1.11e-03      1.47e-01    1.40e-01    5.8e-05
  16362      1.34e+00    1.28e+00      3.77e-03    4.87e-03      1.75e-01    1.67e-01    5.8e-05
  16416      1.41e+00    1.09e+00      1.75e-03    4.08e-03      1.84e-01    1.42e-01    5.8e-05
  16470      1.23e+00    1.08e+00      5.72e-03    3.60e-03      1.61e-01    1.41e-01    5.8e-05
  16524      1.14e+00    1.08e+00      6.40e-03    2.45e-03      1.48e-01    1.41e-01    5.8e-05
  16578      1.00e+00    8.78e-01      6.39e-03    5.70e-03      1.31e-01    1.14e-01    5.8e-05
  16632      8.96e-01    8.66e-01      2.94e-03    1.80e-03      1.17e-01    1.13e-01    5.8e-05
  16686      1.04e+00    7.91e-01      3.06e-03    4.51e-03      1.35e-01    1.03e-01    5.8e-05
  16740      1.02e+00    8.11e-01      1.84e-03    1.81e-03      1.33e-01    1.06e-01    5.8e-05
  16794      1.19e+00    1.21e+00      2.28e-03    1.61e-03      1.55e-01    1.58e-01    5.8e-05
  16848      8.86e-01    8.76e-01      9.93e-04    7.49e-04      1.16e-01    1.14e-01    5.8e-05
  16902      1.38e+00    8.82e-01      2.78e-03    5.74e-03      1.80e-01    1.15e-01    5.8e-05
  16956      1.17e+00    1.23e+00      1.48e-03    3.69e-03      1.53e-01    1.60e-01    5.8e-05
  17010      9.30e-01    1.12e+00      3.03e-03    2.38e-03      1.21e-01    1.46e-01    5.8e-05
  17064      9.49e-01    1.08e+00      1.85e-04    2.01e-03      1.24e-01    1.41e-01    5.8e-05
  17118      1.20e+00    8.99e-01      1.99e-03    8.83e-03      1.56e-01    1.17e-01    5.8e-05
  17172      1.07e+00    8.18e-01      1.38e-04    1.16e-03      1.39e-01    1.07e-01    5.8e-05
  17226      1.10e+00    1.17e+00      9.01e-03    6.80e-03      1.42e-01    1.51e-01    5.8e-05
  17280      1.18e+00    1.16e+00      9.60e-03    6.90e-03      1.53e-01    1.51e-01    5.8e-05
  17334      1.45e+00    1.12e+00      1.99e-04    9.53e-04      1.89e-01    1.46e-01    5.8e-05
  17388      1.14e+00    1.05e+00      1.82e-03    1.87e-03      1.48e-01    1.38e-01    5.8e-05
  17442      1.00e+00    1.15e+00      4.19e-03    4.52e-03      1.31e-01    1.50e-01    5.8e-05
  17496      1.14e+00    1.10e+00      1.86e-02    1.51e-02      1.46e-01    1.42e-01    5.8e-05
  17550      1.08e+00    1.07e+00      2.01e-04    2.45e-03      1.41e-01    1.40e-01    5.8e-05
  17604      1.14e+00    7.85e-01      5.40e-03    2.68e-03      1.48e-01    1.02e-01    5.8e-05
  17658      8.40e-01    8.62e-01      1.32e-02    5.27e-03      1.08e-01    1.12e-01    5.8e-05
  17712      1.14e+00    1.21e+00      7.93e-03    6.09e-03      1.49e-01    1.58e-01    5.8e-05
  17766      1.01e+00    1.30e+00      3.42e-03    1.91e-03      1.31e-01    1.69e-01    5.8e-05
  17820      9.96e-01    1.08e+00      1.15e-02    1.00e-02      1.29e-01    1.39e-01    5.8e-05
  17874      9.68e-01    1.24e+00      2.44e-03    2.17e-03      1.26e-01    1.62e-01    5.8e-05
  17928      1.25e+00    8.17e-01      3.01e-03    6.47e-03      1.63e-01    1.06e-01    5.8e-05
  17982      1.24e+00    1.11e+00      4.14e-04    2.12e-03      1.62e-01    1.45e-01    5.8e-05
  18036      1.28e+00    8.17e-01      9.50e-03    4.46e-03      1.67e-01    1.06e-01    5.8e-05
  18090      1.15e+00    8.15e-01      2.53e-03    1.15e-03      1.50e-01    1.06e-01    5.8e-05
  18144      9.68e-01    8.21e-01      1.88e-02    1.87e-02      1.24e-01    1.05e-01    5.8e-05
  18198      1.18e+00    1.08e+00      4.53e-03    3.67e-03      1.54e-01    1.41e-01    5.8e-05
  18252      1.08e+00    1.10e+00      1.10e-03    1.50e-03      1.41e-01    1.43e-01    5.8e-05
  18306      1.09e+00    7.72e-01      4.40e-03    2.83e-03      1.42e-01    1.01e-01    5.8e-05
  18360      1.14e+00    1.08e+00      4.08e-05    1.66e-03      1.49e-01    1.41e-01    5.8e-05
  18414      1.09e+00    1.13e+00      3.13e-03    1.40e-03      1.41e-01    1.47e-01    5.8e-05
  18468      1.44e+00    1.12e+00      4.35e-03    4.54e-03      1.88e-01    1.45e-01    5.8e-05
  18522      1.22e+00    1.06e+00      4.60e-05    1.06e-03      1.59e-01    1.38e-01    5.8e-05
  18576      1.01e+00    7.97e-01      4.77e-03    1.29e-03      1.32e-01    1.04e-01    5.8e-05
  18630      1.09e+00    1.07e+00      5.41e-04    2.37e-03      1.42e-01    1.39e-01    5.8e-05
  18684      9.72e-01    1.08e+00      9.03e-04    1.34e-03      1.27e-01    1.41e-01    5.8e-05
  18738      9.98e-01    1.06e+00      3.54e-03    2.16e-03      1.30e-01    1.39e-01    5.8e-05
  18792      1.15e+00    1.17e+00      6.29e-03    5.90e-03      1.49e-01    1.52e-01    5.8e-05
  18846      1.57e+00    8.77e-01      4.89e-03    2.27e-03      2.04e-01    1.14e-01    5.8e-05
  18900      1.19e+00    8.11e-01      4.38e-03    2.71e-03      1.55e-01    1.06e-01    5.8e-05
  18954      1.21e+00    1.15e+00      1.38e-03    1.26e-03      1.58e-01    1.50e-01    5.8e-05
  19008      1.31e+00    8.50e-01      2.73e-03    4.95e-03      1.71e-01    1.11e-01    5.8e-05
  19062      1.00e+00    1.20e+00      1.51e-03    1.23e-03      1.30e-01    1.56e-01    5.8e-05
  19116      1.08e+00    1.22e+00      1.97e-02    1.70e-02      1.39e-01    1.58e-01    5.8e-05
  19170      9.29e-01    1.08e+00      3.78e-03    1.64e-03      1.21e-01    1.41e-01    5.8e-05
  19224      1.12e+00    8.29e-01      4.72e-04    9.05e-03      1.46e-01    1.08e-01    5.8e-05
  19278      9.66e-01    1.09e+00      6.49e-04    1.29e-03      1.26e-01    1.43e-01    5.8e-05
  19332      1.54e+00    1.24e+00      1.23e-02    1.32e-02      2.00e-01    1.61e-01    5.8e-05
  19386      1.44e+00    7.84e-01      3.08e-02    3.66e-03      1.84e-01    1.02e-01    5.8e-05
  19440      1.05e+00    1.06e+00      5.26e-03    3.93e-03      1.37e-01    1.38e-01    5.8e-05
  19494      1.38e+00    1.05e+00      4.80e-03    5.79e-03      1.80e-01    1.36e-01    5.8e-05
  19548      9.91e-01    1.05e+00      1.85e-03    1.43e-03      1.29e-01    1.37e-01    5.8e-05
  19602      9.29e-01    1.15e+00      4.31e-03    2.87e-03      1.21e-01    1.50e-01    5.8e-05
  19656      1.42e+00    1.06e+00      2.12e-02    1.91e-02      1.84e-01    1.35e-01    5.8e-05
  19710      9.44e-01    1.07e+00      1.04e-02    1.49e-02      1.22e-01    1.39e-01    5.8e-05
  19764      9.21e-01    8.87e-01      4.46e-03    1.21e-03      1.20e-01    1.16e-01    5.8e-05
  19818      1.07e+00    8.03e-01      1.06e-04    1.00e-03      1.39e-01    1.05e-01    5.8e-05
  19872      1.10e+00    1.22e+00      4.34e-03    1.67e-03      1.44e-01    1.59e-01    5.8e-05
  19926      9.70e-01    8.01e-01      1.33e-03    2.03e-03      1.26e-01    1.04e-01    5.8e-05
  19980      1.06e+00    1.07e+00      7.42e-03    5.34e-03      1.37e-01    1.39e-01    5.8e-05
  20034      5.68e-01    6.66e-01      1.91e-03    1.20e-03      1.17e-01    1.38e-01    2.2e-05
  20088      6.47e-01    6.86e-01      4.30e-04    1.89e-03      1.34e-01    1.42e-01    2.2e-05
  20142      7.44e-01    7.16e-01      1.51e-03    1.96e-03      1.54e-01    1.48e-01    2.2e-05
  20196      7.13e-01    6.85e-01      2.46e-03    1.55e-03      1.47e-01    1.42e-01    2.2e-05
  20250      6.73e-01    4.95e-01      9.35e-05    2.04e-03      1.39e-01    1.02e-01    2.2e-05
  20304      7.33e-01    5.38e-01      1.06e-03    1.34e-03      1.52e-01    1.11e-01    2.2e-05
  20358      6.96e-01    4.97e-01      1.59e-03    9.63e-04      1.44e-01    1.03e-01    2.2e-05
  20412      7.83e-01    6.88e-01      4.02e-04    1.48e-03      1.62e-01    1.42e-01    2.2e-05
  20466      4.99e-01    7.66e-01      3.93e-04    1.89e-03      1.03e-01    1.58e-01    2.2e-05
  20520      6.49e-01    6.60e-01      7.10e-04    1.21e-03      1.34e-01    1.37e-01    2.2e-05
  20574      7.08e-01    4.93e-01      1.73e-03    1.49e-03      1.46e-01    1.02e-01    2.2e-05
  20628      8.22e-01    5.09e-01      9.64e-04    2.43e-03      1.70e-01    1.05e-01    2.2e-05
  20682      7.01e-01    4.93e-01      9.24e-04    1.84e-03      1.45e-01    1.02e-01    2.2e-05
  20736      7.46e-01    7.25e-01      2.69e-05    1.35e-03      1.54e-01    1.50e-01    2.2e-05
  20790      6.23e-01    6.90e-01      2.67e-03    1.41e-03      1.29e-01    1.43e-01    2.2e-05
  20844      6.48e-01    6.80e-01      2.30e-03    1.20e-03      1.34e-01    1.41e-01    2.2e-05
  20898      7.34e-01    5.11e-01      3.43e-03    1.45e-03      1.52e-01    1.06e-01    2.2e-05
  20952      7.95e-01    6.55e-01      7.92e-04    1.26e-03      1.64e-01    1.36e-01    2.2e-05
  21006      7.62e-01    6.88e-01      3.10e-03    2.22e-03      1.57e-01    1.42e-01    2.2e-05
  21060      7.19e-01    5.53e-01      2.90e-04    1.49e-03      1.49e-01    1.14e-01    2.2e-05
  21114      6.99e-01    7.53e-01      1.27e-03    1.18e-03      1.45e-01    1.56e-01    2.2e-05
  21168      8.80e-01    5.33e-01      1.49e-03    6.05e-04      1.82e-01    1.10e-01    2.2e-05
  21222      6.13e-01    6.54e-01      9.62e-04    1.40e-03      1.27e-01    1.35e-01    2.2e-05
  21276      6.99e-01    6.83e-01      2.41e-03    2.02e-03      1.44e-01    1.41e-01    2.2e-05
  21330      5.44e-01    7.12e-01      4.80e-04    1.34e-03      1.13e-01    1.47e-01    2.2e-05
  21384      7.63e-01    5.02e-01      1.85e-04    2.16e-03      1.58e-01    1.04e-01    2.2e-05
  21438      6.01e-01    5.22e-01      1.88e-03    9.46e-04      1.24e-01    1.08e-01    2.2e-05
  21492      6.76e-01    8.14e-01      4.44e-03    1.61e-03      1.40e-01    1.68e-01    2.2e-05
  21546      9.13e-01    6.80e-01      1.95e-04    1.94e-03      1.89e-01    1.41e-01    2.2e-05
  21600      6.45e-01    5.32e-01      3.50e-03    9.69e-04      1.33e-01    1.10e-01    2.2e-05
  21654      6.08e-01    8.33e-01      1.74e-03    2.53e-03      1.26e-01    1.72e-01    2.2e-05
  21708      6.22e-01    6.83e-01      1.89e-03    1.84e-03      1.29e-01    1.41e-01    2.2e-05
  21762      7.91e-01    6.67e-01      8.47e-04    1.55e-03      1.64e-01    1.38e-01    2.2e-05
  21816      7.16e-01    5.11e-01      5.71e-03    4.61e-03      1.48e-01    1.06e-01    2.2e-05
  21870      7.09e-01    7.07e-01      8.96e-04    1.00e-03      1.47e-01    1.46e-01    2.2e-05
  21924      6.90e-01    6.68e-01      8.68e-04    9.87e-04      1.43e-01    1.38e-01    2.2e-05
  21978      8.26e-01    5.48e-01      1.35e-03    2.35e-03      1.71e-01    1.13e-01    2.2e-05
  22032      6.72e-01    4.99e-01      4.30e-04    1.42e-03      1.39e-01    1.03e-01    2.2e-05
  22086      6.83e-01    6.24e-01      4.80e-03    1.33e-03      1.41e-01    1.29e-01    2.2e-05
  22140      6.77e-01    5.57e-01      2.03e-03    2.16e-03      1.40e-01    1.15e-01    2.2e-05
  22194      5.76e-01    7.37e-01      1.19e-03    1.24e-03      1.19e-01    1.52e-01    2.2e-05
  22248      6.77e-01    4.85e-01      1.82e-03    2.12e-03      1.40e-01    1.00e-01    2.2e-05
  22302      9.75e-01    7.61e-01      9.59e-04    2.01e-03      2.02e-01    1.57e-01    2.2e-05
  22356      8.82e-01    7.72e-01      3.57e-03    2.62e-03      1.82e-01    1.60e-01    2.2e-05
  22410      6.88e-01    6.86e-01      1.76e-03    1.93e-03      1.42e-01    1.42e-01    2.2e-05
  22464      7.70e-01    7.22e-01      1.04e-03    1.22e-03      1.59e-01    1.49e-01    2.2e-05
  22518      5.67e-01    6.47e-01      8.75e-05    1.77e-03      1.17e-01    1.34e-01    2.2e-05
  22572      8.82e-01    4.95e-01      9.63e-04    1.50e-03      1.82e-01    1.02e-01    2.2e-05
  22626      8.57e-01    5.05e-01      3.14e-03    3.98e-03      1.77e-01    1.04e-01    2.2e-05
  22680      7.00e-01    7.87e-01      1.19e-03    4.34e-03      1.45e-01    1.63e-01    2.2e-05
  22734      7.90e-01    5.03e-01      3.17e-04    2.27e-03      1.63e-01    1.04e-01    2.2e-05
  22788      6.20e-01    6.39e-01      2.50e-03    2.38e-03      1.28e-01    1.32e-01    2.2e-05
  22842      5.82e-01    6.53e-01      5.50e-03    3.30e-03      1.20e-01    1.35e-01    2.2e-05
  22896      6.74e-01    4.90e-01      4.96e-03    1.40e-03      1.39e-01    1.01e-01    2.2e-05
  22950      6.75e-01    4.91e-01      2.93e-03    1.54e-03      1.40e-01    1.02e-01    2.2e-05
  23004      6.24e-01    5.48e-01      9.59e-03    6.52e-04      1.28e-01    1.13e-01    2.2e-05
  23058      6.32e-01    7.82e-01      2.05e-03    1.88e-03      1.31e-01    1.62e-01    2.2e-05
  23112      7.17e-01    6.73e-01      5.90e-04    1.37e-03      1.48e-01    1.39e-01    2.2e-05
  23166      5.43e-01    7.58e-01      6.75e-04    1.49e-03      1.12e-01    1.57e-01    2.2e-05
  23220      5.84e-01    7.47e-01      2.30e-03    1.69e-03      1.21e-01    1.55e-01    2.2e-05
  23274      5.88e-01    6.76e-01      6.41e-04    1.54e-03      1.22e-01    1.40e-01    2.2e-05
  23328      5.10e-01    7.10e-01      1.44e-03    1.37e-03      1.05e-01    1.47e-01    2.2e-05
  23382      6.78e-01    5.43e-01      5.05e-03    2.95e-03      1.40e-01    1.12e-01    2.2e-05
  23436      6.62e-01    6.55e-01      1.51e-03    1.05e-03      1.37e-01    1.36e-01    2.2e-05
  23490      7.25e-01    5.04e-01      2.34e-03    5.43e-03      1.50e-01    1.04e-01    2.2e-05
  23544      6.63e-01    7.35e-01      3.58e-03    4.96e-03      1.37e-01    1.51e-01    2.2e-05
  23598      7.52e-01    6.94e-01      1.28e-03    1.31e-03      1.56e-01    1.43e-01    2.2e-05
  23652      7.08e-01    6.80e-01      8.05e-04    1.14e-03      1.47e-01    1.41e-01    2.2e-05
  23706      8.70e-01    6.86e-01      1.34e-03    3.04e-03      1.80e-01    1.42e-01    2.2e-05
  23760      6.41e-01    8.32e-01      1.45e-02    1.67e-02      1.29e-01    1.68e-01    2.2e-05
  23814      6.39e-01    7.22e-01      5.12e-03    5.31e-03      1.32e-01    1.49e-01    2.2e-05
  23868      6.89e-01    6.81e-01      2.98e-03    1.71e-03      1.42e-01    1.41e-01    2.2e-05
  23922      7.25e-01    5.00e-01      3.62e-04    1.74e-03      1.50e-01    1.03e-01    2.2e-05
  23976      5.71e-01    5.01e-01      1.91e-03    1.61e-03      1.18e-01    1.04e-01    2.2e-05
  24030      7.19e-01    6.57e-01      2.15e-03    9.04e-04      1.49e-01    1.36e-01    2.2e-05
  24084      8.26e-01    7.78e-01      1.93e-03    1.61e-03      1.71e-01    1.61e-01    2.2e-05
  24138      9.13e-01    8.13e-01      2.57e-03    2.81e-03      1.89e-01    1.68e-01    2.2e-05
  24192      7.50e-01    5.19e-01      2.17e-04    4.19e-03      1.55e-01    1.07e-01    2.2e-05
  24246      7.09e-01    7.00e-01      5.74e-04    2.41e-03      1.47e-01    1.45e-01    2.2e-05
  24300      6.23e-01    4.89e-01      8.62e-03    1.80e-03      1.28e-01    1.01e-01    2.2e-05
  24354      6.63e-01    7.72e-01      1.94e-03    2.30e-03      1.37e-01    1.60e-01    2.2e-05
  24408      7.36e-01    6.57e-01      6.99e-04    1.51e-03      1.52e-01    1.36e-01    2.2e-05
  24462      8.76e-01    6.68e-01      2.89e-03    2.76e-03      1.81e-01    1.38e-01    2.2e-05
  24516      8.50e-01    5.49e-01      5.80e-04    1.23e-03      1.76e-01    1.14e-01    2.2e-05
  24570      5.60e-01    8.04e-01      1.12e-02    9.81e-03      1.13e-01    1.65e-01    2.2e-05
  24624      6.84e-01    7.65e-01      9.21e-04    1.20e-03      1.41e-01    1.58e-01    2.2e-05
  24678      6.50e-01    7.65e-01      2.89e-03    2.11e-03      1.34e-01    1.58e-01    2.2e-05
  24732      6.09e-01    5.06e-01      1.73e-03    2.45e-03      1.26e-01    1.05e-01    2.2e-05
  24786      7.19e-01    6.87e-01      5.32e-04    1.38e-03      1.49e-01    1.42e-01    2.2e-05
  24840      9.85e-01    7.26e-01      2.21e-03    9.55e-04      2.04e-01    1.50e-01    2.2e-05
  24894      6.87e-01    6.86e-01      2.07e-03    1.87e-03      1.42e-01    1.42e-01    2.2e-05
  24948      8.05e-01    5.41e-01      1.99e-03    6.81e-04      1.66e-01    1.12e-01    2.2e-05
  25002      4.16e-01    4.65e-01      1.06e-03    1.54e-03      1.34e-01    1.49e-01    8.7e-06
  25056      3.76e-01    4.48e-01      3.06e-03    1.21e-03      1.21e-01    1.44e-01    8.7e-06
  25110      3.49e-01    4.52e-01      1.38e-04    1.15e-03      1.12e-01    1.45e-01    8.7e-06
  25164      4.53e-01    4.87e-01      2.66e-04    1.82e-03      1.46e-01    1.57e-01    8.7e-06
  25218      3.68e-01    3.60e-01      9.96e-04    8.65e-04      1.18e-01    1.16e-01    8.7e-06
  25272      4.52e-01    5.10e-01      2.88e-04    1.77e-03      1.45e-01    1.64e-01    8.7e-06
  25326      4.30e-01    4.73e-01      2.91e-03    1.68e-03      1.38e-01    1.52e-01    8.7e-06
  25380      4.42e-01    4.91e-01      1.30e-03    1.24e-03      1.42e-01    1.58e-01    8.7e-06
  25434      4.72e-01    3.46e-01      8.83e-04    6.29e-04      1.52e-01    1.11e-01    8.7e-06
  25488      5.28e-01    3.16e-01      9.79e-05    8.67e-04      1.70e-01    1.02e-01    8.7e-06
  25542      4.70e-01    4.33e-01      3.69e-04    1.45e-03      1.51e-01    1.39e-01    8.7e-06
  25596      3.96e-01    4.94e-01      1.32e-03    1.31e-03      1.27e-01    1.59e-01    8.7e-06
  25650      3.27e-01    4.29e-01      1.45e-03    1.85e-03      1.05e-01    1.38e-01    8.7e-06
  25704      4.64e-01    4.48e-01      2.22e-03    1.06e-03      1.49e-01    1.44e-01    8.7e-06
  25758      4.42e-01    3.49e-01      7.71e-04    6.61e-04      1.42e-01    1.12e-01    8.7e-06
  25812      4.43e-01    4.40e-01      1.54e-03    1.54e-03      1.42e-01    1.41e-01    8.7e-06
  25866      4.81e-01    4.19e-01      2.10e-03    1.01e-03      1.55e-01    1.35e-01    8.7e-06
  25920      4.32e-01    3.18e-01      3.68e-03    1.06e-03      1.39e-01    1.02e-01    8.7e-06
  25974      4.07e-01    4.90e-01      2.07e-03    1.72e-03      1.31e-01    1.58e-01    8.7e-06
  26028      4.25e-01    3.31e-01      1.16e-03    1.03e-03      1.37e-01    1.06e-01    8.7e-06
  26082      4.33e-01    5.22e-01      1.98e-03    2.24e-03      1.39e-01    1.68e-01    8.7e-06
  26136      4.99e-01    4.19e-01      5.88e-04    1.15e-03      1.61e-01    1.35e-01    8.7e-06
  26190      4.08e-01    3.12e-01      2.27e-03    1.07e-03      1.31e-01    1.00e-01    8.7e-06
  26244      5.85e-01    4.28e-01      1.32e-04    1.23e-03      1.88e-01    1.38e-01    8.7e-06
  26298      4.86e-01    5.03e-01      1.51e-03    1.98e-03      1.56e-01    1.62e-01    8.7e-06
  26352      3.82e-01    4.42e-01      1.41e-03    1.43e-03      1.23e-01    1.42e-01    8.7e-06
  26406      4.66e-01    4.56e-01      4.94e-04    1.16e-03      1.50e-01    1.47e-01    8.7e-06
  26460      3.94e-01    4.90e-01      2.95e-04    1.46e-03      1.27e-01    1.58e-01    8.7e-06
  26514      4.56e-01    4.98e-01      1.54e-03    1.64e-03      1.47e-01    1.60e-01    8.7e-06
  26568      5.64e-01    4.82e-01      4.96e-04    1.62e-03      1.81e-01    1.55e-01    8.7e-06
  26622      5.65e-01    3.66e-01      5.32e-04    7.35e-04      1.82e-01    1.18e-01    8.7e-06
  26676      3.65e-01    4.98e-01      1.29e-03    1.82e-03      1.17e-01    1.60e-01    8.7e-06
  26730      3.71e-01    4.64e-01      1.20e-03    1.72e-03      1.19e-01    1.49e-01    8.7e-06
  26784      5.05e-01    3.21e-01      1.36e-03    2.20e-03      1.63e-01    1.03e-01    8.7e-06
  26838      4.40e-01    3.49e-01      8.03e-04    1.39e-03      1.42e-01    1.12e-01    8.7e-06
  26892      4.54e-01    4.52e-01      1.19e-03    1.10e-03      1.46e-01    1.45e-01    8.7e-06
  26946      3.76e-01    3.15e-01      6.87e-04    9.02e-04      1.21e-01    1.02e-01    8.7e-06
  27000      5.29e-01    3.43e-01      6.21e-04    6.29e-04      1.70e-01    1.10e-01    8.7e-06
  27054      4.59e-01    4.20e-01      4.71e-04    9.59e-04      1.48e-01    1.35e-01    8.7e-06
  27108      5.88e-01    3.20e-01      1.23e-03    9.80e-04      1.89e-01    1.03e-01    8.7e-06
  27162      4.44e-01    4.16e-01      1.36e-03    2.09e-03      1.43e-01    1.34e-01    8.7e-06
  27216      4.72e-01    3.43e-01      6.50e-06    8.46e-04      1.52e-01    1.10e-01    8.7e-06
  27270      4.08e-01    4.57e-01      8.79e-04    1.27e-03      1.31e-01    1.47e-01    8.7e-06
  27324      3.75e-01    4.81e-01      5.09e-04    2.55e-03      1.21e-01    1.55e-01    8.7e-06
  27378      4.27e-01    3.50e-01      3.05e-03    1.67e-03      1.37e-01    1.13e-01    8.7e-06
  27432      4.82e-01    3.49e-01      2.21e-03    7.79e-04      1.55e-01    1.12e-01    8.7e-06
  27486      4.55e-01    4.89e-01      1.26e-03    1.93e-03      1.46e-01    1.57e-01    8.7e-06
  27540      4.45e-01    3.22e-01      1.09e-03    7.73e-04      1.43e-01    1.04e-01    8.7e-06
  27594      3.74e-01    3.49e-01      1.15e-03    9.00e-04      1.20e-01    1.12e-01    8.7e-06
  27648      4.64e-01    4.86e-01      2.14e-03    1.49e-03      1.49e-01    1.56e-01    8.7e-06
  27702      4.08e-01    3.44e-01      2.67e-03    7.04e-04      1.31e-01    1.11e-01    8.7e-06
  27756      5.57e-01    3.19e-01      6.01e-04    1.36e-03      1.79e-01    1.03e-01    8.7e-06
  27810      4.33e-01    4.70e-01      2.75e-04    1.84e-03      1.39e-01    1.51e-01    8.7e-06
  27864      5.10e-01    4.21e-01      8.91e-04    1.44e-03      1.64e-01    1.36e-01    8.7e-06
  27918      4.74e-01    3.13e-01      4.15e-04    1.80e-03      1.53e-01    1.01e-01    8.7e-06
  27972      5.52e-01    3.28e-01      6.99e-04    1.01e-03      1.78e-01    1.05e-01    8.7e-06
  28026      4.16e-01    3.13e-01      1.45e-03    1.23e-03      1.34e-01    1.01e-01    8.7e-06
  28080      4.55e-01    4.22e-01      9.30e-04    9.53e-04      1.46e-01    1.36e-01    8.7e-06
  28134      4.31e-01    4.33e-01      1.46e-03    1.22e-03      1.39e-01    1.39e-01    8.7e-06
  28188      3.24e-01    4.39e-01      6.65e-05    1.69e-03      1.04e-01    1.41e-01    8.7e-06
  28242      4.39e-01    4.82e-01      3.32e-03    1.62e-03      1.41e-01    1.55e-01    8.7e-06
  28296      3.71e-01    3.15e-01      1.93e-03    1.84e-03      1.19e-01    1.01e-01    8.7e-06
  28350      3.91e-01    3.50e-01      2.75e-03    4.39e-03      1.26e-01    1.12e-01    8.7e-06
  28404      3.93e-01    4.88e-01      1.64e-03    1.71e-03      1.27e-01    1.57e-01    8.7e-06
  28458      4.01e-01    4.55e-01      1.89e-03    1.09e-03      1.29e-01    1.46e-01    8.7e-06
  28512      5.00e-01    4.75e-01      5.58e-06    1.49e-03      1.61e-01    1.53e-01    8.7e-06
  28566      3.80e-01    4.81e-01      9.40e-04    1.71e-03      1.22e-01    1.55e-01    8.7e-06
  28620      4.28e-01    3.30e-01      5.12e-03    2.11e-03      1.37e-01    1.06e-01    8.7e-06
  28674      4.46e-01    3.20e-01      2.08e-03    9.61e-04      1.43e-01    1.03e-01    8.7e-06
  28728      4.10e-01    3.24e-01      3.25e-03    8.85e-04      1.32e-01    1.04e-01    8.7e-06
  28782      3.92e-01    3.20e-01      1.08e-03    1.01e-03      1.26e-01    1.03e-01    8.7e-06
  28836      3.80e-01    4.86e-01      5.89e-04    1.91e-03      1.22e-01    1.56e-01    8.7e-06
  28890      4.55e-01    3.26e-01      2.56e-03    1.70e-03      1.46e-01    1.05e-01    8.7e-06
  28944      4.35e-01    4.72e-01      1.73e-04    1.32e-03      1.40e-01    1.52e-01    8.7e-06
  28998      5.11e-01    3.45e-01      1.62e-03    2.30e-03      1.64e-01    1.11e-01    8.7e-06
  29052      4.24e-01    5.02e-01      1.42e-03    1.92e-03      1.36e-01    1.61e-01    8.7e-06
  29106      4.44e-01    4.43e-01      1.48e-03    1.41e-03      1.43e-01    1.42e-01    8.7e-06
  29160      3.49e-01    4.27e-01      6.74e-04    1.46e-03      1.12e-01    1.37e-01    8.7e-06
  29214      4.62e-01    3.19e-01      2.26e-03    1.50e-03      1.49e-01    1.02e-01    8.7e-06
  29268      4.34e-01    4.92e-01      3.87e-03    1.56e-03      1.39e-01    1.58e-01    8.7e-06
  29322      3.51e-01    4.31e-01      1.69e-03    1.80e-03      1.13e-01    1.39e-01    8.7e-06
  29376      5.64e-01    3.29e-01      1.82e-03    2.33e-03      1.81e-01    1.06e-01    8.7e-06
  29430      3.67e-01    4.84e-01      9.06e-04    2.40e-03      1.18e-01    1.56e-01    8.7e-06
  29484      5.80e-01    4.28e-01      6.25e-06    1.38e-03      1.87e-01    1.38e-01    8.7e-06
  29538      4.68e-01    3.18e-01      2.23e-03    1.56e-03      1.51e-01    1.02e-01    8.7e-06
  29592      4.84e-01    4.68e-01      9.05e-04    1.59e-03      1.56e-01    1.51e-01    8.7e-06
  29646      6.17e-01    3.27e-01      8.83e-05    1.14e-03      1.99e-01    1.05e-01    8.7e-06
  29700      4.56e-01    4.94e-01      4.43e-04    2.53e-03      1.47e-01    1.59e-01    8.7e-06
  29754      4.86e-01    3.30e-01      5.03e-03    7.66e-04      1.55e-01    1.06e-01    8.7e-06
  29808      4.08e-01    4.87e-01      2.44e-03    1.87e-03      1.31e-01    1.56e-01    8.7e-06
  29862      4.00e-01    3.33e-01      7.78e-04    1.19e-03      1.29e-01    1.07e-01    8.7e-06
  29916      4.21e-01    4.22e-01      1.48e-03    1.74e-03      1.35e-01    1.36e-01    8.7e-06
  29970      4.43e-01    3.13e-01      4.80e-03    8.06e-04      1.42e-01    1.01e-01    8.7e-06
  30024      2.96e-01    2.19e-01      1.88e-03    1.06e-03      1.42e-01    1.05e-01    3.4e-06
  30078      3.04e-01    3.22e-01      3.19e-04    1.35e-03      1.46e-01    1.54e-01    3.4e-06
  30132      2.50e-01    3.25e-01      2.07e-03    1.84e-03      1.19e-01    1.55e-01    3.4e-06
  30186      2.48e-01    3.30e-01      2.27e-03    1.87e-03      1.18e-01    1.58e-01    3.4e-06
  30240      3.78e-01    2.12e-01      4.85e-04    1.20e-03      1.81e-01    1.02e-01    3.4e-06
  30294      2.97e-01    2.83e-01      1.08e-03    1.98e-03      1.42e-01    1.36e-01    3.4e-06
  30348      3.12e-01    2.79e-01      3.99e-05    9.87e-04      1.50e-01    1.34e-01    3.4e-06
  30402      2.91e-01    3.07e-01      2.72e-03    8.81e-04      1.39e-01    1.47e-01    3.4e-06
  30456      2.55e-01    2.12e-01      1.15e-04    9.45e-04      1.22e-01    1.02e-01    3.4e-06
  30510      3.40e-01    3.31e-01      1.64e-03    1.05e-03      1.63e-01    1.59e-01    3.4e-06
  30564      2.73e-01    2.15e-01      1.31e-03    9.28e-04      1.31e-01    1.03e-01    3.4e-06
  30618      3.78e-01    2.90e-01      9.51e-05    1.51e-03      1.81e-01    1.39e-01    3.4e-06
  30672      3.26e-01    2.12e-01      1.83e-03    9.87e-04      1.56e-01    1.02e-01    3.4e-06
  30726      2.73e-01    3.02e-01      2.13e-04    1.04e-03      1.31e-01    1.45e-01    3.4e-06
  30780      2.72e-01    3.09e-01      2.09e-03    1.04e-03      1.30e-01    1.48e-01    3.4e-06
  30834      3.83e-01    2.86e-01      1.34e-03    1.67e-03      1.84e-01    1.37e-01    3.4e-06
  30888      3.34e-01    2.13e-01      1.71e-04    1.15e-03      1.60e-01    1.02e-01    3.4e-06
  30942      2.35e-01    2.06e-01      1.73e-03    8.43e-04      1.13e-01    9.87e-02    3.4e-06
  30996      2.43e-01    2.85e-01      1.77e-03    1.61e-03      1.16e-01    1.36e-01    3.4e-06
  31050      2.17e-01    2.12e-01      1.19e-04    1.45e-03      1.04e-01    1.02e-01    3.4e-06
  31104      3.12e-01    2.36e-01      2.29e-03    8.55e-04      1.49e-01    1.13e-01    3.4e-06
  31158      3.05e-01    3.22e-01      2.19e-04    1.24e-03      1.46e-01    1.54e-01    3.4e-06
  31212      2.87e-01    2.35e-01      1.95e-03    8.40e-04      1.37e-01    1.13e-01    3.4e-06
  31266      2.97e-01    3.30e-01      2.08e-04    1.24e-03      1.42e-01    1.58e-01    3.4e-06
  31320      2.49e-01    2.91e-01      1.89e-03    1.35e-03      1.19e-01    1.39e-01    3.4e-06
  31374      2.90e-01    2.34e-01      3.10e-03    6.07e-04      1.38e-01    1.12e-01    3.4e-06
  31428      2.62e-01    2.87e-01      1.72e-04    1.44e-03      1.26e-01    1.38e-01    3.4e-06
  31482      3.16e-01    2.99e-01      2.88e-04    1.69e-03      1.51e-01    1.43e-01    3.4e-06
  31536      2.89e-01    2.13e-01      2.31e-03    9.28e-04      1.38e-01    1.02e-01    3.4e-06
  31590      2.72e-01    2.14e-01      2.13e-04    1.16e-03      1.31e-01    1.03e-01    3.4e-06
  31644      3.94e-01    2.74e-01      6.58e-04    1.47e-03      1.89e-01    1.31e-01    3.4e-06
  31698      2.53e-01    2.15e-01      5.68e-04    7.96e-04      1.21e-01    1.03e-01    3.4e-06
  31752      2.65e-01    2.27e-01      4.52e-04    8.80e-04      1.27e-01    1.09e-01    3.4e-06
  31806      3.10e-01    2.17e-01      2.86e-04    1.05e-03      1.49e-01    1.04e-01    3.4e-06
  31860      2.34e-01    3.21e-01      2.32e-05    1.75e-03      1.12e-01    1.54e-01    3.4e-06
  31914      3.07e-01    2.32e-01      2.77e-03    6.73e-04      1.47e-01    1.11e-01    3.4e-06
  31968      3.67e-01    2.10e-01      1.07e-03    1.02e-03      1.76e-01    1.00e-01    3.4e-06
  32022      3.52e-01    2.17e-01      9.18e-04    1.82e-03      1.69e-01    1.04e-01    3.4e-06
  32076      3.13e-01    2.10e-01      1.11e-03    7.92e-04      1.50e-01    1.01e-01    3.4e-06
  32130      3.13e-01    3.35e-01      8.40e-04    1.53e-03      1.50e-01    1.61e-01    3.4e-06
  32184      2.86e-01    2.87e-01      1.48e-03    9.92e-04      1.37e-01    1.37e-01    3.4e-06
  32238      3.41e-01    3.50e-01      1.21e-03    1.42e-03      1.63e-01    1.68e-01    3.4e-06
  32292      2.98e-01    2.17e-01      1.67e-03    9.01e-04      1.42e-01    1.04e-01    3.4e-06
  32346      4.18e-01    3.12e-01      1.63e-03    9.60e-04      2.00e-01    1.50e-01    3.4e-06
  32400      3.23e-01    2.99e-01      2.40e-03    1.22e-03      1.55e-01    1.43e-01    3.4e-06
  32454      3.18e-01    3.41e-01      5.08e-04    1.78e-03      1.53e-01    1.63e-01    3.4e-06
  32508      3.23e-01    3.03e-01      1.74e-03    1.04e-03      1.55e-01    1.45e-01    3.4e-06
  32562      3.04e-01    2.87e-01      4.82e-04    1.35e-03      1.46e-01    1.38e-01    3.4e-06
  32616      2.59e-01    3.19e-01      1.55e-03    1.29e-03      1.24e-01    1.53e-01    3.4e-06
  32670      2.69e-01    2.91e-01      2.19e-03    1.59e-03      1.29e-01    1.39e-01    3.4e-06
  32724      3.13e-01    3.09e-01      2.07e-04    1.11e-03      1.50e-01    1.48e-01    3.4e-06
  32778      2.90e-01    3.30e-01      2.88e-03    1.67e-03      1.38e-01    1.58e-01    3.4e-06
  32832      3.49e-01    2.34e-01      9.84e-04    1.01e-03      1.67e-01    1.12e-01    3.4e-06
  32886      3.40e-01    2.11e-01      2.00e-03    8.13e-04      1.63e-01    1.01e-01    3.4e-06
  32940      2.94e-01    3.49e-01      1.73e-03    1.21e-03      1.41e-01    1.67e-01    3.4e-06
  32994      2.88e-01    3.00e-01      1.12e-03    9.71e-04      1.38e-01    1.44e-01    3.4e-06
  33048      2.74e-01    2.12e-01      9.19e-04    1.01e-03      1.31e-01    1.02e-01    3.4e-06
  33102      2.93e-01    3.15e-01      2.39e-03    9.16e-04      1.40e-01    1.51e-01    3.4e-06
  33156      2.97e-01    3.04e-01      2.09e-03    1.82e-03      1.42e-01    1.46e-01    3.4e-06
  33210      2.84e-01    2.17e-01      2.31e-03    9.44e-04      1.36e-01    1.04e-01    3.4e-06
  33264      2.53e-01    3.39e-01      3.42e-03    1.61e-03      1.20e-01    1.63e-01    3.4e-06
  33318      2.42e-01    3.28e-01      1.73e-03    1.84e-03      1.16e-01    1.57e-01    3.4e-06
  33372      3.12e-01    3.45e-01      1.80e-03    1.35e-03      1.49e-01    1.65e-01    3.4e-06
  33426      3.78e-01    3.12e-01      1.87e-03    1.95e-03      1.81e-01    1.49e-01    3.4e-06
  33480      2.90e-01    3.12e-01      4.62e-03    1.26e-03      1.37e-01    1.49e-01    3.4e-06
  33534      2.86e-01    2.84e-01      2.06e-03    1.84e-03      1.37e-01    1.36e-01    3.4e-06
  33588      2.60e-01    2.99e-01      1.16e-03    1.22e-03      1.24e-01    1.43e-01    3.4e-06
  33642      2.94e-01    2.99e-01      1.19e-03    2.01e-03      1.41e-01    1.43e-01    3.4e-06
  33696      2.49e-01    2.81e-01      2.17e-03    1.04e-03      1.19e-01    1.34e-01    3.4e-06
  33750      2.74e-01    2.34e-01      2.46e-03    7.97e-04      1.31e-01    1.12e-01    3.4e-06
  33804      3.02e-01    3.29e-01      2.85e-04    1.46e-03      1.45e-01    1.58e-01    3.4e-06
  33858      2.34e-01    2.17e-01      3.73e-04    1.30e-03      1.12e-01    1.04e-01    3.4e-06
  33912      3.17e-01    2.35e-01      1.55e-03    1.04e-03      1.52e-01    1.13e-01    3.4e-06
  33966      3.39e-01    2.82e-01      2.21e-03    1.62e-03      1.62e-01    1.35e-01    3.4e-06
  34020      3.33e-01    2.86e-01      6.25e-05    1.29e-03      1.60e-01    1.37e-01    3.4e-06
  34074      2.73e-01    3.06e-01      1.10e-03    9.24e-04      1.31e-01    1.47e-01    3.4e-06
  34128      2.51e-01    2.34e-01      3.98e-04    9.84e-04      1.20e-01    1.12e-01    3.4e-06
  34182      3.76e-01    2.14e-01      1.85e-03    1.54e-03      1.80e-01    1.02e-01    3.4e-06
  34236      3.67e-01    2.84e-01      1.36e-03    1.29e-03      1.76e-01    1.36e-01    3.4e-06
  34290      2.35e-01    3.02e-01      1.08e-03    1.52e-03      1.13e-01    1.45e-01    3.4e-06
  34344      2.15e-01    2.14e-01      1.10e-04    1.40e-03      1.03e-01    1.03e-01    3.4e-06
  34398      3.83e-01    3.02e-01      1.07e-04    1.06e-03      1.84e-01    1.45e-01    3.4e-06
  34452      3.05e-01    2.81e-01      8.74e-04    6.63e-04      1.46e-01    1.35e-01    3.4e-06
  34506      3.07e-01    2.87e-01      3.93e-03    1.70e-03      1.46e-01    1.37e-01    3.4e-06
  34560      2.80e-01    3.24e-01      1.67e-03    1.41e-03      1.34e-01    1.55e-01    3.4e-06
  34614      4.13e-01    2.90e-01      1.93e-04    2.14e-03      1.98e-01    1.39e-01    3.4e-06
  34668      2.63e-01    3.30e-01      1.65e-03    1.68e-03      1.26e-01    1.58e-01    3.4e-06
  34722      2.97e-01    2.19e-01      3.49e-03    7.81e-04      1.41e-01    1.05e-01    3.4e-06
  34776      2.88e-01    2.83e-01      3.11e-03    1.40e-03      1.37e-01    1.36e-01    3.4e-06
  34830      2.46e-01    3.10e-01      1.54e-05    2.34e-03      1.18e-01    1.48e-01    3.4e-06
  34884      3.11e-01    2.98e-01      2.19e-03    2.73e-03      1.49e-01    1.43e-01    3.4e-06
  34938      3.92e-01    2.28e-01      5.43e-04    7.41e-04      1.88e-01    1.09e-01    3.4e-06
  34992      3.11e-01    3.21e-01      2.62e-03    1.73e-03      1.48e-01    1.54e-01    3.4e-06
  35046      1.85e-01    1.66e-01      3.65e-04    6.50e-04      1.22e-01    1.10e-01    1.3e-06
  35100      2.00e-01    1.65e-01      1.75e-03    6.68e-04      1.32e-01    1.09e-01    1.3e-06
  35154      1.99e-01    1.70e-01      2.60e-03    6.26e-04      1.30e-01    1.12e-01    1.3e-06
  35208      1.85e-01    1.73e-01      6.37e-04    1.17e-03      1.22e-01    1.14e-01    1.3e-06
  35262      2.84e-01    2.34e-01      3.01e-04    1.37e-03      1.88e-01    1.54e-01    1.3e-06
  35316      2.20e-01    2.13e-01      3.13e-04    1.61e-03      1.45e-01    1.40e-01    1.3e-06
  35370      2.17e-01    1.68e-01      2.45e-03    8.17e-04      1.42e-01    1.11e-01    1.3e-06
  35424      2.23e-01    1.67e-01      2.49e-03    7.07e-04      1.46e-01    1.10e-01    1.3e-06
  35478      2.22e-01    2.06e-01      1.47e-03    1.44e-03      1.46e-01    1.36e-01    1.3e-06
  35532      1.71e-01    1.73e-01      7.00e-04    1.06e-03      1.13e-01    1.14e-01    1.3e-06
  35586      2.09e-01    1.54e-01      1.14e-03    1.06e-03      1.38e-01    1.01e-01    1.3e-06
  35640      2.79e-01    2.23e-01      1.02e-03    1.16e-03      1.84e-01    1.46e-01    1.3e-06
  35694      1.80e-01    2.15e-01      1.53e-03    1.07e-03      1.18e-01    1.42e-01    1.3e-06
  35748      1.90e-01    2.07e-01      1.44e-04    1.06e-03      1.26e-01    1.37e-01    1.3e-06
  35802      1.95e-01    2.24e-01      2.39e-03    9.25e-04      1.28e-01    1.48e-01    1.3e-06
  35856      2.10e-01    2.09e-01      2.34e-03    1.53e-03      1.38e-01    1.38e-01    1.3e-06
  35910      2.43e-01    2.19e-01      5.70e-04    6.03e-04      1.60e-01    1.44e-01    1.3e-06
  35964      2.55e-01    2.37e-01      5.33e-05    1.47e-03      1.68e-01    1.56e-01    1.3e-06
  36018      3.03e-01    2.34e-01      1.71e-03    1.35e-03      1.99e-01    1.54e-01    1.3e-06
  36072      2.08e-01    2.01e-01      2.50e-03    1.56e-03      1.36e-01    1.32e-01    1.3e-06
  36126      1.78e-01    1.57e-01      1.81e-03    1.23e-03      1.17e-01    1.03e-01    1.3e-06
  36180      2.19e-01    2.05e-01      7.98e-05    1.12e-03      1.45e-01    1.35e-01    1.3e-06
  36234      1.97e-01    1.98e-01      2.45e-04    1.63e-03      1.30e-01    1.30e-01    1.3e-06
  36288      2.11e-01    2.19e-01      2.97e-03    8.88e-04      1.38e-01    1.45e-01    1.3e-06
  36342      2.30e-01    2.55e-01      1.18e-03    1.66e-03      1.51e-01    1.68e-01    1.3e-06
  36396      2.26e-01    1.56e-01      1.53e-03    9.19e-04      1.49e-01    1.03e-01    1.3e-06
  36450      2.47e-01    2.08e-01      1.46e-03    1.26e-03      1.63e-01    1.37e-01    1.3e-06
  36504      1.80e-01    2.19e-01      1.83e-03    9.86e-04      1.18e-01    1.44e-01    1.3e-06
  36558      1.71e-01    2.04e-01      9.53e-04    1.46e-03      1.12e-01    1.35e-01    1.3e-06
  36612      1.58e-01    2.04e-01      7.57e-04    1.19e-03      1.04e-01    1.35e-01    1.3e-06
  36666      1.84e-01    2.06e-01      2.73e-03    1.96e-03      1.20e-01    1.36e-01    1.3e-06
  36720      2.10e-01    1.58e-01      1.53e-03    1.18e-03      1.38e-01    1.04e-01    1.3e-06
  36774      2.66e-01    1.69e-01      5.92e-04    7.19e-04      1.76e-01    1.11e-01    1.3e-06
  36828      2.16e-01    1.55e-01      1.94e-03    1.39e-03      1.42e-01    1.02e-01    1.3e-06
  36882      1.91e-01    2.12e-01      1.75e-03    1.73e-03      1.26e-01    1.39e-01    1.3e-06
  36936      2.14e-01    2.06e-01      5.21e-04    1.25e-03      1.42e-01    1.36e-01    1.3e-06
  36990      2.28e-01    1.58e-01      7.72e-04    9.61e-04      1.50e-01    1.04e-01    1.3e-06
  37044      2.47e-01    2.01e-01      7.79e-04    9.06e-04      1.63e-01    1.32e-01    1.3e-06
  37098      2.35e-01    2.09e-01      1.84e-03    1.28e-03      1.55e-01    1.37e-01    1.3e-06
  37152      2.14e-01    1.61e-01      3.88e-04    1.06e-03      1.41e-01    1.06e-01    1.3e-06
  37206      1.83e-01    2.17e-01      7.60e-06    1.77e-03      1.21e-01    1.43e-01    1.3e-06
  37260      2.75e-01    2.03e-01      1.13e-05    9.09e-04      1.81e-01    1.34e-01    1.3e-06
  37314      2.24e-01    1.56e-01      5.35e-04    1.22e-03      1.48e-01    1.03e-01    1.3e-06
  37368      2.14e-01    2.23e-01      4.24e-03    1.31e-03      1.38e-01    1.47e-01    1.3e-06
  37422      2.28e-01    1.69e-01      6.84e-04    8.01e-04      1.50e-01    1.12e-01    1.3e-06
  37476      2.74e-01    1.55e-01      5.13e-04    1.22e-03      1.81e-01    1.02e-01    1.3e-06
  37530      2.06e-01    2.31e-01      7.98e-04    1.72e-03      1.36e-01    1.52e-01    1.3e-06
  37584      2.36e-01    1.55e-01      2.19e-03    8.94e-04      1.55e-01    1.02e-01    1.3e-06
  37638      1.98e-01    2.06e-01      1.20e-03    1.20e-03      1.30e-01    1.36e-01    1.3e-06
  37692      2.27e-01    1.55e-01      2.98e-03    1.25e-03      1.48e-01    1.02e-01    1.3e-06
  37746      1.90e-01    2.50e-01      4.31e-04    1.59e-03      1.25e-01    1.65e-01    1.3e-06
  37800      2.24e-01    2.15e-01      2.65e-03    1.48e-03      1.47e-01    1.42e-01    1.3e-06
  37854      3.03e-01    2.30e-01      1.35e-03    1.58e-03      2.00e-01    1.52e-01    1.3e-06
  37908      1.83e-01    2.24e-01      2.46e-03    1.05e-03      1.20e-01    1.48e-01    1.3e-06
  37962      2.79e-01    1.52e-01      1.18e-03    1.13e-03      1.84e-01    1.00e-01    1.3e-06
  38016      1.90e-01    2.34e-01      1.17e-04    1.48e-03      1.26e-01    1.54e-01    1.3e-06
  38070      1.91e-01    2.11e-01      6.67e-04    1.16e-03      1.26e-01    1.39e-01    1.3e-06
  38124      2.09e-01    2.20e-01      8.04e-04    8.45e-04      1.38e-01    1.45e-01    1.3e-06
  38178      2.06e-01    2.13e-01      2.14e-03    1.38e-03      1.36e-01    1.41e-01    1.3e-06
  38232      2.23e-01    2.03e-01      1.12e-03    1.32e-03      1.47e-01    1.34e-01    1.3e-06
  38286      2.00e-01    1.58e-01      2.76e-03    1.05e-03      1.31e-01    1.04e-01    1.3e-06
  38340      2.66e-01    1.58e-01      5.49e-04    1.26e-03      1.76e-01    1.04e-01    1.3e-06
  38394      1.77e-01    2.19e-01      1.50e-03    1.40e-03      1.16e-01    1.44e-01    1.3e-06
  38448      1.80e-01    2.32e-01      1.75e-03    1.46e-03      1.18e-01    1.53e-01    1.3e-06
  38502      2.12e-01    2.21e-01      3.80e-03    1.44e-03      1.37e-01    1.45e-01    1.3e-06
  38556      1.86e-01    2.23e-01      1.10e-03    1.60e-03      1.22e-01    1.47e-01    1.3e-06
  38610      1.83e-01    2.40e-01      3.67e-04    9.49e-04      1.21e-01    1.58e-01    1.3e-06
  38664      2.00e-01    2.22e-01      1.31e-03    1.38e-03      1.31e-01    1.47e-01    1.3e-06
  38718      1.70e-01    1.57e-01      1.19e-04    9.45e-04      1.12e-01    1.03e-01    1.3e-06
  38772      2.35e-01    1.98e-01      2.16e-03    8.69e-04      1.54e-01    1.31e-01    1.3e-06
  38826      2.74e-01    1.55e-01      2.70e-04    1.32e-03      1.81e-01    1.02e-01    1.3e-06
  38880      2.13e-01    2.28e-01      4.35e-03    1.46e-03      1.37e-01    1.50e-01    1.3e-06
  38934      2.07e-01    2.19e-01      1.64e-03    8.17e-04      1.36e-01    1.44e-01    1.3e-06
  38988      2.55e-01    2.42e-01      2.51e-05    1.54e-03      1.69e-01    1.59e-01    1.3e-06
  39042      2.25e-01    2.05e-01      1.81e-03    1.23e-03      1.48e-01    1.35e-01    1.3e-06
  39096      1.99e-01    2.28e-01      4.36e-04    1.01e-03      1.31e-01    1.50e-01    1.3e-06
  39150      2.46e-01    2.03e-01      9.69e-04    9.41e-04      1.63e-01    1.34e-01    1.3e-06
  39204      2.23e-01    2.08e-01      8.88e-04    1.62e-03      1.47e-01    1.37e-01    1.3e-06
  39258      2.10e-01    1.98e-01      1.93e-03    9.60e-04      1.38e-01    1.31e-01    1.3e-06
  39312      2.42e-01    1.69e-01      3.02e-04    8.25e-04      1.60e-01    1.11e-01    1.3e-06
  39366      2.47e-01    1.68e-01      1.95e-03    9.13e-04      1.63e-01    1.11e-01    1.3e-06
  39420      2.27e-01    1.71e-01      3.71e-04    7.09e-04      1.50e-01    1.12e-01    1.3e-06
  39474      2.16e-01    1.66e-01      1.27e-03    9.09e-04      1.42e-01    1.09e-01    1.3e-06
  39528      2.17e-01    1.71e-01      2.50e-03    7.28e-04      1.43e-01    1.13e-01    1.3e-06
  39582      2.15e-01    1.56e-01      1.36e-04    1.38e-03      1.42e-01    1.03e-01    1.3e-06
  39636      2.36e-01    2.51e-01      2.09e-03    1.64e-03      1.55e-01    1.66e-01    1.3e-06
  39690      1.96e-01    2.16e-01      2.03e-03    1.02e-03      1.29e-01    1.42e-01    1.3e-06
  39744      2.21e-01    1.71e-01      1.95e-05    8.80e-04      1.46e-01    1.13e-01    1.3e-06
  39798      1.91e-01    2.09e-01      1.41e-03    1.09e-03      1.25e-01    1.38e-01    1.3e-06
  39852      1.98e-01    2.48e-01      6.74e-05    1.95e-03      1.31e-01    1.63e-01    1.3e-06
  39906      2.29e-01    2.25e-01      1.00e-03    9.65e-04      1.51e-01    1.48e-01    1.3e-06
  39960      2.15e-01    2.15e-01      9.51e-04    1.53e-03      1.42e-01    1.42e-01    1.3e-06
  40014      1.38e-01    1.80e-01      1.65e-03    1.69e-03      1.12e-01    1.46e-01    5.0e-07
  40068      1.84e-01    1.94e-01      7.18e-04    1.80e-03      1.50e-01    1.58e-01    5.0e-07
  40122      1.45e-01    1.25e-01      1.59e-03    1.16e-03      1.17e-01    1.01e-01    5.0e-07
  40176      1.82e-01    1.64e-01      1.29e-03    1.29e-03      1.48e-01    1.33e-01    5.0e-07
  40230      2.30e-01    1.37e-01      6.79e-04    7.82e-04      1.88e-01    1.11e-01    5.0e-07
  40284      2.20e-01    1.72e-01      3.11e-04    1.43e-03      1.79e-01    1.40e-01    5.0e-07
  40338      1.70e-01    1.88e-01      2.46e-03    1.27e-03      1.38e-01    1.53e-01    5.0e-07
  40392      1.26e-01    1.64e-01      6.68e-04    1.62e-03      1.03e-01    1.34e-01    5.0e-07
  40446      1.76e-01    1.61e-01      2.24e-04    1.11e-03      1.44e-01    1.31e-01    5.0e-07
  40500      1.69e-01    1.76e-01      3.93e-04    9.96e-04      1.38e-01    1.43e-01    5.0e-07
  40554      1.74e-01    1.26e-01      1.64e-03    1.11e-03      1.41e-01    1.02e-01    5.0e-07
  40608      1.75e-01    2.07e-01      1.83e-03    1.59e-03      1.42e-01    1.69e-01    5.0e-07
  40662      1.67e-01    1.30e-01      1.18e-03    1.14e-03      1.36e-01    1.06e-01    5.0e-07
  40716      1.67e-01    1.79e-01      2.08e-03    1.13e-03      1.35e-01    1.46e-01    5.0e-07
  40770      1.72e-01    1.93e-01      3.53e-03    1.02e-03      1.37e-01    1.57e-01    5.0e-07
  40824      1.58e-01    1.84e-01      2.01e-03    2.17e-03      1.28e-01    1.49e-01    5.0e-07
  40878      1.37e-01    1.65e-01      5.09e-04    9.70e-04      1.12e-01    1.34e-01    5.0e-07
  40932      2.25e-01    1.26e-01      6.39e-04    8.30e-04      1.84e-01    1.03e-01    5.0e-07
  40986      1.82e-01    1.75e-01      1.99e-03    1.33e-03      1.48e-01    1.42e-01    5.0e-07
  41040      1.48e-01    1.64e-01      2.27e-03    1.50e-03      1.19e-01    1.34e-01    5.0e-07
  41094      1.76e-01    1.84e-01      2.48e-03    1.01e-03      1.42e-01    1.49e-01    5.0e-07
  41148      1.83e-01    1.27e-01      1.32e-03    1.06e-03      1.49e-01    1.04e-01    5.0e-07
  41202      2.22e-01    1.66e-01      4.18e-04    1.07e-03      1.81e-01    1.35e-01    5.0e-07
  41256      1.80e-01    1.65e-01      1.33e-03    1.37e-03      1.46e-01    1.35e-01    5.0e-07
  41310      1.60e-01    1.74e-01      7.88e-04    1.60e-03      1.31e-01    1.42e-01    5.0e-07
  41364      1.44e-01    1.27e-01      1.76e-03    1.01e-03      1.17e-01    1.04e-01    5.0e-07
  41418      1.46e-01    1.80e-01      1.76e-03    1.97e-03      1.18e-01    1.46e-01    5.0e-07
  41472      2.07e-01    1.82e-01      5.96e-05    8.51e-04      1.69e-01    1.48e-01    5.0e-07
  41526      2.21e-01    1.75e-01      5.32e-05    9.62e-04      1.80e-01    1.43e-01    5.0e-07
  41580      1.62e-01    1.64e-01      1.40e-03    8.70e-04      1.32e-01    1.34e-01    5.0e-07
  41634      2.30e-01    1.80e-01      4.23e-04    1.02e-03      1.88e-01    1.46e-01    5.0e-07
  41688      1.81e-01    1.37e-01      2.45e-03    5.43e-04      1.46e-01    1.12e-01    5.0e-07
  41742      1.54e-01    1.24e-01      1.65e-03    9.02e-04      1.25e-01    1.01e-01    5.0e-07
  41796      1.46e-01    1.27e-01      1.81e-03    1.00e-03      1.18e-01    1.03e-01    5.0e-07
  41850      1.74e-01    1.64e-01      4.04e-03    8.29e-04      1.38e-01    1.34e-01    5.0e-07
  41904      1.72e-01    1.24e-01      3.10e-03    9.81e-04      1.38e-01    1.01e-01    5.0e-07
  41958      1.78e-01    1.97e-01      5.77e-04    1.36e-03      1.45e-01    1.60e-01    5.0e-07
  42012      1.85e-01    1.98e-01      1.08e-03    1.92e-03      1.51e-01    1.61e-01    5.0e-07
  42066      2.45e-01    1.29e-01      1.25e-03    1.05e-03      2.00e-01    1.05e-01    5.0e-07
  42120      1.39e-01    2.07e-01      1.07e-03    1.45e-03      1.13e-01    1.68e-01    5.0e-07
  42174      1.26e-01    1.72e-01      2.38e-04    1.51e-03      1.03e-01    1.40e-01    5.0e-07
  42228      1.63e-01    1.59e-01      3.09e-03    1.12e-03      1.30e-01    1.30e-01    5.0e-07
  42282      1.53e-01    1.67e-01      2.37e-04    1.46e-03      1.25e-01    1.36e-01    5.0e-07
  42336      1.50e-01    1.91e-01      4.10e-04    1.56e-03      1.23e-01    1.56e-01    5.0e-07
  42390      1.84e-01    1.69e-01      3.54e-04    1.26e-03      1.50e-01    1.37e-01    5.0e-07
  42444      1.81e-01    1.25e-01      2.82e-04    1.05e-03      1.47e-01    1.02e-01    5.0e-07
  42498      1.60e-01    1.28e-01      4.16e-04    9.52e-04      1.30e-01    1.04e-01    5.0e-07
  42552      1.83e-01    2.02e-01      7.71e-04    1.75e-03      1.49e-01    1.65e-01    5.0e-07
  42606      1.96e-01    1.68e-01      6.04e-04    1.18e-03      1.60e-01    1.36e-01    5.0e-07
  42660      1.73e-01    1.29e-01      2.79e-04    1.13e-03      1.41e-01    1.05e-01    5.0e-07
  42714      1.54e-01    1.26e-01      3.39e-04    1.00e-03      1.26e-01    1.03e-01    5.0e-07
  42768      2.15e-01    1.90e-01      3.70e-04    1.54e-03      1.76e-01    1.55e-01    5.0e-07
  42822      1.99e-01    1.79e-01      1.44e-03    1.11e-03      1.62e-01    1.45e-01    5.0e-07
  42876      1.77e-01    1.89e-01      1.95e-04    1.71e-03      1.44e-01    1.53e-01    5.0e-07
  42930      1.91e-01    1.79e-01      2.19e-03    9.69e-04      1.55e-01    1.46e-01    5.0e-07
  42984      1.90e-01    1.87e-01      2.03e-03    1.72e-03      1.54e-01    1.52e-01    5.0e-07
  43038      1.99e-01    1.66e-01      5.82e-04    1.16e-03      1.62e-01    1.35e-01    5.0e-07
  43092      1.48e-01    1.85e-01      5.12e-04    1.23e-03      1.21e-01    1.50e-01    5.0e-07
  43146      1.70e-01    1.24e-01      2.18e-03    1.07e-03      1.38e-01    1.01e-01    5.0e-07
  43200      1.69e-01    2.03e-01      7.46e-04    1.83e-03      1.38e-01    1.65e-01    5.0e-07
  43254      1.61e-01    1.66e-01      2.84e-03    1.44e-03      1.30e-01    1.35e-01    5.0e-07
  43308      1.81e-01    1.70e-01      2.80e-03    1.55e-03      1.46e-01    1.38e-01    5.0e-07
  43362      1.85e-01    1.85e-01      4.65e-04    1.15e-03      1.51e-01    1.51e-01    5.0e-07
  43416      1.54e-01    1.68e-01      1.43e-03    1.21e-03      1.25e-01    1.37e-01    5.0e-07
  43470      1.80e-01    1.74e-01      1.65e-05    1.33e-03      1.47e-01    1.42e-01    5.0e-07
  43524      1.46e-01    1.27e-01      1.36e-03    9.18e-04      1.18e-01    1.03e-01    5.0e-07
  43578      2.25e-01    1.76e-01      6.72e-04    9.69e-04      1.84e-01    1.43e-01    5.0e-07
  43632      1.59e-01    1.65e-01      5.55e-04    1.44e-03      1.30e-01    1.35e-01    5.0e-07
  43686      1.96e-01    1.66e-01      1.58e-04    1.03e-03      1.60e-01    1.35e-01    5.0e-07
  43740      1.48e-01    1.99e-01      7.59e-04    1.30e-03      1.21e-01    1.62e-01    5.0e-07
  43794      1.59e-01    1.65e-01      2.10e-03    1.35e-03      1.29e-01    1.35e-01    5.0e-07
  43848      1.77e-01    1.28e-01      3.07e-03    1.14e-03      1.42e-01    1.04e-01    5.0e-07
  43902      1.82e-01    2.01e-01      1.18e-03    1.90e-03      1.48e-01    1.63e-01    5.0e-07
  43956      1.90e-01    1.78e-01      2.05e-03    1.57e-03      1.54e-01    1.45e-01    5.0e-07
  44010      1.82e-01    1.73e-01      9.71e-05    1.08e-03      1.49e-01    1.41e-01    5.0e-07
  44064      1.98e-01    1.91e-01      1.28e-03    1.58e-03      1.61e-01    1.55e-01    5.0e-07
  44118      1.82e-01    1.29e-01      2.09e-03    9.11e-04      1.47e-01    1.05e-01    5.0e-07
  44172      1.84e-01    1.26e-01      1.31e-03    7.78e-04      1.50e-01    1.02e-01    5.0e-07
  44226      1.54e-01    1.28e-01      3.45e-05    9.31e-04      1.25e-01    1.04e-01    5.0e-07
  44280      1.73e-01    1.24e-01      3.97e-03    1.05e-03      1.38e-01    1.01e-01    5.0e-07
  44334      1.79e-01    1.73e-01      1.15e-03    1.78e-03      1.46e-01    1.40e-01    5.0e-07
  44388      1.49e-01    1.22e-01      2.74e-03    7.97e-04      1.19e-01    9.97e-02    5.0e-07
  44442      1.38e-01    1.65e-01      7.59e-04    1.20e-03      1.13e-01    1.34e-01    5.0e-07
  44496      1.67e-01    1.78e-01      1.67e-03    8.89e-04      1.36e-01    1.45e-01    5.0e-07
  44550      1.99e-01    1.76e-01      9.16e-04    1.35e-03      1.62e-01    1.43e-01    5.0e-07
  44604      2.44e-01    1.68e-01      1.66e-03    9.69e-04      1.99e-01    1.37e-01    5.0e-07
  44658      1.78e-01    1.79e-01      8.80e-04    7.86e-04      1.45e-01    1.46e-01    5.0e-07
  44712      2.30e-01    1.36e-01      3.85e-04    8.36e-04      1.88e-01    1.11e-01    5.0e-07
  44766      1.67e-01    1.28e-01      2.31e-03    8.83e-04      1.35e-01    1.05e-01    5.0e-07
  44820      1.71e-01    1.40e-01      2.37e-03    6.96e-04      1.38e-01    1.14e-01    5.0e-07
  44874      1.75e-01    1.63e-01      1.79e-03    1.19e-03      1.42e-01    1.33e-01    5.0e-07
  44928      1.90e-01    1.40e-01      1.69e-03    1.02e-03      1.55e-01    1.14e-01    5.0e-07
  44982      1.71e-01    1.26e-01      3.25e-03    8.53e-04      1.37e-01    1.03e-01    5.0e-07
  45036      1.83e-01    1.57e-01      9.27e-05    1.65e-03      1.68e-01    1.43e-01    1.9e-07
  45090      1.29e-01    1.53e-01      2.07e-03    1.32e-03      1.16e-01    1.39e-01    1.9e-07
  45144      1.37e-01    1.48e-01      4.75e-04    1.29e-03      1.25e-01    1.35e-01    1.9e-07
  45198      1.44e-01    1.55e-01      1.40e-03    1.55e-03      1.31e-01    1.41e-01    1.9e-07
  45252      1.43e-01    1.71e-01      1.10e-03    1.63e-03      1.30e-01    1.56e-01    1.9e-07
  45306      1.30e-01    1.49e-01      1.94e-03    1.01e-03      1.18e-01    1.36e-01    1.9e-07
  45360      1.53e-01    1.42e-01      2.69e-03    1.17e-03      1.38e-01    1.30e-01    1.9e-07
  45414      1.98e-01    1.16e-01      1.50e-04    9.05e-04      1.81e-01    1.06e-01    1.9e-07
  45468      1.96e-01    1.14e-01      1.02e-04    9.44e-04      1.80e-01    1.04e-01    1.9e-07
  45522      1.22e-01    1.49e-01      4.26e-04    8.89e-04      1.12e-01    1.36e-01    1.9e-07
  45576      1.54e-01    1.58e-01      4.34e-04    1.22e-03      1.41e-01    1.44e-01    1.9e-07
  45630      1.55e-01    1.10e-01      1.02e-03    9.81e-04      1.41e-01    1.01e-01    1.9e-07
  45684      1.13e-01    1.55e-01      9.80e-04    1.54e-03      1.03e-01    1.41e-01    1.9e-07
  45738      1.92e-01    1.70e-01      5.94e-04    1.64e-03      1.76e-01    1.54e-01    1.9e-07
  45792      1.34e-01    1.46e-01      3.92e-04    9.13e-04      1.22e-01    1.33e-01    1.9e-07
  45846      1.57e-01    1.67e-01      2.49e-05    1.48e-03      1.44e-01    1.53e-01    1.9e-07
  45900      1.55e-01    1.15e-01      1.19e-03    1.05e-03      1.42e-01    1.05e-01    1.9e-07
  45954      2.18e-01    1.21e-01      1.46e-03    6.59e-04      1.99e-01    1.11e-01    1.9e-07
  46008      1.78e-01    1.48e-01      1.05e-03    1.63e-03      1.62e-01    1.35e-01    1.9e-07
  46062      1.70e-01    1.49e-01      2.16e-03    1.13e-03      1.54e-01    1.36e-01    1.9e-07
  46116      1.96e-01    1.11e-01      1.56e-05    1.06e-03      1.79e-01    1.02e-01    1.9e-07
  46170      1.62e-01    1.49e-01      1.55e-03    1.55e-03      1.48e-01    1.36e-01    1.9e-07
  46224      1.56e-01    1.13e-01      1.97e-03    7.82e-04      1.42e-01    1.04e-01    1.9e-07
  46278      1.55e-01    1.13e-01      1.34e-03    1.13e-03      1.41e-01    1.03e-01    1.9e-07
  46332      1.70e-01    1.73e-01      2.12e-03    1.56e-03      1.55e-01    1.58e-01    1.9e-07
  46386      1.24e-01    1.21e-01      9.57e-04    6.31e-04      1.13e-01    1.10e-01    1.9e-07
  46440      1.45e-01    1.12e-01      2.77e-03    1.08e-03      1.30e-01    1.02e-01    1.9e-07
  46494      1.42e-01    1.51e-01      3.16e-04    1.30e-03      1.30e-01    1.37e-01    1.9e-07
  46548      1.65e-01    1.23e-01      1.13e-03    5.33e-04      1.51e-01    1.12e-01    1.9e-07
  46602      2.01e-01    1.76e-01      7.44e-04    1.52e-03      1.84e-01    1.60e-01    1.9e-07
  46656      1.54e-01    1.52e-01      5.36e-04    1.66e-03      1.41e-01    1.39e-01    1.9e-07
  46710      1.54e-01    1.21e-01      3.44e-03    6.53e-04      1.37e-01    1.10e-01    1.9e-07
  46764      1.56e-01    1.53e-01      3.86e-03    1.32e-03      1.38e-01    1.39e-01    1.9e-07
  46818      1.30e-01    1.49e-01      1.94e-03    1.56e-03      1.18e-01    1.36e-01    1.9e-07
  46872      1.37e-01    1.45e-01      2.98e-04    1.13e-03      1.25e-01    1.32e-01    1.9e-07
  46926      1.84e-01    1.10e-01      1.32e-05    7.84e-04      1.68e-01    1.01e-01    1.9e-07
  46980      1.64e-01    1.13e-01      1.13e-03    1.14e-03      1.50e-01    1.04e-01    1.9e-07
  47034      1.53e-01    1.53e-01      2.54e-03    1.35e-03      1.38e-01    1.39e-01    1.9e-07
  47088      1.57e-01    1.73e-01      8.72e-05    1.74e-03      1.44e-01    1.58e-01    1.9e-07
  47142      1.49e-01    1.59e-01      1.45e-03    9.86e-04      1.36e-01    1.45e-01    1.9e-07
  47196      1.53e-01    1.09e-01      2.66e-03    1.01e-03      1.38e-01    9.94e-02    1.9e-07
  47250      1.37e-01    1.45e-01      1.56e-04    7.15e-04      1.26e-01    1.32e-01    1.9e-07
  47304      1.34e-01    1.48e-01      2.64e-04    1.34e-03      1.22e-01    1.35e-01    1.9e-07
  47358      1.50e-01    1.60e-01      2.37e-03    9.92e-04      1.35e-01    1.46e-01    1.9e-07
  47412      1.60e-01    1.73e-01      1.44e-03    1.75e-03      1.46e-01    1.58e-01    1.9e-07
  47466      1.28e-01    1.59e-01      1.87e-03    1.41e-03      1.16e-01    1.45e-01    1.9e-07
  47520      1.13e-01    1.15e-01      5.10e-04    8.67e-04      1.03e-01    1.05e-01    1.9e-07
  47574      2.05e-01    1.66e-01      2.47e-04    1.75e-03      1.88e-01    1.51e-01    1.9e-07
  47628      1.59e-01    1.11e-01      4.10e-04    8.13e-04      1.45e-01    1.02e-01    1.9e-07
  47682      1.43e-01    1.15e-01      9.39e-04    9.26e-04      1.30e-01    1.05e-01    1.9e-07
  47736      1.23e-01    1.19e-01      1.98e-04    6.86e-04      1.12e-01    1.09e-01    1.9e-07
  47790      1.61e-01    1.45e-01      3.19e-05    9.95e-04      1.48e-01    1.32e-01    1.9e-07
  47844      1.78e-01    1.48e-01      1.54e-03    1.01e-03      1.63e-01    1.35e-01    1.9e-07
  47898      1.98e-01    1.60e-01      1.62e-04    1.09e-03      1.81e-01    1.46e-01    1.9e-07
  47952      1.92e-01    1.57e-01      4.10e-04    1.15e-03      1.76e-01    1.44e-01    1.9e-07
  48006      1.63e-01    1.50e-01      3.03e-03    1.14e-03      1.46e-01    1.37e-01    1.9e-07
  48060      1.38e-01    1.57e-01      1.59e-03    8.64e-04      1.25e-01    1.43e-01    1.9e-07
  48114      1.63e-01    1.52e-01      2.76e-04    1.32e-03      1.49e-01    1.39e-01    1.9e-07
  48168      1.30e-01    1.50e-01      1.59e-03    1.18e-03      1.18e-01    1.37e-01    1.9e-07
  48222      1.45e-01    1.53e-01      1.67e-03    1.39e-03      1.32e-01    1.40e-01    1.9e-07
  48276      1.51e-01    1.47e-01      7.42e-04    1.46e-03      1.38e-01    1.34e-01    1.9e-07
  48330      1.34e-01    1.76e-01      2.58e-03    1.73e-03      1.20e-01    1.60e-01    1.9e-07
  48384      1.32e-01    1.11e-01      4.70e-04    9.46e-04      1.21e-01    1.01e-01    1.9e-07
  48438      1.43e-01    1.11e-01      2.51e-03    1.12e-03      1.29e-01    1.02e-01    1.9e-07
  48492      1.64e-01    1.12e-01      2.03e-03    7.91e-04      1.48e-01    1.02e-01    1.9e-07
  48546      1.75e-01    1.82e-01      5.61e-05    1.70e-03      1.60e-01    1.66e-01    1.9e-07
  48600      1.65e-01    1.57e-01      7.92e-04    8.59e-04      1.51e-01    1.43e-01    1.9e-07
  48654      1.53e-01    1.48e-01      2.68e-03    1.38e-03      1.38e-01    1.35e-01    1.9e-07
  48708      1.54e-01    1.12e-01      2.53e-04    7.28e-04      1.41e-01    1.02e-01    1.9e-07
  48762      1.65e-01    1.12e-01      1.13e-03    9.77e-04      1.51e-01    1.02e-01    1.9e-07
  48816      1.92e-01    1.59e-01      5.77e-04    1.83e-03      1.76e-01    1.45e-01    1.9e-07
  48870      1.61e-01    1.47e-01      1.98e-04    7.23e-04      1.48e-01    1.34e-01    1.9e-07
  48924      1.75e-01    1.73e-01      1.14e-04    1.66e-03      1.60e-01    1.57e-01    1.9e-07
  48978      1.32e-01    1.47e-01      4.65e-04    1.20e-03      1.21e-01    1.34e-01    1.9e-07
  49032      1.43e-01    1.12e-01      1.33e-03    1.07e-03      1.30e-01    1.02e-01    1.9e-07
  49086      1.53e-01    1.15e-01      2.40e-03    9.74e-04      1.38e-01    1.05e-01    1.9e-07
  49140      1.43e-01    1.13e-01      2.31e-03    8.70e-04      1.29e-01    1.03e-01    1.9e-07
  49194      1.56e-01    1.09e-01      1.44e-03    8.29e-04      1.42e-01    9.92e-02    1.9e-07
  49248      1.71e-01    1.24e-01      1.86e-03    7.57e-04      1.55e-01    1.13e-01    1.9e-07
  49302      1.98e-01    1.25e-01      2.35e-04    7.25e-04      1.81e-01    1.14e-01    1.9e-07
  49356      1.78e-01    1.63e-01      1.40e-03    8.97e-04      1.62e-01    1.48e-01    1.9e-07
  49410      1.60e-01    1.47e-01      1.36e-03    1.38e-03      1.46e-01    1.34e-01    1.9e-07
  49464      2.05e-01    1.71e-01      5.44e-04    9.89e-04      1.88e-01    1.56e-01    1.9e-07
  49518      1.13e-01    1.13e-01      6.72e-04    1.06e-03      1.03e-01    1.03e-01    1.9e-07
  49572      1.97e-01    1.45e-01      9.03e-05    9.38e-04      1.80e-01    1.33e-01    1.9e-07
  49626      1.37e-01    1.67e-01      5.62e-04    1.32e-03      1.25e-01    1.52e-01    1.9e-07
  49680      1.42e-01    1.75e-01      3.35e-04    1.18e-03      1.30e-01    1.60e-01    1.9e-07
  49734      1.51e-01    1.76e-01      1.23e-03    1.33e-03      1.38e-01    1.61e-01    1.9e-07
  49788      1.34e-01    1.46e-01      2.42e-04    1.01e-03      1.22e-01    1.33e-01    1.9e-07
  49842      1.37e-01    1.84e-01      6.59e-05    1.64e-03      1.26e-01    1.67e-01    1.9e-07
  49896      1.29e-01    1.14e-01      2.19e-03    1.17e-03      1.16e-01    1.04e-01    1.9e-07
  49950      1.55e-01    1.55e-01      1.25e-03    1.65e-03      1.41e-01    1.41e-01    1.9e-07
  50004      1.16e-01    1.66e-01      4.58e-04    1.56e-03      1.12e-01    1.59e-01    7.5e-08
  50058      1.38e-01    1.49e-01      1.67e-03    1.39e-03      1.32e-01    1.44e-01    7.5e-08
  50112      1.47e-01    1.06e-01      3.49e-03    1.02e-03      1.37e-01    1.02e-01    7.5e-08
  50166      1.55e-01    1.67e-01      2.02e-03    1.94e-03      1.48e-01    1.60e-01    7.5e-08
  50220      1.37e-01    1.66e-01      2.61e-03    1.41e-03      1.30e-01    1.60e-01    7.5e-08
  50274      1.54e-01    1.63e-01      2.63e-03    1.60e-03      1.46e-01    1.56e-01    7.5e-08
  50328      1.54e-01    1.51e-01      1.36e-03    9.86e-04      1.48e-01    1.45e-01    7.5e-08
  50382      1.42e-01    1.50e-01      1.48e-03    7.43e-04      1.36e-01    1.44e-01    7.5e-08
  50436      1.91e-01    1.44e-01      7.74e-04    1.14e-03      1.84e-01    1.39e-01    7.5e-08
  50490      1.62e-01    1.63e-01      2.05e-03    1.64e-03      1.55e-01    1.56e-01    7.5e-08
  50544      1.51e-01    1.40e-01      4.13e-04    7.92e-04      1.45e-01    1.35e-01    7.5e-08
  50598      1.43e-01    1.06e-01      2.44e-03    1.23e-03      1.36e-01    1.02e-01    7.5e-08
  50652      2.07e-01    1.06e-01      1.46e-03    1.21e-03      1.99e-01    1.02e-01    7.5e-08
  50706      1.69e-01    1.16e-01      9.82e-04    7.74e-04      1.62e-01    1.12e-01    7.5e-08
  50760      1.48e-01    1.05e-01      3.93e-03    9.49e-04      1.38e-01    1.01e-01    7.5e-08
  50814      1.55e-01    1.49e-01      2.57e-04    1.75e-03      1.49e-01    1.43e-01    7.5e-08
  50868      1.23e-01    1.63e-01      1.45e-03    1.03e-03      1.18e-01    1.57e-01    7.5e-08
  50922      1.17e-01    1.46e-01      1.14e-03    1.32e-03      1.13e-01    1.40e-01    7.5e-08
  50976      1.50e-01    1.42e-01      3.30e-04    1.55e-03      1.44e-01    1.36e-01    7.5e-08
  51030      1.31e-01    1.40e-01      1.50e-03    9.50e-04      1.25e-01    1.35e-01    7.5e-08
  51084      1.74e-01    1.07e-01      1.10e-04    1.15e-03      1.68e-01    1.03e-01    7.5e-08
  51138      1.49e-01    1.13e-01      2.38e-03    8.20e-04      1.42e-01    1.09e-01    7.5e-08
  51192      1.27e-01    1.51e-01      2.74e-03    1.01e-03      1.19e-01    1.45e-01    7.5e-08
  51246      1.24e-01    1.17e-01      1.65e-03    8.62e-04      1.18e-01    1.13e-01    7.5e-08
  51300      1.55e-01    1.15e-01      2.10e-03    6.85e-04      1.48e-01    1.11e-01    7.5e-08
  51354      1.53e-01    1.17e-01      1.21e-04    7.42e-04      1.47e-01    1.12e-01    7.5e-08
  51408      1.50e-01    1.16e-01      1.96e-04    8.27e-04      1.44e-01    1.12e-01    7.5e-08
  51462      1.23e-01    1.54e-01      1.48e-03    9.77e-04      1.18e-01    1.48e-01    7.5e-08
  51516      1.38e-01    1.49e-01      1.70e-03    1.99e-03      1.32e-01    1.43e-01    7.5e-08
  51570      1.62e-01    1.06e-01      1.94e-03    7.76e-04      1.55e-01    1.02e-01    7.5e-08
  51624      1.55e-01    1.64e-01      1.49e-03    1.71e-03      1.48e-01    1.58e-01    7.5e-08
  51678      1.35e-01    1.38e-01      2.22e-03    1.43e-03      1.28e-01    1.32e-01    7.5e-08
  51732      1.45e-01    1.48e-01      2.37e-03    7.26e-04      1.38e-01    1.42e-01    7.5e-08
  51786      1.57e-01    1.70e-01      8.56e-04    1.31e-03      1.51e-01    1.63e-01    7.5e-08
  51840      1.49e-01    1.69e-01      2.28e-03    1.30e-03      1.42e-01    1.63e-01    7.5e-08
  51894      1.87e-01    1.06e-01      7.32e-05    9.45e-04      1.80e-01    1.02e-01    7.5e-08
  51948      1.16e-01    1.10e-01      2.42e-04    1.01e-03      1.12e-01    1.06e-01    7.5e-08
  52002      1.62e-01    1.52e-01      1.98e-03    6.91e-04      1.55e-01    1.47e-01    7.5e-08
  52056      1.47e-01    1.37e-01      9.68e-04    1.44e-03      1.42e-01    1.32e-01    7.5e-08
  52110      1.82e-01    1.41e-01      5.27e-04    1.03e-03      1.76e-01    1.35e-01    7.5e-08
  52164      1.56e-01    1.56e-01      9.01e-04    1.16e-03      1.50e-01    1.50e-01    7.5e-08
  52218      1.66e-01    1.39e-01      1.04e-04    8.38e-04      1.60e-01    1.34e-01    7.5e-08
  52272      1.48e-01    1.66e-01      1.48e-03    1.46e-03      1.42e-01    1.59e-01    7.5e-08
  52326      1.46e-01    1.62e-01      2.86e-03    1.57e-03      1.38e-01    1.56e-01    7.5e-08
  52380      1.08e-01    1.71e-01      7.52e-04    1.67e-03      1.04e-01    1.64e-01    7.5e-08
  52434      1.95e-01    1.08e-01      1.84e-04    8.82e-04      1.88e-01    1.04e-01    7.5e-08
  52488      1.43e-01    1.54e-01      9.04e-04    1.06e-03      1.38e-01    1.47e-01    7.5e-08
  52542      1.51e-01    1.44e-01      5.34e-04    1.37e-03      1.45e-01    1.38e-01    7.5e-08
  52596      1.27e-01    1.40e-01      3.99e-04    1.09e-03      1.22e-01    1.34e-01    7.5e-08
  52650      1.22e-01    1.46e-01      1.92e-03    1.59e-03      1.16e-01    1.40e-01    7.5e-08
  52704      1.74e-01    1.53e-01      1.13e-04    1.09e-03      1.68e-01    1.47e-01    7.5e-08
  52758      1.35e-01    1.52e-01      9.38e-05    1.07e-03      1.30e-01    1.46e-01    7.5e-08
  52812      1.68e-01    1.41e-01      7.23e-04    1.07e-03      1.62e-01    1.36e-01    7.5e-08
  52866      1.69e-01    1.53e-01      1.33e-03    9.53e-04      1.62e-01    1.47e-01    7.5e-08
  52920      1.37e-01    1.38e-01      2.57e-03    7.80e-04      1.30e-01    1.33e-01    7.5e-08
  52974      1.31e-01    1.18e-01      1.72e-03    7.88e-04      1.25e-01    1.13e-01    7.5e-08
  53028      1.48e-01    1.12e-01      3.87e-03    8.74e-04      1.38e-01    1.08e-01    7.5e-08
  53082      1.42e-01    1.41e-01      1.31e-03    9.77e-04      1.36e-01    1.35e-01    7.5e-08
  53136      1.52e-01    1.39e-01      1.22e-03    9.63e-04      1.46e-01    1.33e-01    7.5e-08
  53190      1.54e-01    1.17e-01      2.77e-03    8.70e-04      1.46e-01    1.13e-01    7.5e-08
  53244      1.24e-01    1.45e-01      1.75e-03    1.69e-03      1.18e-01    1.39e-01    7.5e-08
  53298      1.17e-01    1.55e-01      1.07e-03    1.95e-03      1.13e-01    1.49e-01    7.5e-08
  53352      1.47e-01    1.49e-01      3.53e-03    1.35e-03      1.37e-01    1.44e-01    7.5e-08
  53406      1.27e-01    1.05e-01      2.65e-03    8.07e-04      1.19e-01    1.01e-01    7.5e-08
  53460      1.30e-01    1.69e-01      7.34e-05    1.62e-03      1.26e-01    1.62e-01    7.5e-08
  53514      1.91e-01    1.07e-01      9.40e-04    9.87e-04      1.84e-01    1.03e-01    7.5e-08
  53568      1.43e-01    1.39e-01      2.67e-03    1.12e-03      1.36e-01    1.34e-01    7.5e-08
  53622      1.88e-01    1.07e-01      3.43e-04    1.01e-03      1.81e-01    1.03e-01    7.5e-08
  53676      1.55e-01    1.44e-01      2.92e-04    1.23e-03      1.49e-01    1.38e-01    7.5e-08
  53730      1.30e-01    1.51e-01      2.37e-04    2.02e-03      1.25e-01    1.44e-01    7.5e-08
  53784      1.36e-01    1.56e-01      1.03e-03    7.88e-04      1.30e-01    1.50e-01    7.5e-08
  53838      1.46e-01    1.15e-01      5.67e-04    8.78e-04      1.41e-01    1.11e-01    7.5e-08
  53892      1.25e-01    1.04e-01      6.37e-04    7.88e-04      1.21e-01    9.97e-02    7.5e-08
  53946      2.07e-01    1.03e-01      1.36e-03    1.03e-03      1.99e-01    9.93e-02    7.5e-08
  54000      1.56e-01    1.51e-01      8.62e-04    1.29e-03      1.50e-01    1.45e-01    7.5e-08
